Log file open, 04/17/23 00:06:24
LogWindows: Failed to load 'aqProf.dll' (GetLastError=126)
LogWindows: File 'aqProf.dll' does not exist
LogWindows: Failed to load 'VtuneApi.dll' (GetLastError=126)
LogWindows: File 'VtuneApi.dll' does not exist
LogWindows: Failed to load 'VtuneApi32e.dll' (GetLastError=126)
LogWindows: File 'VtuneApi32e.dll' does not exist
LogConsoleResponse: Display: Failed to find resolution value strings in scalability ini. Falling back to default.
LogConsoleResponse: Display: Failed to find resolution value strings in scalability ini. Falling back to default.
LogInit: Display: Running engine for game: MyProject
LogPlatformFile: Not using cached read wrapper
LogTaskGraph: Started task graph with 5 named threads and 59 total threads with 3 sets of task threads.
LogStats: Stats thread started at 0.172254
LogICUInternationalization: ICU TimeZone Detection - Raw Offset: +3:00, Platform Override: ''
LogInit: Display: Loading text-based GConfig....
LogPluginManager: Mounting plugin MeshPainting
LogPluginManager: Mounting plugin XGEController
LogPluginManager: Mounting plugin Paper2D
LogPluginManager: Mounting plugin AISupport
LogPluginManager: Mounting plugin EnvironmentQueryEditor
LogPluginManager: Mounting plugin LightPropagationVolume
LogPluginManager: Mounting plugin LiveLink
LogPluginManager: Mounting plugin CameraShakePreviewer
LogPluginManager: Mounting plugin GameplayCameras
LogPluginManager: Mounting plugin AnimationSharing
LogPluginManager: Mounting plugin CodeLiteSourceCodeAccess
LogPluginManager: Mounting plugin GitSourceControl
LogPluginManager: Mounting plugin KDevelopSourceCodeAccess
LogPluginManager: Mounting plugin NullSourceCodeAccess
LogPluginManager: Mounting plugin PerforceSourceControl
LogPluginManager: Mounting plugin PixWinPlugin
LogPluginManager: Mounting plugin CLionSourceCodeAccess
LogPluginManager: Mounting plugin PlasticSourceControl
LogPluginManager: Mounting plugin PluginUtils
LogPluginManager: Mounting plugin RiderSourceCodeAccess
LogPluginManager: Mounting plugin PropertyAccessNode
LogPluginManager: Mounting plugin TextureFormatOodle
LogPluginManager: Mounting plugin AssetManagerEditor
LogPluginManager: Mounting plugin UObjectPlugin
LogPluginManager: Mounting plugin CryptoKeys
LogPluginManager: Mounting plugin VisualStudioSourceCodeAccess
LogPluginManager: Mounting plugin SubversionSourceControl
LogPluginManager: Mounting plugin VisualStudioCodeSourceCodeAccess
LogPluginManager: Mounting plugin XCodeSourceCodeAccess
LogPluginManager: Mounting plugin CurveEditorTools
LogPluginManager: Mounting plugin DataValidation
LogPluginManager: Mounting plugin FacialAnimation
LogPluginManager: Mounting plugin GeometryMode
LogPluginManager: Mounting plugin GameplayTagsEditor
LogPluginManager: Mounting plugin MacGraphicsSwitching
LogPluginManager: Mounting plugin MobileLauncherProfileWizard
LogPluginManager: Mounting plugin SpeedTreeImporter
LogPluginManager: Mounting plugin MaterialAnalyzer
LogPluginManager: Mounting plugin OodleData
LogPluginManager: Mounting plugin OodleNetwork
LogPluginManager: Mounting plugin DatasmithContent
LogPluginManager: Mounting plugin Niagara
LogPluginManager: Mounting plugin VariantManagerContent
LogPluginManager: Mounting plugin AlembicImporter
LogPluginManager: Mounting plugin AutomationUtils
LogPluginManager: Mounting plugin BackChannel
LogPluginManager: Mounting plugin ChaosCloth
LogPluginManager: Mounting plugin ChaosEditor
LogPluginManager: Mounting plugin ChaosNiagara
LogPluginManager: Mounting plugin ChaosClothEditor
LogPluginManager: Mounting plugin ChaosSolverPlugin
LogPluginManager: Mounting plugin CharacterAI
LogPluginManager: Mounting plugin PluginBrowser
LogPluginManager: Mounting plugin GeometryCache
LogPluginManager: Mounting plugin GeometryCollectionPlugin
LogPluginManager: Mounting plugin MotoSynth
LogPluginManager: Mounting plugin OpenImageDenoise
LogPluginManager: Mounting plugin PlanarCut
LogPluginManager: Mounting plugin PlatformCrypto
LogPluginManager: Mounting plugin ProxyLODPlugin
LogPluginManager: Mounting plugin PythonScriptPlugin
LogPluginManager: Mounting plugin SkeletalReduction
LogPluginManager: Mounting plugin LuminPlatformFeatures
LogPluginManager: Mounting plugin MagicLeap
LogPluginManager: Mounting plugin MagicLeapLightEstimation
LogPluginManager: Mounting plugin MagicLeapMedia
LogPluginManager: Mounting plugin MagicLeapPassableWorld
LogPluginManager: Mounting plugin AndroidMedia
LogPluginManager: Mounting plugin MLSDK
LogPluginManager: Mounting plugin AvfMedia
LogPluginManager: Mounting plugin GeometryProcessing
LogPluginManager: Mounting plugin MediaCompositing
LogPluginManager: Mounting plugin ImgMedia
LogPluginManager: Mounting plugin WebMMedia
LogPluginManager: Mounting plugin TcpMessaging
LogPluginManager: Mounting plugin WmfMedia
LogPluginManager: Mounting plugin UdpMessaging
LogPluginManager: Mounting plugin MediaPlayerEditor
LogPluginManager: Mounting plugin OnlineSubsystem
LogPluginManager: Mounting plugin OnlineSubsystemNull
LogPluginManager: Mounting plugin OnlineSubsystemUtils
LogPluginManager: Mounting plugin LauncherChunkInstaller
LogPluginManager: Mounting plugin AndroidDeviceProfileSelector
LogPluginManager: Mounting plugin ActorLayerUtilities
LogPluginManager: Mounting plugin AndroidMoviePlayer
LogPluginManager: Mounting plugin AndroidPermission
LogPluginManager: Mounting plugin ArchVisCharacter
LogPluginManager: Mounting plugin AppleImageUtils
LogPluginManager: Mounting plugin AppleMoviePlayer
LogPluginManager: Mounting plugin AudioSynesthesia
LogPluginManager: Mounting plugin ChunkDownloader
LogPluginManager: Mounting plugin CableComponent
LogPluginManager: Mounting plugin CustomMeshComponent
LogPluginManager: Mounting plugin ExampleDeviceProfileSelector
LogPluginManager: Mounting plugin ActorSequence
LogPluginManager: Mounting plugin GoogleCloudMessaging
LogPluginManager: Mounting plugin GooglePAD
LogPluginManager: Mounting plugin MatineeToLevelSequence
LogPluginManager: Mounting plugin AudioCapture
LogPluginManager: Mounting plugin TemplateSequence
LogPluginManager: Mounting plugin IOSDeviceProfileSelector
LogPluginManager: Mounting plugin AssetTags
LogPluginManager: Mounting plugin LocationServicesBPLibrary
LogPluginManager: Mounting plugin LinuxDeviceProfileSelector
LogPluginManager: Mounting plugin LevelSequenceEditor
LogPluginManager: Mounting plugin EditableMesh
LogPluginManager: Mounting plugin OpenXRHandTracking
LogPluginManager: Mounting plugin MobilePatchingUtils
LogPluginManager: Mounting plugin PhysXVehicles
LogPluginManager: Mounting plugin PostSplashScreen
LogPluginManager: Mounting plugin ProceduralMeshComponent
LogPluginManager: Mounting plugin PropertyAccessEditor
LogPluginManager: Mounting plugin RuntimePhysXCooking
LogPluginManager: Mounting plugin SignificanceManager
LogPluginManager: Mounting plugin SoundFields
LogPluginManager: Mounting plugin OpenXREyeTracker
LogPluginManager: Mounting plugin OpenXR
LogPluginManager: Mounting plugin Synthesis
LogPluginManager: Mounting plugin WebMMoviePlayer
LogPluginManager: Mounting plugin WindowsMoviePlayer
LogPluginManager: Mounting plugin ScreenshotTools
LogPluginManager: Mounting plugin Takes
LogPluginManager: Mounting plugin ContentBrowserAssetDataSource
LogPluginManager: Mounting plugin ContentBrowserClassDataSource
LogPluginManager: Mounting plugin ContentBrowserFileDataSource
LogPluginManager: Mounting plugin OnlineSubsystemGooglePlay
LogPluginManager: Mounting plugin OnlineSubsystemIOS
LogPluginManager: Mounting plugin OculusVR
LogPluginManager: Mounting plugin SteamVR
PixWinPlugin: PIX capture plugin failed to initialize! Check that the process is launched from PIX.
LogInit: Using libcurl 7.55.1-DEV
LogInit:  - built for x86_64-pc-win32
LogInit:  - supports SSL with OpenSSL/1.1.1
LogInit:  - supports HTTP deflate (compression) using libz 1.2.8
LogInit:  - other features:
LogInit:      CURL_VERSION_SSL
LogInit:      CURL_VERSION_LIBZ
LogInit:      CURL_VERSION_IPV6
LogInit:      CURL_VERSION_ASYNCHDNS
LogInit:      CURL_VERSION_LARGEFILE
LogInit:      CURL_VERSION_IDN
LogInit:  CurlRequestOptions (configurable via config and command line):
LogInit:  - bVerifyPeer = true  - Libcurl will verify peer certificate
LogInit:  - bUseHttpProxy = false  - Libcurl will NOT use HTTP proxy
LogInit:  - bDontReuseConnections = false  - Libcurl will reuse connections
LogInit:  - MaxHostConnections = 16  - Libcurl will limit the number of connections to a host
LogInit:  - LocalHostAddr = Default
LogInit:  - BufferSize = 65536
LogOnline: OSS: Creating online subsystem instance for: NULL
LogInit: WinSock: version 1.1 (2.2), MaxSocks=32767, MaxUdp=65467
LogOnline: OSS: TryLoadSubsystemAndSetDefault: Loaded subsystem for module [NULL]
LogOculusPluginWrapper: OculusPlugin initialized successfully
LogHMD: Failed initializing OVRPlugin 1.59.0
LogInit: Build: ++UE4+Release-4.27-CL-18319896
LogInit: Engine Version: 4.27.2-18319896+++UE4+Release-4.27
LogInit: Compatible Engine Version: 4.27.0-17155196+++UE4+Release-4.27
LogInit: Net CL: 17155196
LogInit: OS: Windows 10 (Release 2009) (), CPU: 12th Gen Intel(R) Core(TM) i7-12700F, GPU: AMD Radeon RX 6600 XT
LogInit: Compiled (64-bit): Nov 30 2021 07:12:08
LogInit: Compiled with Visual C++: 19.24.28315.00
LogInit: Build Configuration: Development
LogInit: Branch Name: ++UE4+Release-4.27
LogInit: Command Line:  -EpicPortal -epicusername=Xbad_mmojoX -epicuserid=97dac3277b7846eab20db3af46cd9f7c -epiclocale=ru -epicsandboxid=ue
LogInit: Base Directory: E:/UnrealEngine/UE_4.27/Engine/Binaries/Win64/
LogInit: Allocator: TBB
LogInit: Installed Engine Build: 1
LogDevObjectVersion: Number of dev versions registered: 29
LogDevObjectVersion:   Dev-Blueprints (B0D832E4-1F89-4F0D-ACCF-7EB736FD4AA2): 10
LogDevObjectVersion:   Dev-Build (E1C64328-A22C-4D53-A36C-8E866417BD8C): 0
LogDevObjectVersion:   Dev-Core (375EC13C-06E4-48FB-B500-84F0262A717E): 4
LogDevObjectVersion:   Dev-Editor (E4B068ED-F494-42E9-A231-DA0B2E46BB41): 40
LogDevObjectVersion:   Dev-Framework (CFFC743F-43B0-4480-9391-14DF171D2073): 37
LogDevObjectVersion:   Dev-Mobile (B02B49B5-BB20-44E9-A304-32B752E40360): 3
LogDevObjectVersion:   Dev-Networking (A4E4105C-59A1-49B5-A7C5-40C4547EDFEE): 0
LogDevObjectVersion:   Dev-Online (39C831C9-5AE6-47DC-9A44-9C173E1C8E7C): 0
LogDevObjectVersion:   Dev-Physics (78F01B33-EBEA-4F98-B9B4-84EACCB95AA2): 14
LogDevObjectVersion:   Dev-Platform (6631380F-2D4D-43E0-8009-CF276956A95A): 0
LogDevObjectVersion:   Dev-Rendering (12F88B9F-8875-4AFC-A67C-D90C383ABD29): 45
LogDevObjectVersion:   Dev-Sequencer (7B5AE74C-D270-4C10-A958-57980B212A5A): 13
LogDevObjectVersion:   Dev-VR (D7296918-1DD6-4BDD-9DE2-64A83CC13884): 3
LogDevObjectVersion:   Dev-LoadTimes (C2A15278-BFE7-4AFE-6C17-90FF531DF755): 1
LogDevObjectVersion:   Private-Geometry (6EACA3D4-40EC-4CC1-B786-8BED09428FC5): 3
LogDevObjectVersion:   Dev-AnimPhys (29E575DD-E0A3-4627-9D10-D276232CDCEA): 17
LogDevObjectVersion:   Dev-Anim (AF43A65D-7FD3-4947-9873-3E8ED9C1BB05): 15
LogDevObjectVersion:   Dev-ReflectionCapture (6B266CEC-1EC7-4B8F-A30B-E4D90942FC07): 1
LogDevObjectVersion:   Dev-Automation (0DF73D61-A23F-47EA-B727-89E90C41499A): 1
LogDevObjectVersion:   FortniteMain (601D1886-AC64-4F84-AA16-D3DE0DEAC7D6): 47
LogDevObjectVersion:   FortniteRelease (E7086368-6B23-4C58-8439-1B7016265E91): 1
LogDevObjectVersion:   Dev-Enterprise (9DFFBCD6-494F-0158-E221-12823C92A888): 10
LogDevObjectVersion:   Dev-Niagara (F2AED0AC-9AFE-416F-8664-AA7FFA26D6FC): 1
LogDevObjectVersion:   Dev-Destruction (174F1F0B-B4C6-45A5-B13F-2EE8D0FB917D): 10
LogDevObjectVersion:   Dev-Physics-Ext (35F94A83-E258-406C-A318-09F59610247C): 41
LogDevObjectVersion:   Dev-PhysicsMaterial-Chaos (B68FC16E-8B1B-42E2-B453-215C058844FE): 1
LogDevObjectVersion:   Dev-CineCamera (B2E18506-4273-CFC2-A54E-F4BB758BBA07): 1
LogDevObjectVersion:   Dev-VirtualProduction (64F58936-FD1B-42BA-BA96-7289D5D0FA4E): 1
LogDevObjectVersion:   Dev-MediaFramework (6F0ED827-A609-4895-9C91-998D90180EA4): 2
LogInit: Presizing for max 25165824 objects, including 0 objects not considered by GC, pre-allocating 0 bytes for permanent pool.
LogConfig: Applying CVar settings from Section [/Script/Engine.StreamingSettings] File [C:/Users/shelk/OneDrive/Documents/Unreal Projects/MyProject/Saved/Config/Windows/Engine.ini]
LogConfig: Setting CVar [[s.MinBulkDataSizeForAsyncLoading:131072]]
LogConfig: Setting CVar [[s.AsyncLoadingThreadEnabled:0]]
LogConfig: Setting CVar [[s.EventDrivenLoaderEnabled:1]]
LogConfig: Setting CVar [[s.WarnIfTimeLimitExceeded:0]]
LogConfig: Setting CVar [[s.TimeLimitExceededMultiplier:1.5]]
LogConfig: Setting CVar [[s.TimeLimitExceededMinTime:0.005]]
LogConfig: Setting CVar [[s.UseBackgroundLevelStreaming:1]]
LogConfig: Setting CVar [[s.PriorityAsyncLoadingExtraTime:15.0]]
LogConfig: Setting CVar [[s.LevelStreamingActorsUpdateTimeLimit:5.0]]
LogConfig: Setting CVar [[s.PriorityLevelStreamingActorsUpdateExtraTime:5.0]]
LogConfig: Setting CVar [[s.LevelStreamingComponentsRegistrationGranularity:10]]
LogConfig: Setting CVar [[s.UnregisterComponentsTimeLimit:1.0]]
LogConfig: Setting CVar [[s.LevelStreamingComponentsUnregistrationGranularity:5]]
LogConfig: Setting CVar [[s.FlushStreamingOnExit:1]]
LogInit: Object subsystem initialized
LogConfig: Setting CVar [[con.DebugEarlyDefault:1]]
LogConfig: Setting CVar [[r.setres:1280x720]]
[2023.04.16-21.06.25:133][  0]LogConfig: Setting CVar [[r.VSync:0]]
[2023.04.16-21.06.25:133][  0]LogConfig: Setting CVar [[r.RHICmdBypass:0]]
[2023.04.16-21.06.25:133][  0]LogConfig: Applying CVar settings from Section [/Script/Engine.RendererSettings] File [C:/Users/shelk/OneDrive/Documents/Unreal Projects/MyProject/Saved/Config/Windows/Engine.ini]
[2023.04.16-21.06.25:133][  0]LogConfig: Setting CVar [[r.GPUCrashDebugging:0]]
[2023.04.16-21.06.25:133][  0]LogConfig: Applying CVar settings from Section [/Script/Engine.RendererOverrideSettings] File [C:/Users/shelk/OneDrive/Documents/Unreal Projects/MyProject/Saved/Config/Windows/Engine.ini]
[2023.04.16-21.06.25:133][  0]LogConfig: Applying CVar settings from Section [/Script/Engine.StreamingSettings] File [C:/Users/shelk/OneDrive/Documents/Unreal Projects/MyProject/Saved/Config/Windows/Engine.ini]
[2023.04.16-21.06.25:133][  0]LogConfig: Setting CVar [[s.MinBulkDataSizeForAsyncLoading:131072]]
[2023.04.16-21.06.25:133][  0]LogConfig: Setting CVar [[s.AsyncLoadingThreadEnabled:0]]
[2023.04.16-21.06.25:133][  0]LogConfig: Setting CVar [[s.EventDrivenLoaderEnabled:1]]
[2023.04.16-21.06.25:133][  0]LogConfig: Setting CVar [[s.WarnIfTimeLimitExceeded:0]]
[2023.04.16-21.06.25:133][  0]LogConfig: Setting CVar [[s.TimeLimitExceededMultiplier:1.5]]
[2023.04.16-21.06.25:133][  0]LogConfig: Setting CVar [[s.TimeLimitExceededMinTime:0.005]]
[2023.04.16-21.06.25:133][  0]LogConfig: Setting CVar [[s.UseBackgroundLevelStreaming:1]]
[2023.04.16-21.06.25:133][  0]LogConfig: Setting CVar [[s.PriorityAsyncLoadingExtraTime:15.0]]
[2023.04.16-21.06.25:133][  0]LogConfig: Setting CVar [[s.LevelStreamingActorsUpdateTimeLimit:5.0]]
[2023.04.16-21.06.25:133][  0]LogConfig: Setting CVar [[s.PriorityLevelStreamingActorsUpdateExtraTime:5.0]]
[2023.04.16-21.06.25:133][  0]LogConfig: Setting CVar [[s.LevelStreamingComponentsRegistrationGranularity:10]]
[2023.04.16-21.06.25:133][  0]LogConfig: Setting CVar [[s.UnregisterComponentsTimeLimit:1.0]]
[2023.04.16-21.06.25:133][  0]LogConfig: Setting CVar [[s.LevelStreamingComponentsUnregistrationGranularity:5]]
[2023.04.16-21.06.25:133][  0]LogConfig: Setting CVar [[s.FlushStreamingOnExit:1]]
[2023.04.16-21.06.25:133][  0]LogConfig: Applying CVar settings from Section [/Script/Engine.GarbageCollectionSettings] File [C:/Users/shelk/OneDrive/Documents/Unreal Projects/MyProject/Saved/Config/Windows/Engine.ini]
[2023.04.16-21.06.25:133][  0]LogConfig: Setting CVar [[gc.MaxObjectsNotConsideredByGC:1]]
[2023.04.16-21.06.25:133][  0]LogConfig: Setting CVar [[gc.SizeOfPermanentObjectPool:0]]
[2023.04.16-21.06.25:133][  0]LogConfig: Setting CVar [[gc.FlushStreamingOnGC:0]]
[2023.04.16-21.06.25:133][  0]LogConfig: Setting CVar [[gc.NumRetriesBeforeForcingGC:10]]
[2023.04.16-21.06.25:133][  0]LogConfig: Setting CVar [[gc.AllowParallelGC:1]]
[2023.04.16-21.06.25:133][  0]LogConfig: Setting CVar [[gc.TimeBetweenPurgingPendingKillObjects:61.1]]
[2023.04.16-21.06.25:133][  0]LogConfig: Setting CVar [[gc.MaxObjectsInEditor:25165824]]
[2023.04.16-21.06.25:133][  0]LogConfig: Setting CVar [[gc.IncrementalBeginDestroyEnabled:1]]
[2023.04.16-21.06.25:133][  0]LogConfig: Setting CVar [[gc.CreateGCClusters:1]]
[2023.04.16-21.06.25:133][  0]LogConfig: Setting CVar [[gc.MinGCClusterSize:5]]
[2023.04.16-21.06.25:133][  0]LogConfig: Setting CVar [[gc.ActorClusteringEnabled:0]]
[2023.04.16-21.06.25:133][  0]LogConfig: Setting CVar [[gc.BlueprintClusteringEnabled:0]]
[2023.04.16-21.06.25:133][  0]LogConfig: Setting CVar [[gc.UseDisregardForGCOnDedicatedServers:0]]
[2023.04.16-21.06.25:133][  0]LogConfig: Setting CVar [[gc.MultithreadedDestructionEnabled:1]]
[2023.04.16-21.06.25:133][  0]LogConfig: Applying CVar settings from Section [/Script/Engine.NetworkSettings] File [C:/Users/shelk/OneDrive/Documents/Unreal Projects/MyProject/Saved/Config/Windows/Engine.ini]
[2023.04.16-21.06.25:133][  0]LogConfig: Applying CVar settings from Section [/Script/UnrealEd.CookerSettings] File [C:/Users/shelk/OneDrive/Documents/Unreal Projects/MyProject/Saved/Config/Windows/Engine.ini]
[2023.04.16-21.06.25:139][  0]LogConfig: Applying CVar settings from Section [ViewDistanceQuality@3] File [C:/Users/shelk/OneDrive/Documents/Unreal Projects/MyProject/Saved/Config/Windows/Scalability.ini]
[2023.04.16-21.06.25:139][  0]LogConfig: Setting CVar [[r.SkeletalMeshLODBias:0]]
[2023.04.16-21.06.25:139][  0]LogConfig: Setting CVar [[r.ViewDistanceScale:1.0]]
[2023.04.16-21.06.25:139][  0]LogConfig: Applying CVar settings from Section [AntiAliasingQuality@3] File [C:/Users/shelk/OneDrive/Documents/Unreal Projects/MyProject/Saved/Config/Windows/Scalability.ini]
[2023.04.16-21.06.25:139][  0]LogConfig: Setting CVar [[r.PostProcessAAQuality:4]]
[2023.04.16-21.06.25:139][  0]LogConfig: Applying CVar settings from Section [ShadowQuality@3] File [C:/Users/shelk/OneDrive/Documents/Unreal Projects/MyProject/Saved/Config/Windows/Scalability.ini]
[2023.04.16-21.06.25:139][  0]LogConfig: Setting CVar [[r.LightFunctionQuality:1]]
[2023.04.16-21.06.25:139][  0]LogConfig: Setting CVar [[r.ShadowQuality:5]]
[2023.04.16-21.06.25:139][  0]LogConfig: Setting CVar [[r.Shadow.CSM.MaxCascades:10]]
[2023.04.16-21.06.25:139][  0]LogConfig: Setting CVar [[r.Shadow.MaxResolution:2048]]
[2023.04.16-21.06.25:139][  0]LogConfig: Setting CVar [[r.Shadow.MaxCSMResolution:2048]]
[2023.04.16-21.06.25:139][  0]LogConfig: Setting CVar [[r.Shadow.RadiusThreshold:0.01]]
[2023.04.16-21.06.25:139][  0]LogConfig: Setting CVar [[r.Shadow.DistanceScale:1.0]]
[2023.04.16-21.06.25:139][  0]LogConfig: Setting CVar [[r.Shadow.CSM.TransitionScale:1.0]]
[2023.04.16-21.06.25:139][  0]LogConfig: Setting CVar [[r.Shadow.PreShadowResolutionFactor:1.0]]
[2023.04.16-21.06.25:139][  0]LogConfig: Setting CVar [[r.DistanceFieldShadowing:1]]
[2023.04.16-21.06.25:139][  0]LogConfig: Setting CVar [[r.DistanceFieldAO:1]]
[2023.04.16-21.06.25:139][  0]LogConfig: Setting CVar [[r.AOQuality:2]]
[2023.04.16-21.06.25:139][  0]LogConfig: Setting CVar [[r.VolumetricFog:1]]
[2023.04.16-21.06.25:139][  0]LogConfig: Setting CVar [[r.VolumetricFog.GridPixelSize:8]]
[2023.04.16-21.06.25:139][  0]LogConfig: Setting CVar [[r.VolumetricFog.GridSizeZ:128]]
[2023.04.16-21.06.25:139][  0]LogConfig: Setting CVar [[r.VolumetricFog.HistoryMissSupersampleCount:4]]
[2023.04.16-21.06.25:139][  0]LogConfig: Setting CVar [[r.LightMaxDrawDistanceScale:1]]
[2023.04.16-21.06.25:139][  0]LogConfig: Setting CVar [[r.CapsuleShadows:1]]
[2023.04.16-21.06.25:139][  0]LogConfig: Applying CVar settings from Section [PostProcessQuality@3] File [C:/Users/shelk/OneDrive/Documents/Unreal Projects/MyProject/Saved/Config/Windows/Scalability.ini]
[2023.04.16-21.06.25:140][  0]LogConfig: Setting CVar [[r.MotionBlurQuality:4]]
[2023.04.16-21.06.25:140][  0]LogConfig: Setting CVar [[r.AmbientOcclusionMipLevelFactor:0.4]]
[2023.04.16-21.06.25:140][  0]LogConfig: Setting CVar [[r.AmbientOcclusionMaxQuality:100]]
[2023.04.16-21.06.25:140][  0]LogConfig: Setting CVar [[r.AmbientOcclusionLevels:-1]]
[2023.04.16-21.06.25:140][  0]LogConfig: Setting CVar [[r.AmbientOcclusionRadiusScale:1.0]]
[2023.04.16-21.06.25:140][  0]LogConfig: Setting CVar [[r.DepthOfFieldQuality:2]]
[2023.04.16-21.06.25:140][  0]LogConfig: Setting CVar [[r.RenderTargetPoolMin:400]]
[2023.04.16-21.06.25:140][  0]LogConfig: Setting CVar [[r.LensFlareQuality:2]]
[2023.04.16-21.06.25:140][  0]LogConfig: Setting CVar [[r.SceneColorFringeQuality:1]]
[2023.04.16-21.06.25:140][  0]LogConfig: Setting CVar [[r.EyeAdaptationQuality:2]]
[2023.04.16-21.06.25:140][  0]LogConfig: Setting CVar [[r.BloomQuality:5]]
[2023.04.16-21.06.25:140][  0]LogConfig: Setting CVar [[r.FastBlurThreshold:100]]
[2023.04.16-21.06.25:140][  0]LogConfig: Setting CVar [[r.Upscale.Quality:3]]
[2023.04.16-21.06.25:140][  0]LogConfig: Setting CVar [[r.Tonemapper.GrainQuantization:1]]
[2023.04.16-21.06.25:140][  0]LogConfig: Setting CVar [[r.LightShaftQuality:1]]
[2023.04.16-21.06.25:140][  0]LogConfig: Setting CVar [[r.Filter.SizeScale:1]]
[2023.04.16-21.06.25:140][  0]LogConfig: Setting CVar [[r.Tonemapper.Quality:5]]
[2023.04.16-21.06.25:140][  0]LogConfig: Setting CVar [[r.DOF.Gather.AccumulatorQuality:1        ; higher gathering accumulator quality]]
[2023.04.16-21.06.25:140][  0]LogConfig: Setting CVar [[r.DOF.Gather.PostfilterMethod:1          ; Median3x3 postfilering method]]
[2023.04.16-21.06.25:140][  0]LogConfig: Setting CVar [[r.DOF.Gather.EnableBokehSettings:0       ; no bokeh simulation when gathering]]
[2023.04.16-21.06.25:140][  0]LogConfig: Setting CVar [[r.DOF.Gather.RingCount:4                 ; medium number of samples when gathering]]
[2023.04.16-21.06.25:140][  0]LogConfig: Setting CVar [[r.DOF.Scatter.ForegroundCompositing:1    ; additive foreground scattering]]
[2023.04.16-21.06.25:140][  0]LogConfig: Setting CVar [[r.DOF.Scatter.BackgroundCompositing:2    ; additive background scattering]]
[2023.04.16-21.06.25:140][  0]LogConfig: Setting CVar [[r.DOF.Scatter.EnableBokehSettings:1      ; bokeh simulation when scattering]]
[2023.04.16-21.06.25:140][  0]LogConfig: Setting CVar [[r.DOF.Scatter.MaxSpriteRatio:0.1         ; only a maximum of 10% of scattered bokeh]]
[2023.04.16-21.06.25:140][  0]LogConfig: Setting CVar [[r.DOF.Recombine.Quality:1                ; cheap slight out of focus]]
[2023.04.16-21.06.25:140][  0]LogConfig: Setting CVar [[r.DOF.Recombine.EnableBokehSettings:0    ; no bokeh simulation on slight out of focus]]
[2023.04.16-21.06.25:140][  0]LogConfig: Setting CVar [[r.DOF.TemporalAAQuality:1                ; more stable temporal accumulation]]
[2023.04.16-21.06.25:140][  0]LogConfig: Setting CVar [[r.DOF.Kernel.MaxForegroundRadius:0.025]]
[2023.04.16-21.06.25:140][  0]LogConfig: Setting CVar [[r.DOF.Kernel.MaxBackgroundRadius:0.025]]
[2023.04.16-21.06.25:140][  0]LogConfig: Applying CVar settings from Section [TextureQuality@3] File [C:/Users/shelk/OneDrive/Documents/Unreal Projects/MyProject/Saved/Config/Windows/Scalability.ini]
[2023.04.16-21.06.25:140][  0]LogConfig: Setting CVar [[r.Streaming.MipBias:0]]
[2023.04.16-21.06.25:140][  0]LogConfig: Setting CVar [[r.Streaming.AmortizeCPUToGPUCopy:0]]
[2023.04.16-21.06.25:140][  0]LogConfig: Setting CVar [[r.Streaming.MaxNumTexturesToStreamPerFrame:0]]
[2023.04.16-21.06.25:140][  0]LogConfig: Setting CVar [[r.Streaming.Boost:1]]
[2023.04.16-21.06.25:140][  0]LogConfig: Setting CVar [[r.MaxAnisotropy:8]]
[2023.04.16-21.06.25:140][  0]LogConfig: Setting CVar [[r.VT.MaxAnisotropy:8]]
[2023.04.16-21.06.25:140][  0]LogConfig: Setting CVar [[r.Streaming.LimitPoolSizeToVRAM:0]]
[2023.04.16-21.06.25:140][  0]LogConfig: Setting CVar [[r.Streaming.PoolSize:1000]]
[2023.04.16-21.06.25:140][  0]LogConfig: Setting CVar [[r.Streaming.MaxEffectiveScreenSize:0]]
[2023.04.16-21.06.25:140][  0]LogConfig: Applying CVar settings from Section [EffectsQuality@3] File [C:/Users/shelk/OneDrive/Documents/Unreal Projects/MyProject/Saved/Config/Windows/Scalability.ini]
[2023.04.16-21.06.25:140][  0]LogConfig: Setting CVar [[r.TranslucencyLightingVolumeDim:64]]
[2023.04.16-21.06.25:140][  0]LogConfig: Setting CVar [[r.RefractionQuality:2]]
[2023.04.16-21.06.25:140][  0]LogConfig: Setting CVar [[r.SSR.Quality:3]]
[2023.04.16-21.06.25:140][  0]LogConfig: Setting CVar [[r.SSR.HalfResSceneColor:0]]
[2023.04.16-21.06.25:140][  0]LogConfig: Setting CVar [[r.SceneColorFormat:4]]
[2023.04.16-21.06.25:140][  0]LogConfig: Setting CVar [[r.DetailMode:2]]
[2023.04.16-21.06.25:140][  0]LogConfig: Setting CVar [[r.TranslucencyVolumeBlur:1]]
[2023.04.16-21.06.25:140][  0]LogConfig: Setting CVar [[r.MaterialQualityLevel:1 ; High quality]]
[2023.04.16-21.06.25:140][  0]LogConfig: Setting CVar [[r.AnisotropicMaterials:1]]
[2023.04.16-21.06.25:140][  0]LogConfig: Setting CVar [[r.SSS.Scale:1]]
[2023.04.16-21.06.25:140][  0]LogConfig: Setting CVar [[r.SSS.SampleSet:2]]
[2023.04.16-21.06.25:140][  0]LogConfig: Setting CVar [[r.SSS.Quality:1]]
[2023.04.16-21.06.25:140][  0]LogConfig: Setting CVar [[r.SSS.HalfRes:0]]
[2023.04.16-21.06.25:140][  0]LogConfig: Setting CVar [[r.SSGI.Quality:3]]
[2023.04.16-21.06.25:140][  0]LogConfig: Setting CVar [[r.EmitterSpawnRateScale:1.0]]
[2023.04.16-21.06.25:140][  0]LogConfig: Setting CVar [[r.ParticleLightQuality:2]]
[2023.04.16-21.06.25:140][  0]LogConfig: Setting CVar [[r.SkyAtmosphere.AerialPerspectiveLUT.FastApplyOnOpaque:1 ; Always have FastSkyLUT 1 in this case to avoid wrong sky]]
[2023.04.16-21.06.25:140][  0]LogConfig: Setting CVar [[r.SkyAtmosphere.AerialPerspectiveLUT.SampleCountMaxPerSlice:4]]
[2023.04.16-21.06.25:140][  0]LogConfig: Setting CVar [[r.SkyAtmosphere.AerialPerspectiveLUT.DepthResolution:16.0]]
[2023.04.16-21.06.25:140][  0]LogConfig: Setting CVar [[r.SkyAtmosphere.FastSkyLUT:1]]
[2023.04.16-21.06.25:140][  0]LogConfig: Setting CVar [[r.SkyAtmosphere.FastSkyLUT.SampleCountMin:4.0]]
[2023.04.16-21.06.25:140][  0]LogConfig: Setting CVar [[r.SkyAtmosphere.FastSkyLUT.SampleCountMax:128.0]]
[2023.04.16-21.06.25:140][  0]LogConfig: Setting CVar [[r.SkyAtmosphere.SampleCountMin:4.0]]
[2023.04.16-21.06.25:140][  0]LogConfig: Setting CVar [[r.SkyAtmosphere.SampleCountMax:128.0]]
[2023.04.16-21.06.25:140][  0]LogConfig: Setting CVar [[r.SkyAtmosphere.TransmittanceLUT.UseSmallFormat:0]]
[2023.04.16-21.06.25:140][  0]LogConfig: Setting CVar [[r.SkyAtmosphere.TransmittanceLUT.SampleCount:10.0]]
[2023.04.16-21.06.25:140][  0]LogConfig: Setting CVar [[r.SkyAtmosphere.MultiScatteringLUT.SampleCount:15.0]]
[2023.04.16-21.06.25:140][  0]LogConfig: Setting CVar [[r.SkyLight.RealTimeReflectionCapture:1]]
[2023.04.16-21.06.25:140][  0]LogConfig: Applying CVar settings from Section [FoliageQuality@3] File [C:/Users/shelk/OneDrive/Documents/Unreal Projects/MyProject/Saved/Config/Windows/Scalability.ini]
[2023.04.16-21.06.25:140][  0]LogConfig: Setting CVar [[foliage.DensityScale:1.0]]
[2023.04.16-21.06.25:140][  0]LogConfig: Setting CVar [[grass.DensityScale:1.0]]
[2023.04.16-21.06.25:140][  0]LogConfig: Applying CVar settings from Section [ShadingQuality@3] File [C:/Users/shelk/OneDrive/Documents/Unreal Projects/MyProject/Saved/Config/Windows/Scalability.ini]
[2023.04.16-21.06.25:140][  0]LogConfig: Setting CVar [[r.HairStrands.SkyLighting.IntegrationType:2]]
[2023.04.16-21.06.25:140][  0]LogConfig: Setting CVar [[r.HairStrands.SkyAO.SampleCount:4]]
[2023.04.16-21.06.25:140][  0]LogConfig: Setting CVar [[r.HairStrands.Visibility.MSAA.SamplePerPixel:4]]
[2023.04.16-21.06.25:140][  0]LogInit: Selected Device Profile: [Windows]
[2023.04.16-21.06.25:140][  0]LogInit: Applying CVar settings loaded from the selected device profile: [Windows]
[2023.04.16-21.06.25:140][  0]LogHAL: Display: Platform has ~ 64 GB [68553232384 / 68719476736 / 64], which maps to Largest [LargestMinGB=32, LargerMinGB=12, DefaultMinGB=8, SmallerMinGB=6, SmallestMinGB=0)
[2023.04.16-21.06.25:140][  0]LogInit: Going up to parent DeviceProfile []
[2023.04.16-21.06.25:140][  0]LogConfig: Applying CVar settings from Section [ViewDistanceQuality@3] File [C:/Users/shelk/OneDrive/Documents/Unreal Projects/MyProject/Saved/Config/Windows/Scalability.ini]
[2023.04.16-21.06.25:140][  0]LogConfig: Setting CVar [[r.SkeletalMeshLODBias:0]]
[2023.04.16-21.06.25:140][  0]LogConfig: Setting CVar [[r.ViewDistanceScale:1.0]]
[2023.04.16-21.06.25:140][  0]LogConfig: Applying CVar settings from Section [AntiAliasingQuality@3] File [C:/Users/shelk/OneDrive/Documents/Unreal Projects/MyProject/Saved/Config/Windows/Scalability.ini]
[2023.04.16-21.06.25:140][  0]LogConfig: Setting CVar [[r.PostProcessAAQuality:4]]
[2023.04.16-21.06.25:140][  0]LogConfig: Applying CVar settings from Section [ShadowQuality@3] File [C:/Users/shelk/OneDrive/Documents/Unreal Projects/MyProject/Saved/Config/Windows/Scalability.ini]
[2023.04.16-21.06.25:140][  0]LogConfig: Setting CVar [[r.LightFunctionQuality:1]]
[2023.04.16-21.06.25:140][  0]LogConfig: Setting CVar [[r.ShadowQuality:5]]
[2023.04.16-21.06.25:140][  0]LogConfig: Setting CVar [[r.Shadow.CSM.MaxCascades:10]]
[2023.04.16-21.06.25:140][  0]LogConfig: Setting CVar [[r.Shadow.MaxResolution:2048]]
[2023.04.16-21.06.25:140][  0]LogConfig: Setting CVar [[r.Shadow.MaxCSMResolution:2048]]
[2023.04.16-21.06.25:140][  0]LogConfig: Setting CVar [[r.Shadow.RadiusThreshold:0.01]]
[2023.04.16-21.06.25:140][  0]LogConfig: Setting CVar [[r.Shadow.DistanceScale:1.0]]
[2023.04.16-21.06.25:140][  0]LogConfig: Setting CVar [[r.Shadow.CSM.TransitionScale:1.0]]
[2023.04.16-21.06.25:140][  0]LogConfig: Setting CVar [[r.Shadow.PreShadowResolutionFactor:1.0]]
[2023.04.16-21.06.25:140][  0]LogConfig: Setting CVar [[r.DistanceFieldShadowing:1]]
[2023.04.16-21.06.25:140][  0]LogConfig: Setting CVar [[r.DistanceFieldAO:1]]
[2023.04.16-21.06.25:140][  0]LogConfig: Setting CVar [[r.AOQuality:2]]
[2023.04.16-21.06.25:140][  0]LogConfig: Setting CVar [[r.VolumetricFog:1]]
[2023.04.16-21.06.25:140][  0]LogConfig: Setting CVar [[r.VolumetricFog.GridPixelSize:8]]
[2023.04.16-21.06.25:140][  0]LogConfig: Setting CVar [[r.VolumetricFog.GridSizeZ:128]]
[2023.04.16-21.06.25:140][  0]LogConfig: Setting CVar [[r.VolumetricFog.HistoryMissSupersampleCount:4]]
[2023.04.16-21.06.25:140][  0]LogConfig: Setting CVar [[r.LightMaxDrawDistanceScale:1]]
[2023.04.16-21.06.25:140][  0]LogConfig: Setting CVar [[r.CapsuleShadows:1]]
[2023.04.16-21.06.25:140][  0]LogConfig: Applying CVar settings from Section [PostProcessQuality@3] File [C:/Users/shelk/OneDrive/Documents/Unreal Projects/MyProject/Saved/Config/Windows/Scalability.ini]
[2023.04.16-21.06.25:140][  0]LogConfig: Setting CVar [[r.MotionBlurQuality:4]]
[2023.04.16-21.06.25:140][  0]LogConfig: Setting CVar [[r.AmbientOcclusionMipLevelFactor:0.4]]
[2023.04.16-21.06.25:140][  0]LogConfig: Setting CVar [[r.AmbientOcclusionMaxQuality:100]]
[2023.04.16-21.06.25:140][  0]LogConfig: Setting CVar [[r.AmbientOcclusionLevels:-1]]
[2023.04.16-21.06.25:140][  0]LogConfig: Setting CVar [[r.AmbientOcclusionRadiusScale:1.0]]
[2023.04.16-21.06.25:140][  0]LogConfig: Setting CVar [[r.DepthOfFieldQuality:2]]
[2023.04.16-21.06.25:140][  0]LogConfig: Setting CVar [[r.RenderTargetPoolMin:400]]
[2023.04.16-21.06.25:140][  0]LogConfig: Setting CVar [[r.LensFlareQuality:2]]
[2023.04.16-21.06.25:140][  0]LogConfig: Setting CVar [[r.SceneColorFringeQuality:1]]
[2023.04.16-21.06.25:140][  0]LogConfig: Setting CVar [[r.EyeAdaptationQuality:2]]
[2023.04.16-21.06.25:140][  0]LogConfig: Setting CVar [[r.BloomQuality:5]]
[2023.04.16-21.06.25:140][  0]LogConfig: Setting CVar [[r.FastBlurThreshold:100]]
[2023.04.16-21.06.25:140][  0]LogConfig: Setting CVar [[r.Upscale.Quality:3]]
[2023.04.16-21.06.25:140][  0]LogConfig: Setting CVar [[r.Tonemapper.GrainQuantization:1]]
[2023.04.16-21.06.25:140][  0]LogConfig: Setting CVar [[r.LightShaftQuality:1]]
[2023.04.16-21.06.25:140][  0]LogConfig: Setting CVar [[r.Filter.SizeScale:1]]
[2023.04.16-21.06.25:140][  0]LogConfig: Setting CVar [[r.Tonemapper.Quality:5]]
[2023.04.16-21.06.25:140][  0]LogConfig: Setting CVar [[r.DOF.Gather.AccumulatorQuality:1        ; higher gathering accumulator quality]]
[2023.04.16-21.06.25:140][  0]LogConfig: Setting CVar [[r.DOF.Gather.PostfilterMethod:1          ; Median3x3 postfilering method]]
[2023.04.16-21.06.25:140][  0]LogConfig: Setting CVar [[r.DOF.Gather.EnableBokehSettings:0       ; no bokeh simulation when gathering]]
[2023.04.16-21.06.25:140][  0]LogConfig: Setting CVar [[r.DOF.Gather.RingCount:4                 ; medium number of samples when gathering]]
[2023.04.16-21.06.25:140][  0]LogConfig: Setting CVar [[r.DOF.Scatter.ForegroundCompositing:1    ; additive foreground scattering]]
[2023.04.16-21.06.25:140][  0]LogConfig: Setting CVar [[r.DOF.Scatter.BackgroundCompositing:2    ; additive background scattering]]
[2023.04.16-21.06.25:140][  0]LogConfig: Setting CVar [[r.DOF.Scatter.EnableBokehSettings:1      ; bokeh simulation when scattering]]
[2023.04.16-21.06.25:140][  0]LogConfig: Setting CVar [[r.DOF.Scatter.MaxSpriteRatio:0.1         ; only a maximum of 10% of scattered bokeh]]
[2023.04.16-21.06.25:140][  0]LogConfig: Setting CVar [[r.DOF.Recombine.Quality:1                ; cheap slight out of focus]]
[2023.04.16-21.06.25:140][  0]LogConfig: Setting CVar [[r.DOF.Recombine.EnableBokehSettings:0    ; no bokeh simulation on slight out of focus]]
[2023.04.16-21.06.25:140][  0]LogConfig: Setting CVar [[r.DOF.TemporalAAQuality:1                ; more stable temporal accumulation]]
[2023.04.16-21.06.25:140][  0]LogConfig: Setting CVar [[r.DOF.Kernel.MaxForegroundRadius:0.025]]
[2023.04.16-21.06.25:140][  0]LogConfig: Setting CVar [[r.DOF.Kernel.MaxBackgroundRadius:0.025]]
[2023.04.16-21.06.25:140][  0]LogConfig: Applying CVar settings from Section [TextureQuality@3] File [C:/Users/shelk/OneDrive/Documents/Unreal Projects/MyProject/Saved/Config/Windows/Scalability.ini]
[2023.04.16-21.06.25:140][  0]LogConfig: Setting CVar [[r.Streaming.MipBias:0]]
[2023.04.16-21.06.25:140][  0]LogConfig: Setting CVar [[r.Streaming.AmortizeCPUToGPUCopy:0]]
[2023.04.16-21.06.25:140][  0]LogConfig: Setting CVar [[r.Streaming.MaxNumTexturesToStreamPerFrame:0]]
[2023.04.16-21.06.25:140][  0]LogConfig: Setting CVar [[r.Streaming.Boost:1]]
[2023.04.16-21.06.25:140][  0]LogConfig: Setting CVar [[r.MaxAnisotropy:8]]
[2023.04.16-21.06.25:140][  0]LogConfig: Setting CVar [[r.VT.MaxAnisotropy:8]]
[2023.04.16-21.06.25:140][  0]LogConfig: Setting CVar [[r.Streaming.LimitPoolSizeToVRAM:0]]
[2023.04.16-21.06.25:140][  0]LogConfig: Setting CVar [[r.Streaming.PoolSize:1000]]
[2023.04.16-21.06.25:140][  0]LogConfig: Setting CVar [[r.Streaming.MaxEffectiveScreenSize:0]]
[2023.04.16-21.06.25:140][  0]LogConfig: Applying CVar settings from Section [EffectsQuality@3] File [C:/Users/shelk/OneDrive/Documents/Unreal Projects/MyProject/Saved/Config/Windows/Scalability.ini]
[2023.04.16-21.06.25:141][  0]LogConfig: Setting CVar [[r.TranslucencyLightingVolumeDim:64]]
[2023.04.16-21.06.25:141][  0]LogConfig: Setting CVar [[r.RefractionQuality:2]]
[2023.04.16-21.06.25:141][  0]LogConfig: Setting CVar [[r.SSR.Quality:3]]
[2023.04.16-21.06.25:141][  0]LogConfig: Setting CVar [[r.SSR.HalfResSceneColor:0]]
[2023.04.16-21.06.25:141][  0]LogConfig: Setting CVar [[r.SceneColorFormat:4]]
[2023.04.16-21.06.25:141][  0]LogConfig: Setting CVar [[r.DetailMode:2]]
[2023.04.16-21.06.25:141][  0]LogConfig: Setting CVar [[r.TranslucencyVolumeBlur:1]]
[2023.04.16-21.06.25:141][  0]LogConfig: Setting CVar [[r.MaterialQualityLevel:1 ; High quality]]
[2023.04.16-21.06.25:141][  0]LogConfig: Setting CVar [[r.AnisotropicMaterials:1]]
[2023.04.16-21.06.25:141][  0]LogConfig: Setting CVar [[r.SSS.Scale:1]]
[2023.04.16-21.06.25:141][  0]LogConfig: Setting CVar [[r.SSS.SampleSet:2]]
[2023.04.16-21.06.25:141][  0]LogConfig: Setting CVar [[r.SSS.Quality:1]]
[2023.04.16-21.06.25:141][  0]LogConfig: Setting CVar [[r.SSS.HalfRes:0]]
[2023.04.16-21.06.25:141][  0]LogConfig: Setting CVar [[r.SSGI.Quality:3]]
[2023.04.16-21.06.25:141][  0]LogConfig: Setting CVar [[r.EmitterSpawnRateScale:1.0]]
[2023.04.16-21.06.25:141][  0]LogConfig: Setting CVar [[r.ParticleLightQuality:2]]
[2023.04.16-21.06.25:141][  0]LogConfig: Setting CVar [[r.SkyAtmosphere.AerialPerspectiveLUT.FastApplyOnOpaque:1 ; Always have FastSkyLUT 1 in this case to avoid wrong sky]]
[2023.04.16-21.06.25:141][  0]LogConfig: Setting CVar [[r.SkyAtmosphere.AerialPerspectiveLUT.SampleCountMaxPerSlice:4]]
[2023.04.16-21.06.25:141][  0]LogConfig: Setting CVar [[r.SkyAtmosphere.AerialPerspectiveLUT.DepthResolution:16.0]]
[2023.04.16-21.06.25:141][  0]LogConfig: Setting CVar [[r.SkyAtmosphere.FastSkyLUT:1]]
[2023.04.16-21.06.25:141][  0]LogConfig: Setting CVar [[r.SkyAtmosphere.FastSkyLUT.SampleCountMin:4.0]]
[2023.04.16-21.06.25:141][  0]LogConfig: Setting CVar [[r.SkyAtmosphere.FastSkyLUT.SampleCountMax:128.0]]
[2023.04.16-21.06.25:141][  0]LogConfig: Setting CVar [[r.SkyAtmosphere.SampleCountMin:4.0]]
[2023.04.16-21.06.25:141][  0]LogConfig: Setting CVar [[r.SkyAtmosphere.SampleCountMax:128.0]]
[2023.04.16-21.06.25:141][  0]LogConfig: Setting CVar [[r.SkyAtmosphere.TransmittanceLUT.UseSmallFormat:0]]
[2023.04.16-21.06.25:141][  0]LogConfig: Setting CVar [[r.SkyAtmosphere.TransmittanceLUT.SampleCount:10.0]]
[2023.04.16-21.06.25:141][  0]LogConfig: Setting CVar [[r.SkyAtmosphere.MultiScatteringLUT.SampleCount:15.0]]
[2023.04.16-21.06.25:141][  0]LogConfig: Setting CVar [[r.SkyLight.RealTimeReflectionCapture:1]]
[2023.04.16-21.06.25:141][  0]LogConfig: Applying CVar settings from Section [FoliageQuality@3] File [C:/Users/shelk/OneDrive/Documents/Unreal Projects/MyProject/Saved/Config/Windows/Scalability.ini]
[2023.04.16-21.06.25:141][  0]LogConfig: Setting CVar [[foliage.DensityScale:1.0]]
[2023.04.16-21.06.25:141][  0]LogConfig: Setting CVar [[grass.DensityScale:1.0]]
[2023.04.16-21.06.25:141][  0]LogConfig: Applying CVar settings from Section [ShadingQuality@3] File [C:/Users/shelk/OneDrive/Documents/Unreal Projects/MyProject/Saved/Config/Windows/Scalability.ini]
[2023.04.16-21.06.25:141][  0]LogConfig: Setting CVar [[r.HairStrands.SkyLighting.IntegrationType:2]]
[2023.04.16-21.06.25:141][  0]LogConfig: Setting CVar [[r.HairStrands.SkyAO.SampleCount:4]]
[2023.04.16-21.06.25:141][  0]LogConfig: Setting CVar [[r.HairStrands.Visibility.MSAA.SamplePerPixel:4]]
[2023.04.16-21.06.25:141][  0]LogConfig: Applying CVar settings from Section [Startup] File [../../../Engine/Config/ConsoleVariables.ini]
[2023.04.16-21.06.25:141][  0]LogConfig: Setting CVar [[net.UseAdaptiveNetUpdateFrequency:0]]
[2023.04.16-21.06.25:141][  0]LogConfig: Setting CVar [[p.chaos.AllowCreatePhysxBodies:1]]
[2023.04.16-21.06.25:141][  0]LogConfig: Setting CVar [[fx.SkipVectorVMBackendOptimizations:1]]
[2023.04.16-21.06.25:141][  0]LogConfig: Applying CVar settings from Section [ConsoleVariables] File [C:/Users/shelk/OneDrive/Documents/Unreal Projects/MyProject/Saved/Config/Windows/Engine.ini]
[2023.04.16-21.06.25:141][  0]LogConfig: Applying CVar settings from Section [ConsoleVariables] File [C:/Users/shelk/OneDrive/Documents/Unreal Projects/MyProject/Saved/Config/Windows/Editor.ini]
[2023.04.16-21.06.25:141][  0]LogInit: Computer: XBADMOJOX
[2023.04.16-21.06.25:141][  0]LogInit: User: shelk
[2023.04.16-21.06.25:141][  0]LogInit: CPU Page size=4096, Cores=12
[2023.04.16-21.06.25:141][  0]LogInit: High frequency timer resolution =10.000000 MHz
[2023.04.16-21.06.25:141][  0]LogMemory: Memory total: Physical=63.8GB (64GB approx)
[2023.04.16-21.06.25:141][  0]LogMemory: Platform Memory Stats for Windows
[2023.04.16-21.06.25:141][  0]LogMemory: Process Physical Memory: 148.03 MB used, 148.03 MB peak
[2023.04.16-21.06.25:141][  0]LogMemory: Process Virtual Memory: 122.85 MB used, 122.85 MB peak
[2023.04.16-21.06.25:141][  0]LogMemory: Physical Memory: 13129.19 MB used,  52248.27 MB free, 65377.46 MB total
[2023.04.16-21.06.25:141][  0]LogMemory: Virtual Memory: 134165552.00 MB used,  52174.56 MB free, 134217728.00 MB total
[2023.04.16-21.06.25:144][  0]LogWindows: WindowsPlatformFeatures enabled
[2023.04.16-21.06.25:159][  0]LogInit: Physics initialised using underlying interface: PhysX
[2023.04.16-21.06.25:159][  0]LogInit: Using OS detected language (ru-RU).
[2023.04.16-21.06.25:159][  0]LogInit: Using OS detected locale (ru-RU).
[2023.04.16-21.06.25:160][  0]LogTextLocalizationManager: No specific localization for 'ru-RU' exists, so the 'ru' localization will be used.
[2023.04.16-21.06.25:161][  0]LogTextLocalizationResource: LocRes '../../../Engine/Content/Localization/Editor/ru/Editor.locres' could not be opened for reading!
[2023.04.16-21.06.25:161][  0]LogTextLocalizationResource: LocRes '../../../Engine/Content/Localization/EditorTutorials/ru/EditorTutorials.locres' could not be opened for reading!
[2023.04.16-21.06.25:161][  0]LogTextLocalizationResource: LocRes '../../../Engine/Content/Localization/Keywords/ru/Keywords.locres' could not be opened for reading!
[2023.04.16-21.06.25:161][  0]LogTextLocalizationResource: LocRes '../../../Engine/Content/Localization/Category/ru/Category.locres' could not be opened for reading!
[2023.04.16-21.06.25:161][  0]LogTextLocalizationResource: LocRes '../../../Engine/Content/Localization/ToolTips/ru/ToolTips.locres' could not be opened for reading!
[2023.04.16-21.06.25:161][  0]LogTextLocalizationResource: LocRes '../../../Engine/Content/Localization/PropertyNames/ru/PropertyNames.locres' could not be opened for reading!
[2023.04.16-21.06.25:161][  0]LogTextLocalizationResource: LocRes '../../../Engine/Content/Localization/Engine/ru/Engine.locres' could not be opened for reading!
[2023.04.16-21.06.25:161][  0]LogInit: Setting process to per monitor DPI aware
[2023.04.16-21.06.25:169][  0]LogWindowsTextInputMethodSystem: Display: IME system deactivated.
[2023.04.16-21.06.25:176][  0]LogSlate: New Slate User Created.  User Index 0, Is Virtual User: 0
[2023.04.16-21.06.25:176][  0]LogSlate: Slate User Registered.  User Index 0, Is Virtual User: 0
[2023.04.16-21.06.25:233][  0]LogD3D11RHI: Loaded GFSDK_Aftermath_Lib.x64.dll
[2023.04.16-21.06.25:236][  0]LogHMD: Failed to initialize OpenVR with code 110
[2023.04.16-21.06.25:236][  0]LogD3D11RHI: D3D11 min allowed feature level: 11_0
[2023.04.16-21.06.25:236][  0]LogD3D11RHI: D3D11 max allowed feature level: 11_0
[2023.04.16-21.06.25:236][  0]LogD3D11RHI: D3D11 adapters:
[2023.04.16-21.06.25:270][  0]LogD3D11RHI:    0. 'AMD Radeon RX 6600 XT' (Feature Level 11_0)
[2023.04.16-21.06.25:270][  0]LogD3D11RHI:       8147/0/32688 MB DedicatedVideo/DedicatedSystem/SharedSystem, Outputs:1, VendorId:0x1002
[2023.04.16-21.06.25:272][  0]LogD3D11RHI:    1. 'Microsoft Basic Render Driver' (Feature Level 11_0)
[2023.04.16-21.06.25:272][  0]LogD3D11RHI:       0/0/32688 MB DedicatedVideo/DedicatedSystem/SharedSystem, Outputs:0, VendorId:0x1414
[2023.04.16-21.06.25:272][  0]LogD3D11RHI: Chosen D3D11 Adapter:
[2023.04.16-21.06.25:272][  0]LogD3D11RHI:     Description : AMD Radeon RX 6600 XT
[2023.04.16-21.06.25:272][  0]LogD3D11RHI:     VendorId    : 1002
[2023.04.16-21.06.25:272][  0]LogD3D11RHI:     DeviceId    : 73ff
[2023.04.16-21.06.25:272][  0]LogD3D11RHI:     SubSysId    : 2412148c
[2023.04.16-21.06.25:272][  0]LogD3D11RHI:     Revision    : 00c1
[2023.04.16-21.06.25:272][  0]LogD3D11RHI:     DedicatedVideoMemory : 8543391744 bytes
[2023.04.16-21.06.25:272][  0]LogD3D11RHI:     DedicatedSystemMemory : 0 bytes
[2023.04.16-21.06.25:272][  0]LogD3D11RHI:     SharedSystemMemory : 34276616192 bytes
[2023.04.16-21.06.25:272][  0]LogD3D11RHI:     AdapterLuid : 0 60912
[2023.04.16-21.06.25:276][  0]LogD3D11RHI: Creating new Direct3DDevice
[2023.04.16-21.06.25:276][  0]LogD3D11RHI:     GPU DeviceId: 0x73ff (for the marketing name, search the web for "GPU Device Id")
[2023.04.16-21.06.25:276][  0]LogWindows: EnumDisplayDevices:
[2023.04.16-21.06.25:276][  0]LogWindows:    0. 'AMD Radeon RX 6600 XT' (P:1 D:1)
[2023.04.16-21.06.25:276][  0]LogWindows:    1. 'AMD Radeon RX 6600 XT' (P:0 D:0)
[2023.04.16-21.06.25:277][  0]LogWindows:    2. 'AMD Radeon RX 6600 XT' (P:0 D:0)
[2023.04.16-21.06.25:277][  0]LogWindows:    3. 'AMD Radeon RX 6600 XT' (P:0 D:0)
[2023.04.16-21.06.25:277][  0]LogWindows:    4. 'AMD Radeon RX 6600 XT' (P:0 D:0)
[2023.04.16-21.06.25:277][  0]LogWindows:    5. 'AMD Radeon RX 6600 XT' (P:0 D:0)
[2023.04.16-21.06.25:277][  0]LogWindows:    6. 'AMD Radeon RX 6600 XT' (P:0 D:0)
[2023.04.16-21.06.25:277][  0]LogWindows: DebugString: FoundDriverCount:7 
[2023.04.16-21.06.25:277][  0]LogD3D11RHI:     Adapter Name: AMD Radeon RX 6600 XT
[2023.04.16-21.06.25:277][  0]LogD3D11RHI:   Driver Version: Adrenalin 21.20.16 (internal:27.20.22016.2, unified:27.20.22016.2)
[2023.04.16-21.06.25:277][  0]LogD3D11RHI:      Driver Date: 7-6-2021
[2023.04.16-21.06.25:277][  0]LogRHI: Texture pool is 5165 MB (70% of 7379 MB)
[2023.04.16-21.06.25:289][  0]LogD3D11RHI: Creating D3DDevice with AMD AGS, using adapter:
[2023.04.16-21.06.25:289][  0]LogD3D11RHI:     Description : AMD Radeon RX 6600 XT
[2023.04.16-21.06.25:289][  0]LogD3D11RHI:     VendorId    : 1002
[2023.04.16-21.06.25:289][  0]LogD3D11RHI:     DeviceId    : 73ff
[2023.04.16-21.06.25:289][  0]LogD3D11RHI:     SubSysId    : 2412148c
[2023.04.16-21.06.25:289][  0]LogD3D11RHI:     Revision    : 00c1
[2023.04.16-21.06.25:289][  0]LogD3D11RHI:     DedicatedVideoMemory : 8543391744 bytes
[2023.04.16-21.06.25:289][  0]LogD3D11RHI:     DedicatedSystemMemory : 0 bytes
[2023.04.16-21.06.25:289][  0]LogD3D11RHI:     SharedSystemMemory : 34276616192 bytes
[2023.04.16-21.06.25:289][  0]LogD3D11RHI:     AdapterLuid : 0 60912
[2023.04.16-21.06.25:318][  0]LogD3D11RHI: Created device via AGS, feature level 11_0, supported extensions 1fffffbf.
[2023.04.16-21.06.25:318][  0]LogD3D11RHI: RHI has support for 64 bit atomics
[2023.04.16-21.06.25:318][  0]LogD3D11RHI: Async texture creation enabled
[2023.04.16-21.06.25:318][  0]LogD3D11RHI: Array index from any shader is supported
[2023.04.16-21.06.25:318][  0]LogD3D11RHI: HDR output is supported on display 0 (AMD Device: 0x0, Display: 0x0).
[2023.04.16-21.06.25:333][  0]LogD3D11RHI: GPU Timing Frequency: 100.000000 (Debug: 2 1)
[2023.04.16-21.06.25:520][  0]LogTargetPlatformManager: Display: Loaded TargetPlatform 'AllDesktop'
[2023.04.16-21.06.25:533][  0]LogTargetPlatformManager: Display: Loaded TargetPlatform 'Android'
[2023.04.16-21.06.25:533][  0]LogTargetPlatformManager: Display: Loaded TargetPlatform 'Android_ASTC'
[2023.04.16-21.06.25:533][  0]LogTargetPlatformManager: Display: Loaded TargetPlatform 'Android_DXT'
[2023.04.16-21.06.25:533][  0]LogTargetPlatformManager: Display: Loaded TargetPlatform 'Android_ETC2'
[2023.04.16-21.06.25:533][  0]LogTargetPlatformManager: Display: Loaded TargetPlatform 'AndroidClient'
[2023.04.16-21.06.25:533][  0]LogTargetPlatformManager: Display: Loaded TargetPlatform 'Android_ASTCClient'
[2023.04.16-21.06.25:533][  0]LogTargetPlatformManager: Display: Loaded TargetPlatform 'Android_DXTClient'
[2023.04.16-21.06.25:533][  0]LogTargetPlatformManager: Display: Loaded TargetPlatform 'Android_ETC2Client'
[2023.04.16-21.06.25:533][  0]LogTargetPlatformManager: Display: Loaded TargetPlatform 'Android_Multi'
[2023.04.16-21.06.25:533][  0]LogTargetPlatformManager: Display: Loaded TargetPlatform 'Android_MultiClient'
[2023.04.16-21.06.25:545][  0]LogTargetPlatformManager: Display: Loaded TargetPlatform 'IOSClient'
[2023.04.16-21.06.25:545][  0]LogTargetPlatformManager: Display: Loaded TargetPlatform 'IOS'
[2023.04.16-21.06.25:551][  0]LogTargetPlatformManager: Display: Loaded TargetPlatform 'Linux'
[2023.04.16-21.06.25:554][  0]LogTargetPlatformManager: Display: Loaded TargetPlatform 'LinuxNoEditor'
[2023.04.16-21.06.25:556][  0]LogTargetPlatformManager: Display: Loaded TargetPlatform 'LinuxClient'
[2023.04.16-21.06.25:559][  0]LogTargetPlatformManager: Display: Loaded TargetPlatform 'LinuxServer'
[2023.04.16-21.06.25:565][  0]LogTargetPlatformManager: Display: Loaded TargetPlatform 'LinuxAArch64NoEditor'
[2023.04.16-21.06.25:568][  0]LogTargetPlatformManager: Display: Loaded TargetPlatform 'LinuxAArch64Client'
[2023.04.16-21.06.25:571][  0]LogTargetPlatformManager: Display: Loaded TargetPlatform 'LinuxAArch64Server'
[2023.04.16-21.06.25:583][  0]LogTargetPlatformManager: Display: Loaded TargetPlatform 'Lumin'
[2023.04.16-21.06.25:583][  0]LogTargetPlatformManager: Display: Loaded TargetPlatform 'LuminClient'
[2023.04.16-21.06.25:589][  0]LogTargetPlatformManager: Display: Loaded TargetPlatform 'MacNoEditor'
[2023.04.16-21.06.25:593][  0]LogTargetPlatformManager: Display: Loaded TargetPlatform 'Mac'
[2023.04.16-21.06.25:595][  0]LogTargetPlatformManager: Display: Loaded TargetPlatform 'MacClient'
[2023.04.16-21.06.25:598][  0]LogTargetPlatformManager: Display: Loaded TargetPlatform 'MacServer'
[2023.04.16-21.06.25:603][  0]LogTargetPlatformManager: Display: Loaded TargetPlatform 'TVOSClient'
[2023.04.16-21.06.25:603][  0]LogTargetPlatformManager: Display: Loaded TargetPlatform 'TVOS'
[2023.04.16-21.06.25:609][  0]LogTargetPlatformManager: Display: Loaded TargetPlatform 'WindowsNoEditor'
[2023.04.16-21.06.25:612][  0]LogTargetPlatformManager: Display: Loaded TargetPlatform 'Windows'
[2023.04.16-21.06.25:615][  0]LogTargetPlatformManager: Display: Loaded TargetPlatform 'WindowsClient'
[2023.04.16-21.06.25:618][  0]LogTargetPlatformManager: Display: Loaded TargetPlatform 'WindowsServer'
[2023.04.16-21.06.25:618][  0]LogTargetPlatformManager: Display: Building Assets For Windows
[2023.04.16-21.06.25:622][  0]LogAudioDebug: Display: Lib vorbis DLL was dynamically loaded.
[2023.04.16-21.06.25:641][  0]LogTextureFormatOodle: Display: Oodle Texture 2.9.0 init RDO Off
[2023.04.16-21.06.25:661][  0]LogRendererCore: Ray tracing is disabled. Reason: r.RayTracing=0.
[2023.04.16-21.06.25:662][  0]LogShaderCompilers: Guid format shader working directory is -13 characters bigger than the processId version (C:/Users/shelk/OneDrive/Documents/Unreal Projects/MyProject/Intermediate/Shaders/WorkingDirectory/9968/).
[2023.04.16-21.06.25:662][  0]LogShaderCompilers: Cleaned the shader compiler working directory 'C:/Users/shelk/AppData/Local/Temp/UnrealShaderWorkingDir/770B278149E8909C5CBC28AF7C287AF0/'.
[2023.04.16-21.06.25:662][  0]LogXGEController: Cannot use XGE Controller as Incredibuild is not installed on this machine.
[2023.04.16-21.06.25:662][  0]LogShaderCompilers: Cannot use XGE Shader Compiler as Incredibuild is not installed on this machine.
[2023.04.16-21.06.25:662][  0]LogShaderCompilers: Display: Using Local Shader Compiler.
[2023.04.16-21.06.26:162][  0]LogDerivedDataCache: Display: Max Cache Size: 512 MB
[2023.04.16-21.06.26:202][  0]LogDerivedDataCache: Loaded boot cache 0.04s 94MB C:/Users/shelk/AppData/Local/UnrealEngine/4.27/DerivedDataCache/Boot.ddc.
[2023.04.16-21.06.26:202][  0]LogDerivedDataCache: Display: Loaded Boot cache: C:/Users/shelk/AppData/Local/UnrealEngine/4.27/DerivedDataCache/Boot.ddc
[2023.04.16-21.06.26:202][  0]LogDerivedDataCache: FDerivedDataBackendGraph:  Pak pak cache file C:/Users/shelk/OneDrive/Documents/Unreal Projects/MyProject/DerivedDataCache/DDC.ddp not found, will not use a pak cache.
[2023.04.16-21.06.26:202][  0]LogDerivedDataCache: Unable to find inner node Pak for hierarchical cache Hierarchy.
[2023.04.16-21.06.26:202][  0]LogDerivedDataCache: FDerivedDataBackendGraph:  CompressedPak pak cache file C:/Users/shelk/OneDrive/Documents/Unreal Projects/MyProject/DerivedDataCache/Compressed.ddp not found, will not use a pak cache.
[2023.04.16-21.06.26:202][  0]LogDerivedDataCache: Unable to find inner node CompressedPak for hierarchical cache Hierarchy.
[2023.04.16-21.06.26:215][  0]LogDerivedDataCache: Display: Pak cache opened for reading ../../../Engine/DerivedDataCache/Compressed.ddp.
[2023.04.16-21.06.26:215][  0]LogDerivedDataCache: FDerivedDataBackendGraph:  EnterprisePak pak cache file ../../../Enterprise/DerivedDataCache/Compressed.ddp not found, will not use a pak cache.
[2023.04.16-21.06.26:215][  0]LogDerivedDataCache: Unable to find inner node EnterprisePak for hierarchical cache Hierarchy.
[2023.04.16-21.06.26:219][  0]LogDerivedDataCache: Speed tests for C:/Users/shelk/AppData/Local/UnrealEngine/Common/DerivedDataCache took 0.00 seconds
[2023.04.16-21.06.26:219][  0]LogDerivedDataCache: Display: Performance to C:/Users/shelk/AppData/Local/UnrealEngine/Common/DerivedDataCache: Latency=0.02ms. RandomReadSpeed=2115.33MBs, RandomWriteSpeed=289.40MBs. Assigned SpeedClass 'Local'
[2023.04.16-21.06.26:219][  0]LogDerivedDataCache: Using Local data cache path C:/Users/shelk/AppData/Local/UnrealEngine/Common/DerivedDataCache: Writable
[2023.04.16-21.06.26:219][  0]LogDerivedDataCache: Shared data cache path not found in *engine.ini, will not use an Shared cache.
[2023.04.16-21.06.26:219][  0]LogDerivedDataCache: Unable to find inner node Shared for hierarchical cache Hierarchy.
[2023.04.16-21.06.26:248][  0]LogSlate: Using FreeType 2.10.0
[2023.04.16-21.06.26:249][  0]LogSlate: SlateFontServices - WITH_FREETYPE: 1, WITH_HARFBUZZ: 1
[2023.04.16-21.06.26:267][  0]LogAssetRegistry: FAssetRegistry took 0.0017 seconds to start up
[2023.04.16-21.06.26:401][  0]LogInit: Selected Device Profile: [Windows]
[2023.04.16-21.06.26:401][  0]LogInit: Active device profile: [000001CC2A518900][000001CC1CCD07C0 49] Windows
[2023.04.16-21.06.26:401][  0]LogInit: Profiles: [000001CC2A518900][000001CC1CCD07C0 49] Windows, [000001CC2A4EB800][000001CC1CCD4900 49] WindowsNoEditor, [000001CC2A51B500][000001CC28E54A80 49] WindowsServer, [000001CC2A4E8E00][000001CC28E58C00 49] WindowsClient, [000001CC2A51B800][000001CC28E5CD80 49] IOS, [000001CC2A4EA800][000001CC28E60F00 49] iPadAir, [000001CC2A51A000][000001CC28E65080 49] iPadAir2, [000001CC2A484A00][000001CC28E6D340 49] IPadPro, [000001CC2A484B00][000001CC28E69380 49] iPadAir3, [000001CC2A4E9700][000001CC28E71500 49] iPadAir4, [000001CC2A487400][000001CC28E75680 49] iPadMini2, [000001CC2A4EAA00][000001CC28E79800 49] iPadMini3, [000001CC2A485700][000001CC28E7D980 49] iPadMini4, [000001CC2A518F00][000001CC28E81B00 49] iPadMini5, [000001CC2A4A4300][000001CC28E88240 49] iPhone6, [000001CC2A4A4400][000001CC28E84280 49] iPodTouch6, [000001CC2A487600][000001CC28E90540 49] iPhone7, [000001CC2A485800][000001CC28E8C580 49] iPodTouch7, [000001CC2A4A7F00][000001CC28E94700 49] iPhone5S, [000001CC2A4EA300][000001CC28E50840 49] iPhone6Plus, [000001CC2A484200][000001CC28E98980 49] iPhone6S, [000001CC2A4EA200][000001CC28E9CAC0 49] iPhone6SPlus, [000001CC2A487C00][000001CC28EA4C40 49] iPhone7Plus, [000001CC2A4EBD00][000001CC28EA8DC0 49] iPhoneSE, [000001CC2A487500][000001CC28EACF40 49] iPhone8, [000001CC2A4E9E00][000001CC28EB10C0 49] iPhone8Plus, [000001CC2A486600][000001CC28EB5240 49] iPhoneX, [000001CC2A4EA500][000001CC28EB93C0 49] iPhoneXS, [000001CC2A486000][000001CC28EBD540 49] iPhoneXSMax, [000001CC2A4EBA00][000001CC28EC16C0 49] iPhoneXR, [000001CC2A487700][000001CC28EC5840 49] iPhone11, [000001CC2A4E8D00][000001CC28EC99C0 49] iPhone11Pro, [000001CC2A487800][000001CC28ECDB40 49] iPhone11ProMax, [000001CC2A4E8F00][000001CC28ED0140 49] iPhoneSE2, [000001CC2A486E00][000001CC28ED42C0 49] iPhone12Mini, [000001CC2A4EA700][000001CC28ED8440 49] iPhone12, [000001CC2A485100][000001CC28EDC5C0 49] iPhone12Pro, [000001CC2A4EB600][000001CC2A0AE740 49] iPhone12ProMax, [000001CC2A486300][000001CC2A0B28C0 49] iPadPro105, [000001CC2A4E8C00][000001CC28EA0A00 49] iPadPro129, [000001CC2A487300][000001CC2A0B6B40 49] iPadPro97, [000001CC2A4E9F00][000001CC2A0BAC80 49] iPadPro2_129, [000001CC2A485400][000001CC2A0BEDC0 49] iPad5, [000001CC2A4EB400][000001CC2A0C6F40 49] iPad6, [000001CC2A487100][000001CC2A0CB0C0 49] iPad7, [000001CC2A4E9A00][000001CC2A0CF240 49] iPad8, [000001CC2A486800][000001CC2A0D33C0 49] iPadPro11, [000001CC2A4E9B00][000001CC2A0D7540 49] iPadPro2_11, [000001CC2A485B00][000001CC2A0DB6C0 49] iPadPro3_129, [000001CC2A4EB900][000001CC2A0DF840 49] iPadPro4_129, [000001CC2A485500][000001CC2A0E39C0 49] AppleTV, [000001CC2A4EA000][000001CC2A0E7B40 49] AppleTV4K, [000001CC2A484100][000001CC2A0EA140 49] TVOS, [000001CC2A4EA600][000001CC2A0EE2C0 49] Mac, [000001CC2A486700][000001CC2A0F2440 49] MacClient, [000001CC2A4EAF00][000001CC2A0F65C0 49] MacNoEditor, [000001CC2A487900][000001CC2A0FA740 49] MacServer, [000001CC2A4EB500][000001CC2A0FE8C0 49] Linux, [000001CC2A486200][000001CC2A102A40 49] LinuxAArch64, [000001CC2A4E8B00][000001CC2A0C2B80 49] LinuxNoEditor, [000001CC2A487B00][000001CC2A106CC0 49] LinuxAArch64NoEditor, [000001CC2A4E8100][000001CC2A10AE00 49] LinuxClient, [000001CC2A485D00][000001CC2A10EF40 49] LinuxAArch64Client, [000001CC2A4E9600][000001CC2A1170C0 49] LinuxServer, [000001CC2A486100][000001CC2A11B240 49] LinuxAArch64Server, [000001CC2A4E9300][000001CC2A11F3C0 49] Android, [000001CC2A484500][000001CC2A123540 49] Android_Low, [000001CC2A4EAB00][000001CC2A1276C0 49] Android_Mid, [000001CC2A51BA00][000001CC2A12B840 49] Android_High, [000001CC2A4A5C00][000001CC2A12F9C0 49] Android_Default, [000001CC2A51A100][000001CC2A133B40 49] Android_Adreno4xx, [000001CC2A4A6700][000001CC2A136140 49] Android_Adreno5xx_Low, [000001CC2A518B00][000001CC2A13A2C0 49] Android_Adreno5xx, [000001CC2A4A6D00][000001CC2A13E440 49] Android_Adreno6xx, [000001CC2A519200][000001CC2A1425C0 49] Android_Adreno6xx_Vulkan, [000001CC2A4A6800][000001CC2A146740 49] Android_Mali_T6xx, [000001CC2A51B200][000001CC2A14A8C0 49] Android_Mali_T7xx, [000001CC2A4A6E00][000001CC2A14EA40 49] Android_Mali_T8xx, [000001CC2A51A500][000001CC2A152BC0 49] Android_Mali_G71, [000001CC2A4A7E00][000001CC2A156D40 49] Android_Mali_G72, [000001CC2A51AA00][000001CC2A112E80 49] Android_Mali_G72_Vulkan, [000001CC2A4A5B00][000001CC2A15AFC0 49] Android_Mali_G76, [000001CC2A519D00][000001CC2A15F100 49] Android_Mali_G76_Vulkan, [000001CC2A4A7000][000001CC2A167280 49] Android_Mali_G77, [000001CC2A51AD00][000001CC2A16B400 49] Android_Mali_G77_Vulkan, [000001CC2A4A7A00][000001CC2A16F580 49] Android_Mali_G78, [000001CC2A518D00][000001CC2A173700 49] Android_Mali_G78_Vulkan, [000001CC2A4A4500][000001CC2A177880 49] Android_Mali_G710, [000001CC2A519300][000001CC2A17BA00 49] Android_Mali_G710_Vulkan, [000001CC2A4A7500][000001CC2A1EFB80 49] Android_Vulkan_SM5, [000001CC2A51B300][000001CC2A1F2180 49] Android_PowerVR_G6xxx, [000001CC2A4A6C00][000001CC2A278300 49] Android_PowerVR_GT7xxx, [000001CC2A51BC00][000001CC2A284480 49] Android_PowerVR_GE8xxx, [000001CC2A4A5200][000001CC24C2E600 49] Android_PowerVR_GM9xxx, [000001CC2A51B000][000001CC24CD4780 49] Android_PowerVR_GM9xxx_Vulkan, [000001CC2A4A6900][000001CC24CD8900 49] Android_TegraK1, [000001CC2A519100][000001CC24CDCA80 49] Android_Unknown_Vulkan, [000001CC2A4E8600][000001CC24CE0C00 49] Lumin, [000001CC2A51A900][000001CC24CE4D80 49] Lumin_Desktop, [000001CC2A4E9200][000001CC22540F00 49] HoloLens, 
[2023.04.16-21.06.26:478][  0]LogMeshReduction: Using QuadricMeshReduction for automatic static mesh reduction
[2023.04.16-21.06.26:478][  0]LogMeshReduction: Using SimplygonMeshReduction for automatic skeletal mesh reduction
[2023.04.16-21.06.26:478][  0]LogMeshReduction: Using ProxyLODMeshReduction for automatic mesh merging
[2023.04.16-21.06.26:478][  0]LogMeshReduction: No distributed automatic mesh merging module available
[2023.04.16-21.06.26:478][  0]LogMeshMerging: No distributed automatic mesh merging module available
[2023.04.16-21.06.26:486][  0]LogNetVersion: MyProject 1.0.0, NetCL: 17155196, EngineNetVer: 17, GameNetVer: 0 (Checksum: 3629800737)
[2023.04.16-21.06.26:718][  0]LogTexture: Default maximum texture size for cubemaps generated from long-lat sources has been changed from 512 to unlimited. In order to preserve old behaiour for '/Engine/MapTemplates/Sky/DaylightAmbientCubemap.DaylightAmbientCubemap', its maximum texture size has been explicitly set to 512.
[2023.04.16-21.06.26:752][  0]LogHMD: PokeAHoleMaterial loaded successfully
[2023.04.16-21.06.26:756][  0]LogUObjectArray: 17178 objects as part of root set at end of initial load.
[2023.04.16-21.06.26:756][  0]LogUObjectAllocator: 4302048 out of 0 bytes used by permanent object pool.
[2023.04.16-21.06.26:756][  0]LogUObjectArray: CloseDisregardForGC: 0/0 objects in disregard for GC pool
[2023.04.16-21.06.26:927][  0]LogNiagaraDebuggerClient: Niagara Debugger Client Initialized | Session: 49571BEA4A88EDD9E2A25EB8F5A91EDA | Instance: 6C0A5A9946A70760904750ACF06EA504 (XBADMOJOX-9968).
[2023.04.16-21.06.26:949][  0]LogPython: Using Python 3.7.7
[2023.04.16-21.06.27:299][  0]LogTcpMessaging: Initializing TcpMessaging bridge
[2023.04.16-21.06.27:302][  0]LogUdpMessaging: Initializing bridge on interface 0.0.0.0:0 to multicast group 230.0.0.1:6666.
[2023.04.16-21.06.27:392][  0]SourceControl: Source control is disabled
[2023.04.16-21.06.27:392][  0]SourceControl: Source control is disabled
[2023.04.16-21.06.27:395][  0]SourceControl: Source control is disabled
[2023.04.16-21.06.27:399][  0]SourceControl: Source control is disabled
[2023.04.16-21.06.27:414][  0]LogUProjectInfo: Found projects:
[2023.04.16-21.06.27:418][  0]SourceControl: Source control is disabled
[2023.04.16-21.06.27:541][  0]LogOpenImageDenoise: OIDN starting up
[2023.04.16-21.06.27:569][  0]LogAndroidPermission: UAndroidPermissionCallbackProxy::GetInstance
[2023.04.16-21.06.27:589][  0]LogAudioCaptureCore: Display: No Audio Capture implementations found. Audio input will be silent.
[2023.04.16-21.06.27:589][  0]LogAudioCaptureCore: Display: No Audio Capture implementations found. Audio input will be silent.
[2023.04.16-21.06.27:655][  0]LogCollectionManager: Loaded 0 collections in 0.000400 seconds
[2023.04.16-21.06.27:669][  0]LogFileCache: Scanning file cache for directory 'C:/Users/shelk/OneDrive/Documents/Unreal Projects/MyProject/Saved/Collections/' took 0.00s
[2023.04.16-21.06.27:669][  0]LogFileCache: Scanning file cache for directory 'C:/Users/shelk/OneDrive/Documents/Unreal Projects/MyProject/Content/Developers/shelk/Collections/' took 0.00s
[2023.04.16-21.06.27:669][  0]LogFileCache: Scanning file cache for directory 'C:/Users/shelk/OneDrive/Documents/Unreal Projects/MyProject/Content/Collections/' took 0.00s
[2023.04.16-21.06.27:669][  0]LogOcInput: OculusInput pre-init called
[2023.04.16-21.06.27:818][  0]LogEngine: Initializing Engine...
[2023.04.16-21.06.27:867][  0]LogHMD: Failed to enumerate extensions. Please check that you have a valid OpenXR runtime installed.
[2023.04.16-21.06.27:867][  0]LogHMD: Failed to initialize OpenVR with code 110
[2023.04.16-21.06.27:867][  0]LogMagicLeap: Warning: VR disabled because ZI is not enabled.  To enable, in the editor, Edit -> Project Settings -> Plugins -> Magic Leap Plugin -> Enable Zero Iteration
[2023.04.16-21.06.27:868][  0]LogStats: UGameplayTagsManager::InitializeManager -  0.000 s
[2023.04.16-21.06.27:937][  0]LogInit: Initializing FReadOnlyCVARCache
[2023.04.16-21.06.27:942][  0]LogAIModule: Creating AISystem for world Untitled
[2023.04.16-21.06.27:955][  0]LogAudio: Display: Initializing Audio Device Manager...
[2023.04.16-21.06.27:958][  0]LogAudio: Display: Loading Default Audio Settings Objects...
[2023.04.16-21.06.27:958][  0]LogAudio: Display: No default SoundConcurrencyObject specified (or failed to load).
[2023.04.16-21.06.27:958][  0]LogAudio: Display: Audio Device Manager Initialized
[2023.04.16-21.06.27:958][  0]LogAudio: Display: Creating Audio Device:                 Id: 1, Scope: Shared, Realtime: True
[2023.04.16-21.06.27:958][  0]LogAudioMixer: Display: Audio Mixer Platform Settings:
[2023.04.16-21.06.27:958][  0]LogAudioMixer: Display: 	Sample Rate:						  48000
[2023.04.16-21.06.27:958][  0]LogAudioMixer: Display: 	Callback Buffer Frame Size Requested: 1024
[2023.04.16-21.06.27:958][  0]LogAudioMixer: Display: 	Callback Buffer Frame Size To Use:	  1024
[2023.04.16-21.06.27:958][  0]LogAudioMixer: Display: 	Number of buffers to queue:			  2
[2023.04.16-21.06.27:958][  0]LogAudioMixer: Display: 	Max Channels (voices):				  32
[2023.04.16-21.06.27:958][  0]LogAudioMixer: Display: 	Number of Async Source Workers:		  0
[2023.04.16-21.06.27:958][  0]LogAudio: Display: AudioDevice MaxSources: 32
[2023.04.16-21.06.27:959][  0]LogAudio: Display: Audio Spatialization Plugin: None (built-in).
[2023.04.16-21.06.27:959][  0]LogAudio: Display: Audio Reverb Plugin: None (built-in).
[2023.04.16-21.06.27:959][  0]LogAudio: Display: Audio Occlusion Plugin: None (built-in).
[2023.04.16-21.06.27:959][  0]LogAudioMixer: Display: Initializing audio mixer.
[2023.04.16-21.06.27:964][  0]LogAudioMixer: Display: 0: FrontLeft
[2023.04.16-21.06.27:964][  0]LogAudioMixer: Display: 1: FrontRight
[2023.04.16-21.06.27:975][  0]LogAudioMixer: Display: Using Audio Device Динамики (Realtek(R) Audio)
[2023.04.16-21.06.27:978][  0]LogAudioMixer: Display: Initializing Sound Submixes...
[2023.04.16-21.06.27:979][  0]LogAudioMixer: Display: Creating Master Submix 'MasterSubmixDefault'
[2023.04.16-21.06.27:979][  0]LogAudioMixer: Display: Creating Master Submix 'MasterReverbSubmixDefault'
[2023.04.16-21.06.27:979][  0]LogAudioMixer: Display: Creating Master Submix 'MasterEQSubmixDefault'
[2023.04.16-21.06.27:979][  0]LogAudioMixer: FMixerPlatformXAudio2::StartAudioStream() called
[2023.04.16-21.06.27:979][  0]LogAudioMixer: Display: Output buffers initialized: Frames=1024, Channels=2, Samples=2048
[2023.04.16-21.06.27:980][  0]LogAudioMixer: Display: Starting AudioMixerPlatformInterface::RunInternal()
[2023.04.16-21.06.27:980][  0]LogAudioMixer: Display: FMixerPlatformXAudio2::SubmitBuffer() called for the first time
[2023.04.16-21.06.27:980][  0]LogInit: FAudioDevice initialized.
[2023.04.16-21.06.27:980][  0]LogAudio: Display: Audio Device (ID: 1) registered with world 'Untitled'.
[2023.04.16-21.06.27:980][  0]LogNetVersion: Set ProjectVersion to 1.0.0.0. Version Checksum will be recalculated on next use.
[2023.04.16-21.06.28:020][  0]LogDerivedDataCache: Saved boot cache 0.04s 94MB C:/Users/shelk/AppData/Local/UnrealEngine/4.27/DerivedDataCache/Boot.ddc.
[2023.04.16-21.06.28:020][  0]LogInit: Texture streaming: Enabled
[2023.04.16-21.06.28:029][  0]LogAnalytics: Display: [UEEditor.Rocket.Release] APIServer = https://datarouter.ol.epicgames.com/. AppVersion = 4.27.2-18319896+++UE4+Release-4.27
[2023.04.16-21.06.28:031][  0]LogEngineSessionManager: EngineSessionManager initialized
[2023.04.16-21.06.28:031][  0]LogEditorSessionSummary: Verbose: Initializing EditorSessionSummaryWriter for editor session tracking
[2023.04.16-21.06.28:032][  0]LogEditorSessionSummary: EditorSessionSummaryWriter initialized
[2023.04.16-21.06.28:048][  0]LogInit: Transaction tracking system initialized
[2023.04.16-21.06.28:061][  0]BlueprintLog: New page: Editor Load
[2023.04.16-21.06.28:099][  0]LocalizationService: Localization service is disabled
[2023.04.16-21.06.28:117][  0]TimingProfiler: Initialize
[2023.04.16-21.06.28:117][  0]TimingProfiler: OnSessionChanged
[2023.04.16-21.06.28:117][  0]LoadingProfiler: Initialize
[2023.04.16-21.06.28:117][  0]LoadingProfiler: OnSessionChanged
[2023.04.16-21.06.28:117][  0]NetworkingProfiler: Initialize
[2023.04.16-21.06.28:117][  0]NetworkingProfiler: OnSessionChanged
[2023.04.16-21.06.28:117][  0]MemoryProfiler: Initialize
[2023.04.16-21.06.28:117][  0]MemoryProfiler: OnSessionChanged
[2023.04.16-21.06.28:199][  0]LogCook: Display: CookSettings for Memory: MemoryMaxUsedVirtual 0MiB, MemoryMaxUsedPhysical 16384MiB, MemoryMinFreeVirtual 0MiB, MemoryMinFreePhysical 1024MiB
[2023.04.16-21.06.28:200][  0]LogCook: Display: Mobile HDR setting 1
[2023.04.16-21.06.28:316][  0]LogFileCache: Scanning file cache for directory 'C:/Users/shelk/OneDrive/Documents/Unreal Projects/MyProject/Content/' took 0.01s
[2023.04.16-21.06.28:441][  0]LogInit: Display: Engine is initialized. Leaving FEngineLoop::Init()
[2023.04.16-21.06.28:443][  0]SourceControl: Source control is disabled
[2023.04.16-21.06.28:443][  0]LogUnrealEdMisc: Loading editor; pre map load, took 3.975
[2023.04.16-21.06.28:443][  0]Cmd: MAP LOAD FILE="C:/Users/shelk/OneDrive/Documents/Unreal Projects/MyProject/Content/TopDownBP/Maps/TopDownExampleMap.umap" TEMPLATE=0 SHOWPROGRESS=1 FEATURELEVEL=3
[2023.04.16-21.06.28:470][  0]LightingResults: New page: Lighting Build
[2023.04.16-21.06.28:471][  0]LogWorld: UWorld::CleanupWorld for Untitled, bSessionEnded=true, bCleanupResources=true
[2023.04.16-21.06.28:471][  0]LogSlate: InvalidateAllWidgets triggered.  All widgets were invalidated
[2023.04.16-21.06.28:471][  0]MapCheck: New page: Map Check
[2023.04.16-21.06.28:471][  0]LightingResults: New page: Lighting Build
[2023.04.16-21.06.28:478][  0]LogAudio: Display: Audio Device unregistered from world 'None'.
[2023.04.16-21.06.28:480][  0]LogUObjectHash: Compacting FUObjectHashTables data took   0.47ms
[2023.04.16-21.06.28:804][  0]LogAudio: Display: Audio Device (ID: 1) registered with world 'TopDownExampleMap'.
[2023.04.16-21.06.28:805][  0]LogAIModule: Creating AISystem for world TopDownExampleMap
[2023.04.16-21.06.28:809][  0]LogEditorServer: Finished looking for orphan Actors (0.000 secs)
[2023.04.16-21.06.28:809][  0]LogNavigationDataBuild: Display:    Building NavData:  Name Default class /Script/NavigationSystem.RecastNavMesh agent radius 35.0.
[2023.04.16-21.06.28:823][  0]LogUObjectHash: Compacting FUObjectHashTables data took   0.53ms
[2023.04.16-21.06.28:824][  0]Cmd: MAP CHECKDEP NOCLEARLOG
[2023.04.16-21.06.28:824][  0]MapCheck: Map check complete: 0 Error(s), 0 Warning(s), took 0,11ms to complete.
[2023.04.16-21.06.28:824][  0]LogFileHelpers: Loading map 'TopDownExampleMap' took 0.380
[2023.04.16-21.06.28:825][  0]LogUnrealEdMisc: Total Editor Startup Time, took 4.356
[2023.04.16-21.06.28:932][  0]LogSlate: Updating window title bar state: overlay mode, drag disabled, window buttons hidden, title bar hidden
[2023.04.16-21.06.28:935][  0]LogSlate: Updating window title bar state: overlay mode, drag disabled, window buttons hidden, title bar hidden
[2023.04.16-21.06.28:939][  0]LogSlate: Updating window title bar state: overlay mode, drag disabled, window buttons hidden, title bar hidden
[2023.04.16-21.06.28:942][  0]LogSlate: Updating window title bar state: overlay mode, drag disabled, window buttons hidden, title bar hidden
[2023.04.16-21.06.28:954][  0]LogNativeClassHierarchy: Verbose: Native class hierarchy populated in 0.0062 seconds. Added 3822 classes and 928 folders.
[2023.04.16-21.06.28:955][  0]LogNativeClassHierarchy: Verbose: Native class hierarchy updated for 'WidgetCarousel' in 0.0001 seconds. Added 0 classes and 0 folders.
[2023.04.16-21.06.28:969][  0]LogPakFile: PakFile PrimaryIndexSize=187
[2023.04.16-21.06.28:969][  0]LogPakFile: PakFile PathHashIndexSize=101
[2023.04.16-21.06.28:970][  0]LogPakFile: PakFile FullDirectoryIndexSize=148
[2023.04.16-21.06.28:970][  0]LogShaderLibrary: Display: ShaderCodeLibraryPakFileMountedCallback: PakFile 'E:/UnrealEngine/UE_4.27/FeaturePacks/FP_FirstPerson.upack' (chunk index -1, root 'root:/') mounted
[2023.04.16-21.06.28:970][  0]LogShaderLibrary: Display: ShaderCodeLibraryPakFileMountedCallback: pending pak file info (ChunkID:-1 Root:root:/ File:E:/UnrealEngine/UE_4.27/FeaturePacks/FP_FirstPerson.upack)
[2023.04.16-21.06.28:970][  0]LogPakFile: OnPakFileMounted2Time == 0.000058
[2023.04.16-21.06.28:977][  0]LogPakFile: PakFile PrimaryIndexSize=189
[2023.04.16-21.06.28:977][  0]LogPakFile: PakFile PathHashIndexSize=101
[2023.04.16-21.06.28:977][  0]LogPakFile: PakFile FullDirectoryIndexSize=152
[2023.04.16-21.06.28:977][  0]LogShaderLibrary: Display: ShaderCodeLibraryPakFileMountedCallback: PakFile 'E:/UnrealEngine/UE_4.27/FeaturePacks/FP_FirstPersonBP.upack' (chunk index -1, root 'root:/') mounted
[2023.04.16-21.06.28:977][  0]LogShaderLibrary: Display: ShaderCodeLibraryPakFileMountedCallback: pending pak file info (ChunkID:-1 Root:root:/ File:E:/UnrealEngine/UE_4.27/FeaturePacks/FP_FirstPersonBP.upack)
[2023.04.16-21.06.28:977][  0]LogPakFile: OnPakFileMounted2Time == 0.000029
[2023.04.16-21.06.28:981][  0]LogPakFile: PakFile PrimaryIndexSize=191
[2023.04.16-21.06.28:981][  0]LogPakFile: PakFile PathHashIndexSize=101
[2023.04.16-21.06.28:981][  0]LogPakFile: PakFile FullDirectoryIndexSize=160
[2023.04.16-21.06.28:981][  0]LogShaderLibrary: Display: ShaderCodeLibraryPakFileMountedCallback: PakFile 'E:/UnrealEngine/UE_4.27/FeaturePacks/MobileStarterContent.upack' (chunk index -1, root 'root:/') mounted
[2023.04.16-21.06.28:981][  0]LogShaderLibrary: Display: ShaderCodeLibraryPakFileMountedCallback: pending pak file info (ChunkID:-1 Root:root:/ File:E:/UnrealEngine/UE_4.27/FeaturePacks/MobileStarterContent.upack)
[2023.04.16-21.06.28:981][  0]LogPakFile: OnPakFileMounted2Time == 0.000022
[2023.04.16-21.06.28:986][  0]LogPakFile: PakFile PrimaryIndexSize=185
[2023.04.16-21.06.28:986][  0]LogPakFile: PakFile PathHashIndexSize=101
[2023.04.16-21.06.28:986][  0]LogPakFile: PakFile FullDirectoryIndexSize=148
[2023.04.16-21.06.28:986][  0]LogShaderLibrary: Display: ShaderCodeLibraryPakFileMountedCallback: PakFile 'E:/UnrealEngine/UE_4.27/FeaturePacks/StarterContent.upack' (chunk index -1, root 'root:/') mounted
[2023.04.16-21.06.28:986][  0]LogShaderLibrary: Display: ShaderCodeLibraryPakFileMountedCallback: pending pak file info (ChunkID:-1 Root:root:/ File:E:/UnrealEngine/UE_4.27/FeaturePacks/StarterContent.upack)
[2023.04.16-21.06.28:986][  0]LogPakFile: OnPakFileMounted2Time == 0.000029
[2023.04.16-21.06.28:991][  0]LogPakFile: PakFile PrimaryIndexSize=190
[2023.04.16-21.06.28:991][  0]LogPakFile: PakFile PathHashIndexSize=101
[2023.04.16-21.06.28:991][  0]LogPakFile: PakFile FullDirectoryIndexSize=154
[2023.04.16-21.06.28:991][  0]LogShaderLibrary: Display: ShaderCodeLibraryPakFileMountedCallback: PakFile 'E:/UnrealEngine/UE_4.27/FeaturePacks/TP_2DSideScroller.upack' (chunk index -1, root 'root:/') mounted
[2023.04.16-21.06.28:991][  0]LogShaderLibrary: Display: ShaderCodeLibraryPakFileMountedCallback: pending pak file info (ChunkID:-1 Root:root:/ File:E:/UnrealEngine/UE_4.27/FeaturePacks/TP_2DSideScroller.upack)
[2023.04.16-21.06.28:991][  0]LogPakFile: OnPakFileMounted2Time == 0.000028
[2023.04.16-21.06.28:995][  0]LogPakFile: PakFile PrimaryIndexSize=192
[2023.04.16-21.06.28:995][  0]LogPakFile: PakFile PathHashIndexSize=101
[2023.04.16-21.06.28:995][  0]LogPakFile: PakFile FullDirectoryIndexSize=158
[2023.04.16-21.06.28:995][  0]LogShaderLibrary: Display: ShaderCodeLibraryPakFileMountedCallback: PakFile 'E:/UnrealEngine/UE_4.27/FeaturePacks/TP_2DSideScrollerBP.upack' (chunk index -1, root 'root:/') mounted
[2023.04.16-21.06.28:995][  0]LogShaderLibrary: Display: ShaderCodeLibraryPakFileMountedCallback: pending pak file info (ChunkID:-1 Root:root:/ File:E:/UnrealEngine/UE_4.27/FeaturePacks/TP_2DSideScrollerBP.upack)
[2023.04.16-21.06.28:995][  0]LogPakFile: OnPakFileMounted2Time == 0.000023
[2023.04.16-21.06.28:999][  0]LogPakFile: PakFile PrimaryIndexSize=182
[2023.04.16-21.06.28:999][  0]LogPakFile: PakFile PathHashIndexSize=101
[2023.04.16-21.06.28:999][  0]LogPakFile: PakFile FullDirectoryIndexSize=138
[2023.04.16-21.06.28:999][  0]LogShaderLibrary: Display: ShaderCodeLibraryPakFileMountedCallback: PakFile 'E:/UnrealEngine/UE_4.27/FeaturePacks/TP_Flying.upack' (chunk index -1, root 'root:/') mounted
[2023.04.16-21.06.28:999][  0]LogShaderLibrary: Display: ShaderCodeLibraryPakFileMountedCallback: pending pak file info (ChunkID:-1 Root:root:/ File:E:/UnrealEngine/UE_4.27/FeaturePacks/TP_Flying.upack)
[2023.04.16-21.06.28:999][  0]LogPakFile: OnPakFileMounted2Time == 0.000021
[2023.04.16-21.06.29:004][  0]LogPakFile: PakFile PrimaryIndexSize=184
[2023.04.16-21.06.29:004][  0]LogPakFile: PakFile PathHashIndexSize=101
[2023.04.16-21.06.29:004][  0]LogPakFile: PakFile FullDirectoryIndexSize=142
[2023.04.16-21.06.29:004][  0]LogShaderLibrary: Display: ShaderCodeLibraryPakFileMountedCallback: PakFile 'E:/UnrealEngine/UE_4.27/FeaturePacks/TP_FlyingBP.upack' (chunk index -1, root 'root:/') mounted
[2023.04.16-21.06.29:004][  0]LogShaderLibrary: Display: ShaderCodeLibraryPakFileMountedCallback: pending pak file info (ChunkID:-1 Root:root:/ File:E:/UnrealEngine/UE_4.27/FeaturePacks/TP_FlyingBP.upack)
[2023.04.16-21.06.29:004][  0]LogPakFile: OnPakFileMounted2Time == 0.000023
[2023.04.16-21.06.29:008][  0]LogPakFile: PakFile PrimaryIndexSize=188
[2023.04.16-21.06.29:008][  0]LogPakFile: PakFile PathHashIndexSize=101
[2023.04.16-21.06.29:008][  0]LogPakFile: PakFile FullDirectoryIndexSize=150
[2023.04.16-21.06.29:008][  0]LogShaderLibrary: Display: ShaderCodeLibraryPakFileMountedCallback: PakFile 'E:/UnrealEngine/UE_4.27/FeaturePacks/TP_HandheldARBP.upack' (chunk index -1, root 'root:/') mounted
[2023.04.16-21.06.29:008][  0]LogShaderLibrary: Display: ShaderCodeLibraryPakFileMountedCallback: pending pak file info (ChunkID:-1 Root:root:/ File:E:/UnrealEngine/UE_4.27/FeaturePacks/TP_HandheldARBP.upack)
[2023.04.16-21.06.29:008][  0]LogPakFile: OnPakFileMounted2Time == 0.000023
[2023.04.16-21.06.29:016][  0]LogPakFile: PakFile PrimaryIndexSize=182
[2023.04.16-21.06.29:016][  0]LogPakFile: PakFile PathHashIndexSize=101
[2023.04.16-21.06.29:016][  0]LogPakFile: PakFile FullDirectoryIndexSize=138
[2023.04.16-21.06.29:016][  0]LogShaderLibrary: Display: ShaderCodeLibraryPakFileMountedCallback: PakFile 'E:/UnrealEngine/UE_4.27/FeaturePacks/TP_Puzzle.upack' (chunk index -1, root 'root:/') mounted
[2023.04.16-21.06.29:016][  0]LogShaderLibrary: Display: ShaderCodeLibraryPakFileMountedCallback: pending pak file info (ChunkID:-1 Root:root:/ File:E:/UnrealEngine/UE_4.27/FeaturePacks/TP_Puzzle.upack)
[2023.04.16-21.06.29:016][  0]LogPakFile: OnPakFileMounted2Time == 0.000024
[2023.04.16-21.06.29:019][  0]LogPakFile: PakFile PrimaryIndexSize=184
[2023.04.16-21.06.29:019][  0]LogPakFile: PakFile PathHashIndexSize=101
[2023.04.16-21.06.29:019][  0]LogPakFile: PakFile FullDirectoryIndexSize=142
[2023.04.16-21.06.29:019][  0]LogShaderLibrary: Display: ShaderCodeLibraryPakFileMountedCallback: PakFile 'E:/UnrealEngine/UE_4.27/FeaturePacks/TP_PuzzleBP.upack' (chunk index -1, root 'root:/') mounted
[2023.04.16-21.06.29:019][  0]LogShaderLibrary: Display: ShaderCodeLibraryPakFileMountedCallback: pending pak file info (ChunkID:-1 Root:root:/ File:E:/UnrealEngine/UE_4.27/FeaturePacks/TP_PuzzleBP.upack)
[2023.04.16-21.06.29:019][  0]LogPakFile: OnPakFileMounted2Time == 0.000023
[2023.04.16-21.06.29:023][  0]LogPakFile: PakFile PrimaryIndexSize=183
[2023.04.16-21.06.29:023][  0]LogPakFile: PakFile PathHashIndexSize=101
[2023.04.16-21.06.29:023][  0]LogPakFile: PakFile FullDirectoryIndexSize=140
[2023.04.16-21.06.29:023][  0]LogShaderLibrary: Display: ShaderCodeLibraryPakFileMountedCallback: PakFile 'E:/UnrealEngine/UE_4.27/FeaturePacks/TP_Rolling.upack' (chunk index -1, root 'root:/') mounted
[2023.04.16-21.06.29:023][  0]LogShaderLibrary: Display: ShaderCodeLibraryPakFileMountedCallback: pending pak file info (ChunkID:-1 Root:root:/ File:E:/UnrealEngine/UE_4.27/FeaturePacks/TP_Rolling.upack)
[2023.04.16-21.06.29:023][  0]LogPakFile: OnPakFileMounted2Time == 0.000021
[2023.04.16-21.06.29:028][  0]LogPakFile: PakFile PrimaryIndexSize=185
[2023.04.16-21.06.29:028][  0]LogPakFile: PakFile PathHashIndexSize=101
[2023.04.16-21.06.29:028][  0]LogPakFile: PakFile FullDirectoryIndexSize=144
[2023.04.16-21.06.29:028][  0]LogShaderLibrary: Display: ShaderCodeLibraryPakFileMountedCallback: PakFile 'E:/UnrealEngine/UE_4.27/FeaturePacks/TP_RollingBP.upack' (chunk index -1, root 'root:/') mounted
[2023.04.16-21.06.29:028][  0]LogShaderLibrary: Display: ShaderCodeLibraryPakFileMountedCallback: pending pak file info (ChunkID:-1 Root:root:/ File:E:/UnrealEngine/UE_4.27/FeaturePacks/TP_RollingBP.upack)
[2023.04.16-21.06.29:028][  0]LogPakFile: OnPakFileMounted2Time == 0.000023
[2023.04.16-21.06.29:032][  0]LogPakFile: PakFile PrimaryIndexSize=188
[2023.04.16-21.06.29:032][  0]LogPakFile: PakFile PathHashIndexSize=101
[2023.04.16-21.06.29:032][  0]LogPakFile: PakFile FullDirectoryIndexSize=150
[2023.04.16-21.06.29:032][  0]LogShaderLibrary: Display: ShaderCodeLibraryPakFileMountedCallback: PakFile 'E:/UnrealEngine/UE_4.27/FeaturePacks/TP_SideScroller.upack' (chunk index -1, root 'root:/') mounted
[2023.04.16-21.06.29:032][  0]LogShaderLibrary: Display: ShaderCodeLibraryPakFileMountedCallback: pending pak file info (ChunkID:-1 Root:root:/ File:E:/UnrealEngine/UE_4.27/FeaturePacks/TP_SideScroller.upack)
[2023.04.16-21.06.29:032][  0]LogPakFile: OnPakFileMounted2Time == 0.000027
[2023.04.16-21.06.29:036][  0]LogPakFile: PakFile PrimaryIndexSize=190
[2023.04.16-21.06.29:036][  0]LogPakFile: PakFile PathHashIndexSize=101
[2023.04.16-21.06.29:036][  0]LogPakFile: PakFile FullDirectoryIndexSize=154
[2023.04.16-21.06.29:036][  0]LogShaderLibrary: Display: ShaderCodeLibraryPakFileMountedCallback: PakFile 'E:/UnrealEngine/UE_4.27/FeaturePacks/TP_SideScrollerBP.upack' (chunk index -1, root 'root:/') mounted
[2023.04.16-21.06.29:036][  0]LogShaderLibrary: Display: ShaderCodeLibraryPakFileMountedCallback: pending pak file info (ChunkID:-1 Root:root:/ File:E:/UnrealEngine/UE_4.27/FeaturePacks/TP_SideScrollerBP.upack)
[2023.04.16-21.06.29:036][  0]LogPakFile: OnPakFileMounted2Time == 0.000023
[2023.04.16-21.06.29:040][  0]LogPakFile: PakFile PrimaryIndexSize=187
[2023.04.16-21.06.29:040][  0]LogPakFile: PakFile PathHashIndexSize=101
[2023.04.16-21.06.29:040][  0]LogPakFile: PakFile FullDirectoryIndexSize=148
[2023.04.16-21.06.29:040][  0]LogShaderLibrary: Display: ShaderCodeLibraryPakFileMountedCallback: PakFile 'E:/UnrealEngine/UE_4.27/FeaturePacks/TP_ThirdPerson.upack' (chunk index -1, root 'root:/') mounted
[2023.04.16-21.06.29:040][  0]LogShaderLibrary: Display: ShaderCodeLibraryPakFileMountedCallback: pending pak file info (ChunkID:-1 Root:root:/ File:E:/UnrealEngine/UE_4.27/FeaturePacks/TP_ThirdPerson.upack)
[2023.04.16-21.06.29:040][  0]LogPakFile: OnPakFileMounted2Time == 0.000027
[2023.04.16-21.06.29:045][  0]LogPakFile: PakFile PrimaryIndexSize=189
[2023.04.16-21.06.29:045][  0]LogPakFile: PakFile PathHashIndexSize=101
[2023.04.16-21.06.29:045][  0]LogPakFile: PakFile FullDirectoryIndexSize=152
[2023.04.16-21.06.29:045][  0]LogShaderLibrary: Display: ShaderCodeLibraryPakFileMountedCallback: PakFile 'E:/UnrealEngine/UE_4.27/FeaturePacks/TP_ThirdPersonBP.upack' (chunk index -1, root 'root:/') mounted
[2023.04.16-21.06.29:045][  0]LogShaderLibrary: Display: ShaderCodeLibraryPakFileMountedCallback: pending pak file info (ChunkID:-1 Root:root:/ File:E:/UnrealEngine/UE_4.27/FeaturePacks/TP_ThirdPersonBP.upack)
[2023.04.16-21.06.29:045][  0]LogPakFile: OnPakFileMounted2Time == 0.000023
[2023.04.16-21.06.29:049][  0]LogPakFile: PakFile PrimaryIndexSize=183
[2023.04.16-21.06.29:049][  0]LogPakFile: PakFile PathHashIndexSize=101
[2023.04.16-21.06.29:049][  0]LogPakFile: PakFile FullDirectoryIndexSize=140
[2023.04.16-21.06.29:049][  0]LogShaderLibrary: Display: ShaderCodeLibraryPakFileMountedCallback: PakFile 'E:/UnrealEngine/UE_4.27/FeaturePacks/TP_TopDown.upack' (chunk index -1, root 'root:/') mounted
[2023.04.16-21.06.29:049][  0]LogShaderLibrary: Display: ShaderCodeLibraryPakFileMountedCallback: pending pak file info (ChunkID:-1 Root:root:/ File:E:/UnrealEngine/UE_4.27/FeaturePacks/TP_TopDown.upack)
[2023.04.16-21.06.29:049][  0]LogPakFile: OnPakFileMounted2Time == 0.000027
[2023.04.16-21.06.29:052][  0]LogPakFile: PakFile PrimaryIndexSize=185
[2023.04.16-21.06.29:052][  0]LogPakFile: PakFile PathHashIndexSize=101
[2023.04.16-21.06.29:052][  0]LogPakFile: PakFile FullDirectoryIndexSize=144
[2023.04.16-21.06.29:052][  0]LogShaderLibrary: Display: ShaderCodeLibraryPakFileMountedCallback: PakFile 'E:/UnrealEngine/UE_4.27/FeaturePacks/TP_TopDownBP.upack' (chunk index -1, root 'root:/') mounted
[2023.04.16-21.06.29:052][  0]LogShaderLibrary: Display: ShaderCodeLibraryPakFileMountedCallback: pending pak file info (ChunkID:-1 Root:root:/ File:E:/UnrealEngine/UE_4.27/FeaturePacks/TP_TopDownBP.upack)
[2023.04.16-21.06.29:052][  0]LogPakFile: OnPakFileMounted2Time == 0.000021
[2023.04.16-21.06.29:060][  0]LogPakFile: PakFile PrimaryIndexSize=185
[2023.04.16-21.06.29:060][  0]LogPakFile: PakFile PathHashIndexSize=101
[2023.04.16-21.06.29:060][  0]LogPakFile: PakFile FullDirectoryIndexSize=144
[2023.04.16-21.06.29:060][  0]LogShaderLibrary: Display: ShaderCodeLibraryPakFileMountedCallback: PakFile 'E:/UnrealEngine/UE_4.27/FeaturePacks/TP_TwinStick.upack' (chunk index -1, root 'root:/') mounted
[2023.04.16-21.06.29:060][  0]LogShaderLibrary: Display: ShaderCodeLibraryPakFileMountedCallback: pending pak file info (ChunkID:-1 Root:root:/ File:E:/UnrealEngine/UE_4.27/FeaturePacks/TP_TwinStick.upack)
[2023.04.16-21.06.29:060][  0]LogPakFile: OnPakFileMounted2Time == 0.000022
[2023.04.16-21.06.29:064][  0]LogPakFile: PakFile PrimaryIndexSize=187
[2023.04.16-21.06.29:064][  0]LogPakFile: PakFile PathHashIndexSize=101
[2023.04.16-21.06.29:064][  0]LogPakFile: PakFile FullDirectoryIndexSize=148
[2023.04.16-21.06.29:064][  0]LogShaderLibrary: Display: ShaderCodeLibraryPakFileMountedCallback: PakFile 'E:/UnrealEngine/UE_4.27/FeaturePacks/TP_TwinStickBP.upack' (chunk index -1, root 'root:/') mounted
[2023.04.16-21.06.29:064][  0]LogShaderLibrary: Display: ShaderCodeLibraryPakFileMountedCallback: pending pak file info (ChunkID:-1 Root:root:/ File:E:/UnrealEngine/UE_4.27/FeaturePacks/TP_TwinStickBP.upack)
[2023.04.16-21.06.29:064][  0]LogPakFile: OnPakFileMounted2Time == 0.000022
[2023.04.16-21.06.29:068][  0]LogPakFile: PakFile PrimaryIndexSize=183
[2023.04.16-21.06.29:068][  0]LogPakFile: PakFile PathHashIndexSize=101
[2023.04.16-21.06.29:068][  0]LogPakFile: PakFile FullDirectoryIndexSize=140
[2023.04.16-21.06.29:068][  0]LogShaderLibrary: Display: ShaderCodeLibraryPakFileMountedCallback: PakFile 'E:/UnrealEngine/UE_4.27/FeaturePacks/TP_Vehicle.upack' (chunk index -1, root 'root:/') mounted
[2023.04.16-21.06.29:068][  0]LogShaderLibrary: Display: ShaderCodeLibraryPakFileMountedCallback: pending pak file info (ChunkID:-1 Root:root:/ File:E:/UnrealEngine/UE_4.27/FeaturePacks/TP_Vehicle.upack)
[2023.04.16-21.06.29:068][  0]LogPakFile: OnPakFileMounted2Time == 0.000026
[2023.04.16-21.06.29:073][  0]LogPakFile: PakFile PrimaryIndexSize=186
[2023.04.16-21.06.29:073][  0]LogPakFile: PakFile PathHashIndexSize=101
[2023.04.16-21.06.29:073][  0]LogPakFile: PakFile FullDirectoryIndexSize=146
[2023.04.16-21.06.29:073][  0]LogShaderLibrary: Display: ShaderCodeLibraryPakFileMountedCallback: PakFile 'E:/UnrealEngine/UE_4.27/FeaturePacks/TP_VehicleAdv.upack' (chunk index -1, root 'root:/') mounted
[2023.04.16-21.06.29:073][  0]LogShaderLibrary: Display: ShaderCodeLibraryPakFileMountedCallback: pending pak file info (ChunkID:-1 Root:root:/ File:E:/UnrealEngine/UE_4.27/FeaturePacks/TP_VehicleAdv.upack)
[2023.04.16-21.06.29:073][  0]LogPakFile: OnPakFileMounted2Time == 0.000022
[2023.04.16-21.06.29:077][  0]LogPakFile: PakFile PrimaryIndexSize=188
[2023.04.16-21.06.29:077][  0]LogPakFile: PakFile PathHashIndexSize=101
[2023.04.16-21.06.29:077][  0]LogPakFile: PakFile FullDirectoryIndexSize=150
[2023.04.16-21.06.29:077][  0]LogShaderLibrary: Display: ShaderCodeLibraryPakFileMountedCallback: PakFile 'E:/UnrealEngine/UE_4.27/FeaturePacks/TP_VehicleAdvBP.upack' (chunk index -1, root 'root:/') mounted
[2023.04.16-21.06.29:077][  0]LogShaderLibrary: Display: ShaderCodeLibraryPakFileMountedCallback: pending pak file info (ChunkID:-1 Root:root:/ File:E:/UnrealEngine/UE_4.27/FeaturePacks/TP_VehicleAdvBP.upack)
[2023.04.16-21.06.29:077][  0]LogPakFile: OnPakFileMounted2Time == 0.000024
[2023.04.16-21.06.29:082][  0]LogPakFile: PakFile PrimaryIndexSize=185
[2023.04.16-21.06.29:082][  0]LogPakFile: PakFile PathHashIndexSize=101
[2023.04.16-21.06.29:082][  0]LogPakFile: PakFile FullDirectoryIndexSize=144
[2023.04.16-21.06.29:082][  0]LogShaderLibrary: Display: ShaderCodeLibraryPakFileMountedCallback: PakFile 'E:/UnrealEngine/UE_4.27/FeaturePacks/TP_VehicleBP.upack' (chunk index -1, root 'root:/') mounted
[2023.04.16-21.06.29:082][  0]LogShaderLibrary: Display: ShaderCodeLibraryPakFileMountedCallback: pending pak file info (ChunkID:-1 Root:root:/ File:E:/UnrealEngine/UE_4.27/FeaturePacks/TP_VehicleBP.upack)
[2023.04.16-21.06.29:082][  0]LogPakFile: OnPakFileMounted2Time == 0.000025
[2023.04.16-21.06.29:087][  0]LogPakFile: PakFile PrimaryIndexSize=192
[2023.04.16-21.06.29:087][  0]LogPakFile: PakFile PathHashIndexSize=101
[2023.04.16-21.06.29:087][  0]LogPakFile: PakFile FullDirectoryIndexSize=158
[2023.04.16-21.06.29:087][  0]LogShaderLibrary: Display: ShaderCodeLibraryPakFileMountedCallback: PakFile 'E:/UnrealEngine/UE_4.27/FeaturePacks/TP_VirtualRealityBP.upack' (chunk index -1, root 'root:/') mounted
[2023.04.16-21.06.29:087][  0]LogShaderLibrary: Display: ShaderCodeLibraryPakFileMountedCallback: pending pak file info (ChunkID:-1 Root:root:/ File:E:/UnrealEngine/UE_4.27/FeaturePacks/TP_VirtualRealityBP.upack)
[2023.04.16-21.06.29:087][  0]LogPakFile: OnPakFileMounted2Time == 0.000023
[2023.04.16-21.06.29:336][  0]LogNativeClassHierarchy: Verbose: Native class hierarchy updated for 'AddContentDialog' in 0.0002 seconds. Added 0 classes and 0 folders.
[2023.04.16-21.06.29:337][  0]LogNativeClassHierarchy: Verbose: Native class hierarchy updated for 'SceneOutliner' in 0.0001 seconds. Added 2 classes and 0 folders.
[2023.04.16-21.06.29:359][  0]LogNativeClassHierarchy: Verbose: Native class hierarchy updated for 'HierarchicalLODOutliner' in 0.0002 seconds. Added 0 classes and 0 folders.
[2023.04.16-21.06.29:359][  0]LogInput: Warning: Action SetDestination uses invalid key OculusGo_Left_Trigger_Click.
[2023.04.16-21.06.29:359][  0]LogInput: Warning: Action ResetVR uses invalid key OculusGo_Left_Back_Click.
[2023.04.16-21.06.29:359][  0]LogInput: Warning: Use -RemoveInvalidKeys to remove instances of these keys from the action mapping.
[2023.04.16-21.06.29:359][  0]LogLoad: (Engine Initialization) Total time: 4.89 seconds
[2023.04.16-21.06.29:359][  0]LogLoad: (Engine Initialization) Total Blueprint compile time: 0.00 seconds
[2023.04.16-21.06.29:388][  0]LogAssetRegistry: Asset discovery search completed in 3.1211 seconds
[2023.04.16-21.06.29:391][  0]LogCollectionManager: Fixed up redirectors for 0 collections in 0.000003 seconds (updated 0 objects)
[2023.04.16-21.06.29:392][  0]LogContentStreaming: Texture pool size now 1000 MB
[2023.04.16-21.06.29:397][  0]LogSlate: Took 0.000098 seconds to synchronously load lazily loaded font '../../../Engine/Content/Slate/Fonts/Roboto-Regular.ttf' (155K)
[2023.04.16-21.06.29:402][  0]LogSlate: Took 0.004845 seconds to synchronously load lazily loaded font '../../../Engine/Content/Editor/Slate/Fonts/FontAwesome.ttf' (139K)
[2023.04.16-21.06.29:403][  0]LogSlate: Took 0.000085 seconds to synchronously load lazily loaded font '../../../Engine/Content/Slate/Fonts/Roboto-Bold.ttf' (160K)
[2023.04.16-21.06.29:492][  1]LogRenderer: Reallocating scene render targets to support 860x360 Format 10 NumSamples 1 (Frame:1).
[2023.04.16-21.06.45:675][876]LogRenderer: Reallocating scene render targets to support 1336x792 Format 10 NumSamples 1 (Frame:1797).
[2023.04.16-21.06.50:436][ 77]LogEditorViewport: Clicking on Actor (LMB): StaticMeshActor (Floor)
[2023.04.16-21.08.46:283][958]LogWindowsTextInputMethodSystem: Display: IME system deactivated.
[2023.04.16-21.08.46:283][958]LogWindowsTextInputMethodSystem: Display: IME system deactivated.
