Log file open, 04/17/23 15:11:43
LogWindows: Failed to load 'aqProf.dll' (GetLastError=126)
LogWindows: File 'aqProf.dll' does not exist
LogWindows: Failed to load 'VtuneApi.dll' (GetLastError=126)
LogWindows: File 'VtuneApi.dll' does not exist
LogWindows: Failed to load 'VtuneApi32e.dll' (GetLastError=126)
LogWindows: File 'VtuneApi32e.dll' does not exist
LogConsoleResponse: Display: Failed to find resolution value strings in scalability ini. Falling back to default.
LogConsoleResponse: Display: Failed to find resolution value strings in scalability ini. Falling back to default.
LogInit: Display: Running engine for game: MyProject
LogPlatformFile: Not using cached read wrapper
LogTaskGraph: Started task graph with 5 named threads and 59 total threads with 3 sets of task threads.
LogStats: Stats thread started at 0.203053
LogICUInternationalization: ICU TimeZone Detection - Raw Offset: +3:00, Platform Override: ''
LogInit: Display: Loading text-based GConfig....
LogPluginManager: Mounting plugin MeshPainting
LogPluginManager: Mounting plugin XGEController
LogPluginManager: Mounting plugin Paper2D
LogPluginManager: Mounting plugin AISupport
LogPluginManager: Mounting plugin EnvironmentQueryEditor
LogPluginManager: Mounting plugin LiveLink
LogPluginManager: Mounting plugin LightPropagationVolume
LogPluginManager: Mounting plugin OodleNetwork
LogPluginManager: Mounting plugin OodleData
LogPluginManager: Mounting plugin AlembicImporter
LogPluginManager: Mounting plugin BackChannel
LogPluginManager: Mounting plugin AssetManagerEditor
LogPluginManager: Mounting plugin ChaosCloth
LogPluginManager: Mounting plugin AutomationUtils
LogPluginManager: Mounting plugin CryptoKeys
LogPluginManager: Mounting plugin GameplayTagsEditor
LogPluginManager: Mounting plugin DataValidation
LogPluginManager: Mounting plugin ChaosClothEditor
LogPluginManager: Mounting plugin GameplayCameras
LogPluginManager: Mounting plugin FacialAnimation
LogPluginManager: Mounting plugin CurveEditorTools
LogPluginManager: Mounting plugin MacGraphicsSwitching
LogPluginManager: Mounting plugin MaterialAnalyzer
LogPluginManager: Mounting plugin ChaosEditor
LogPluginManager: Mounting plugin ChaosNiagara
LogPluginManager: Mounting plugin MobileLauncherProfileWizard
LogPluginManager: Mounting plugin PluginBrowser
LogPluginManager: Mounting plugin CharacterAI
LogPluginManager: Mounting plugin CameraShakePreviewer
LogPluginManager: Mounting plugin SpeedTreeImporter
LogPluginManager: Mounting plugin GeometryMode
LogPluginManager: Mounting plugin ChaosSolverPlugin
LogPluginManager: Mounting plugin GeometryProcessing
LogPluginManager: Mounting plugin GeometryCache
LogPluginManager: Mounting plugin DatasmithContent
LogPluginManager: Mounting plugin GeometryCollectionPlugin
LogPluginManager: Mounting plugin OpenImageDenoise
LogPluginManager: Mounting plugin PlatformCrypto
LogPluginManager: Mounting plugin PythonScriptPlugin
LogPluginManager: Mounting plugin PlanarCut
LogPluginManager: Mounting plugin ProxyLODPlugin
LogPluginManager: Mounting plugin SkeletalReduction
LogPluginManager: Mounting plugin VariantManagerContent
LogPluginManager: Mounting plugin MotoSynth
LogPluginManager: Mounting plugin AvfMedia
LogPluginManager: Mounting plugin MediaCompositing
LogPluginManager: Mounting plugin ImgMedia
LogPluginManager: Mounting plugin MediaPlayerEditor
LogPluginManager: Mounting plugin WebMMedia
LogPluginManager: Mounting plugin TcpMessaging
LogPluginManager: Mounting plugin UdpMessaging
LogPluginManager: Mounting plugin OnlineSubsystem
LogPluginManager: Mounting plugin WmfMedia
LogPluginManager: Mounting plugin AndroidMedia
LogPluginManager: Mounting plugin OnlineSubsystemNull
LogPluginManager: Mounting plugin OnlineSubsystemUtils
LogPluginManager: Mounting plugin Niagara
LogPluginManager: Mounting plugin LauncherChunkInstaller
LogPluginManager: Mounting plugin ActorLayerUtilities
LogPluginManager: Mounting plugin AndroidMoviePlayer
LogPluginManager: Mounting plugin AndroidPermission
LogPluginManager: Mounting plugin AndroidDeviceProfileSelector
LogPluginManager: Mounting plugin AppleMoviePlayer
LogPluginManager: Mounting plugin AppleImageUtils
LogPluginManager: Mounting plugin ArchVisCharacter
LogPluginManager: Mounting plugin CableComponent
LogPluginManager: Mounting plugin ChunkDownloader
LogPluginManager: Mounting plugin AudioCapture
LogPluginManager: Mounting plugin AudioSynesthesia
LogPluginManager: Mounting plugin AssetTags
LogPluginManager: Mounting plugin EditableMesh
LogPluginManager: Mounting plugin CustomMeshComponent
LogPluginManager: Mounting plugin ExampleDeviceProfileSelector
LogPluginManager: Mounting plugin GoogleCloudMessaging
LogPluginManager: Mounting plugin GooglePAD
LogPluginManager: Mounting plugin MobilePatchingUtils
LogPluginManager: Mounting plugin IOSDeviceProfileSelector
LogPluginManager: Mounting plugin LinuxDeviceProfileSelector
LogPluginManager: Mounting plugin LocationServicesBPLibrary
LogPluginManager: Mounting plugin OpenXR
LogPluginManager: Mounting plugin OpenXRHandTracking
LogPluginManager: Mounting plugin ProceduralMeshComponent
LogPluginManager: Mounting plugin PropertyAccessEditor
LogPluginManager: Mounting plugin OpenXREyeTracker
LogPluginManager: Mounting plugin RuntimePhysXCooking
LogPluginManager: Mounting plugin SignificanceManager
LogPluginManager: Mounting plugin PostSplashScreen
LogPluginManager: Mounting plugin SoundFields
LogPluginManager: Mounting plugin PhysXVehicles
LogPluginManager: Mounting plugin WebMMoviePlayer
LogPluginManager: Mounting plugin WindowsMoviePlayer
LogPluginManager: Mounting plugin ActorSequence
LogPluginManager: Mounting plugin Synthesis
LogPluginManager: Mounting plugin Takes
LogPluginManager: Mounting plugin MatineeToLevelSequence
LogPluginManager: Mounting plugin LevelSequenceEditor
LogPluginManager: Mounting plugin LuminPlatformFeatures
LogPluginManager: Mounting plugin ScreenshotTools
LogPluginManager: Mounting plugin MagicLeap
LogPluginManager: Mounting plugin MagicLeapLightEstimation
LogPluginManager: Mounting plugin AnimationSharing
LogPluginManager: Mounting plugin MagicLeapMedia
LogPluginManager: Mounting plugin CLionSourceCodeAccess
LogPluginManager: Mounting plugin MagicLeapPassableWorld
LogPluginManager: Mounting plugin CodeLiteSourceCodeAccess
LogPluginManager: Mounting plugin TemplateSequence
LogPluginManager: Mounting plugin MLSDK
LogPluginManager: Mounting plugin GitSourceControl
LogPluginManager: Mounting plugin KDevelopSourceCodeAccess
LogPluginManager: Mounting plugin PerforceSourceControl
LogPluginManager: Mounting plugin NullSourceCodeAccess
LogPluginManager: Mounting plugin PixWinPlugin
LogPluginManager: Mounting plugin PropertyAccessNode
LogPluginManager: Mounting plugin TextureFormatOodle
LogPluginManager: Mounting plugin SubversionSourceControl
LogPluginManager: Mounting plugin PlasticSourceControl
LogPluginManager: Mounting plugin VisualStudioCodeSourceCodeAccess
LogPluginManager: Mounting plugin RiderSourceCodeAccess
LogPluginManager: Mounting plugin PluginUtils
LogPluginManager: Mounting plugin UObjectPlugin
LogPluginManager: Mounting plugin XCodeSourceCodeAccess
LogPluginManager: Mounting plugin VisualStudioSourceCodeAccess
LogPluginManager: Mounting plugin ContentBrowserAssetDataSource
LogPluginManager: Mounting plugin ContentBrowserClassDataSource
LogPluginManager: Mounting plugin ContentBrowserFileDataSource
LogPluginManager: Mounting plugin OnlineSubsystemGooglePlay
LogPluginManager: Mounting plugin OnlineSubsystemIOS
LogPluginManager: Mounting plugin OculusVR
LogPluginManager: Mounting plugin SteamVR
LogInit: Using libcurl 7.55.1-DEV
LogInit:  - built for x86_64-pc-win32
LogInit:  - supports SSL with OpenSSL/1.1.1
LogInit:  - supports HTTP deflate (compression) using libz 1.2.8
LogInit:  - other features:
LogInit:      CURL_VERSION_SSL
LogInit:      CURL_VERSION_LIBZ
LogInit:      CURL_VERSION_IPV6
LogInit:      CURL_VERSION_ASYNCHDNS
LogInit:      CURL_VERSION_LARGEFILE
LogInit:      CURL_VERSION_IDN
LogInit:  CurlRequestOptions (configurable via config and command line):
LogInit:  - bVerifyPeer = true  - Libcurl will verify peer certificate
LogInit:  - bUseHttpProxy = false  - Libcurl will NOT use HTTP proxy
LogInit:  - bDontReuseConnections = false  - Libcurl will reuse connections
LogInit:  - MaxHostConnections = 16  - Libcurl will limit the number of connections to a host
LogInit:  - LocalHostAddr = Default
LogInit:  - BufferSize = 65536
LogOnline: OSS: Creating online subsystem instance for: NULL
LogInit: WinSock: version 1.1 (2.2), MaxSocks=32767, MaxUdp=65467
LogOnline: OSS: TryLoadSubsystemAndSetDefault: Loaded subsystem for module [NULL]
PixWinPlugin: PIX capture plugin failed to initialize! Check that the process is launched from PIX.
LogOculusPluginWrapper: OculusPlugin initialized successfully
LogHMD: Failed initializing OVRPlugin 1.59.0
LogInit: Build: ++UE4+Release-4.27-CL-18319896
LogInit: Engine Version: 4.27.2-18319896+++UE4+Release-4.27
LogInit: Compatible Engine Version: 4.27.0-17155196+++UE4+Release-4.27
LogInit: Net CL: 17155196
LogInit: OS: Windows 10 (Release 2009) (), CPU: 12th Gen Intel(R) Core(TM) i7-12700F, GPU: AMD Radeon RX 6600 XT
LogInit: Compiled (64-bit): Nov 30 2021 07:12:08
LogInit: Compiled with Visual C++: 19.24.28315.00
LogInit: Build Configuration: Development
LogInit: Branch Name: ++UE4+Release-4.27
LogInit: Command Line:  -EpicPortal -epicusername=Xbad_mmojoX -epicuserid=97dac3277b7846eab20db3af46cd9f7c -epiclocale=ru -epicsandboxid=ue
LogInit: Base Directory: E:/UnrealEngine/UE_4.27/Engine/Binaries/Win64/
LogInit: Allocator: TBB
LogInit: Installed Engine Build: 1
LogDevObjectVersion: Number of dev versions registered: 29
LogDevObjectVersion:   Dev-Blueprints (B0D832E4-1F89-4F0D-ACCF-7EB736FD4AA2): 10
LogDevObjectVersion:   Dev-Build (E1C64328-A22C-4D53-A36C-8E866417BD8C): 0
LogDevObjectVersion:   Dev-Core (375EC13C-06E4-48FB-B500-84F0262A717E): 4
LogDevObjectVersion:   Dev-Editor (E4B068ED-F494-42E9-A231-DA0B2E46BB41): 40
LogDevObjectVersion:   Dev-Framework (CFFC743F-43B0-4480-9391-14DF171D2073): 37
LogDevObjectVersion:   Dev-Mobile (B02B49B5-BB20-44E9-A304-32B752E40360): 3
LogDevObjectVersion:   Dev-Networking (A4E4105C-59A1-49B5-A7C5-40C4547EDFEE): 0
LogDevObjectVersion:   Dev-Online (39C831C9-5AE6-47DC-9A44-9C173E1C8E7C): 0
LogDevObjectVersion:   Dev-Physics (78F01B33-EBEA-4F98-B9B4-84EACCB95AA2): 14
LogDevObjectVersion:   Dev-Platform (6631380F-2D4D-43E0-8009-CF276956A95A): 0
LogDevObjectVersion:   Dev-Rendering (12F88B9F-8875-4AFC-A67C-D90C383ABD29): 45
LogDevObjectVersion:   Dev-Sequencer (7B5AE74C-D270-4C10-A958-57980B212A5A): 13
LogDevObjectVersion:   Dev-VR (D7296918-1DD6-4BDD-9DE2-64A83CC13884): 3
LogDevObjectVersion:   Dev-LoadTimes (C2A15278-BFE7-4AFE-6C17-90FF531DF755): 1
LogDevObjectVersion:   Private-Geometry (6EACA3D4-40EC-4CC1-B786-8BED09428FC5): 3
LogDevObjectVersion:   Dev-AnimPhys (29E575DD-E0A3-4627-9D10-D276232CDCEA): 17
LogDevObjectVersion:   Dev-Anim (AF43A65D-7FD3-4947-9873-3E8ED9C1BB05): 15
LogDevObjectVersion:   Dev-ReflectionCapture (6B266CEC-1EC7-4B8F-A30B-E4D90942FC07): 1
LogDevObjectVersion:   Dev-Automation (0DF73D61-A23F-47EA-B727-89E90C41499A): 1
LogDevObjectVersion:   FortniteMain (601D1886-AC64-4F84-AA16-D3DE0DEAC7D6): 47
LogDevObjectVersion:   FortniteRelease (E7086368-6B23-4C58-8439-1B7016265E91): 1
LogDevObjectVersion:   Dev-Enterprise (9DFFBCD6-494F-0158-E221-12823C92A888): 10
LogDevObjectVersion:   Dev-Niagara (F2AED0AC-9AFE-416F-8664-AA7FFA26D6FC): 1
LogDevObjectVersion:   Dev-Destruction (174F1F0B-B4C6-45A5-B13F-2EE8D0FB917D): 10
LogDevObjectVersion:   Dev-Physics-Ext (35F94A83-E258-406C-A318-09F59610247C): 41
LogDevObjectVersion:   Dev-PhysicsMaterial-Chaos (B68FC16E-8B1B-42E2-B453-215C058844FE): 1
LogDevObjectVersion:   Dev-CineCamera (B2E18506-4273-CFC2-A54E-F4BB758BBA07): 1
LogDevObjectVersion:   Dev-VirtualProduction (64F58936-FD1B-42BA-BA96-7289D5D0FA4E): 1
LogDevObjectVersion:   Dev-MediaFramework (6F0ED827-A609-4895-9C91-998D90180EA4): 2
LogInit: Presizing for max 25165824 objects, including 0 objects not considered by GC, pre-allocating 0 bytes for permanent pool.
LogConfig: Applying CVar settings from Section [/Script/Engine.StreamingSettings] File [C:/Users/shelk/OneDrive/Documents/Unreal Projects/MyProject/Saved/Config/Windows/Engine.ini]
LogConfig: Setting CVar [[s.MinBulkDataSizeForAsyncLoading:131072]]
LogConfig: Setting CVar [[s.AsyncLoadingThreadEnabled:0]]
LogConfig: Setting CVar [[s.EventDrivenLoaderEnabled:1]]
LogConfig: Setting CVar [[s.WarnIfTimeLimitExceeded:0]]
LogConfig: Setting CVar [[s.TimeLimitExceededMultiplier:1.5]]
LogConfig: Setting CVar [[s.TimeLimitExceededMinTime:0.005]]
LogConfig: Setting CVar [[s.UseBackgroundLevelStreaming:1]]
LogConfig: Setting CVar [[s.PriorityAsyncLoadingExtraTime:15.0]]
LogConfig: Setting CVar [[s.LevelStreamingActorsUpdateTimeLimit:5.0]]
LogConfig: Setting CVar [[s.PriorityLevelStreamingActorsUpdateExtraTime:5.0]]
LogConfig: Setting CVar [[s.LevelStreamingComponentsRegistrationGranularity:10]]
LogConfig: Setting CVar [[s.UnregisterComponentsTimeLimit:1.0]]
LogConfig: Setting CVar [[s.LevelStreamingComponentsUnregistrationGranularity:5]]
LogConfig: Setting CVar [[s.FlushStreamingOnExit:1]]
LogInit: Object subsystem initialized
LogConfig: Setting CVar [[con.DebugEarlyDefault:1]]
LogConfig: Setting CVar [[r.setres:1280x720]]
[2023.04.17-12.11.43:463][  0]LogConfig: Setting CVar [[r.VSync:0]]
[2023.04.17-12.11.43:463][  0]LogConfig: Setting CVar [[r.RHICmdBypass:0]]
[2023.04.17-12.11.43:463][  0]LogConfig: Applying CVar settings from Section [/Script/Engine.RendererSettings] File [C:/Users/shelk/OneDrive/Documents/Unreal Projects/MyProject/Saved/Config/Windows/Engine.ini]
[2023.04.17-12.11.43:463][  0]LogConfig: Setting CVar [[r.GPUCrashDebugging:0]]
[2023.04.17-12.11.43:463][  0]LogConfig: Applying CVar settings from Section [/Script/Engine.RendererOverrideSettings] File [C:/Users/shelk/OneDrive/Documents/Unreal Projects/MyProject/Saved/Config/Windows/Engine.ini]
[2023.04.17-12.11.43:463][  0]LogConfig: Applying CVar settings from Section [/Script/Engine.StreamingSettings] File [C:/Users/shelk/OneDrive/Documents/Unreal Projects/MyProject/Saved/Config/Windows/Engine.ini]
[2023.04.17-12.11.43:463][  0]LogConfig: Setting CVar [[s.MinBulkDataSizeForAsyncLoading:131072]]
[2023.04.17-12.11.43:463][  0]LogConfig: Setting CVar [[s.AsyncLoadingThreadEnabled:0]]
[2023.04.17-12.11.43:463][  0]LogConfig: Setting CVar [[s.EventDrivenLoaderEnabled:1]]
[2023.04.17-12.11.43:463][  0]LogConfig: Setting CVar [[s.WarnIfTimeLimitExceeded:0]]
[2023.04.17-12.11.43:463][  0]LogConfig: Setting CVar [[s.TimeLimitExceededMultiplier:1.5]]
[2023.04.17-12.11.43:463][  0]LogConfig: Setting CVar [[s.TimeLimitExceededMinTime:0.005]]
[2023.04.17-12.11.43:463][  0]LogConfig: Setting CVar [[s.UseBackgroundLevelStreaming:1]]
[2023.04.17-12.11.43:463][  0]LogConfig: Setting CVar [[s.PriorityAsyncLoadingExtraTime:15.0]]
[2023.04.17-12.11.43:463][  0]LogConfig: Setting CVar [[s.LevelStreamingActorsUpdateTimeLimit:5.0]]
[2023.04.17-12.11.43:463][  0]LogConfig: Setting CVar [[s.PriorityLevelStreamingActorsUpdateExtraTime:5.0]]
[2023.04.17-12.11.43:463][  0]LogConfig: Setting CVar [[s.LevelStreamingComponentsRegistrationGranularity:10]]
[2023.04.17-12.11.43:463][  0]LogConfig: Setting CVar [[s.UnregisterComponentsTimeLimit:1.0]]
[2023.04.17-12.11.43:463][  0]LogConfig: Setting CVar [[s.LevelStreamingComponentsUnregistrationGranularity:5]]
[2023.04.17-12.11.43:463][  0]LogConfig: Setting CVar [[s.FlushStreamingOnExit:1]]
[2023.04.17-12.11.43:463][  0]LogConfig: Applying CVar settings from Section [/Script/Engine.GarbageCollectionSettings] File [C:/Users/shelk/OneDrive/Documents/Unreal Projects/MyProject/Saved/Config/Windows/Engine.ini]
[2023.04.17-12.11.43:463][  0]LogConfig: Setting CVar [[gc.MaxObjectsNotConsideredByGC:1]]
[2023.04.17-12.11.43:463][  0]LogConfig: Setting CVar [[gc.SizeOfPermanentObjectPool:0]]
[2023.04.17-12.11.43:463][  0]LogConfig: Setting CVar [[gc.FlushStreamingOnGC:0]]
[2023.04.17-12.11.43:463][  0]LogConfig: Setting CVar [[gc.NumRetriesBeforeForcingGC:10]]
[2023.04.17-12.11.43:463][  0]LogConfig: Setting CVar [[gc.AllowParallelGC:1]]
[2023.04.17-12.11.43:463][  0]LogConfig: Setting CVar [[gc.TimeBetweenPurgingPendingKillObjects:61.1]]
[2023.04.17-12.11.43:463][  0]LogConfig: Setting CVar [[gc.MaxObjectsInEditor:25165824]]
[2023.04.17-12.11.43:463][  0]LogConfig: Setting CVar [[gc.IncrementalBeginDestroyEnabled:1]]
[2023.04.17-12.11.43:463][  0]LogConfig: Setting CVar [[gc.CreateGCClusters:1]]
[2023.04.17-12.11.43:463][  0]LogConfig: Setting CVar [[gc.MinGCClusterSize:5]]
[2023.04.17-12.11.43:463][  0]LogConfig: Setting CVar [[gc.ActorClusteringEnabled:0]]
[2023.04.17-12.11.43:463][  0]LogConfig: Setting CVar [[gc.BlueprintClusteringEnabled:0]]
[2023.04.17-12.11.43:463][  0]LogConfig: Setting CVar [[gc.UseDisregardForGCOnDedicatedServers:0]]
[2023.04.17-12.11.43:463][  0]LogConfig: Setting CVar [[gc.MultithreadedDestructionEnabled:1]]
[2023.04.17-12.11.43:463][  0]LogConfig: Applying CVar settings from Section [/Script/Engine.NetworkSettings] File [C:/Users/shelk/OneDrive/Documents/Unreal Projects/MyProject/Saved/Config/Windows/Engine.ini]
[2023.04.17-12.11.43:463][  0]LogConfig: Applying CVar settings from Section [/Script/UnrealEd.CookerSettings] File [C:/Users/shelk/OneDrive/Documents/Unreal Projects/MyProject/Saved/Config/Windows/Engine.ini]
[2023.04.17-12.11.43:472][  0]LogConfig: Applying CVar settings from Section [ViewDistanceQuality@3] File [C:/Users/shelk/OneDrive/Documents/Unreal Projects/MyProject/Saved/Config/Windows/Scalability.ini]
[2023.04.17-12.11.43:472][  0]LogConfig: Setting CVar [[r.SkeletalMeshLODBias:0]]
[2023.04.17-12.11.43:472][  0]LogConfig: Setting CVar [[r.ViewDistanceScale:1.0]]
[2023.04.17-12.11.43:472][  0]LogConfig: Applying CVar settings from Section [AntiAliasingQuality@3] File [C:/Users/shelk/OneDrive/Documents/Unreal Projects/MyProject/Saved/Config/Windows/Scalability.ini]
[2023.04.17-12.11.43:472][  0]LogConfig: Setting CVar [[r.PostProcessAAQuality:4]]
[2023.04.17-12.11.43:472][  0]LogConfig: Applying CVar settings from Section [ShadowQuality@3] File [C:/Users/shelk/OneDrive/Documents/Unreal Projects/MyProject/Saved/Config/Windows/Scalability.ini]
[2023.04.17-12.11.43:472][  0]LogConfig: Setting CVar [[r.LightFunctionQuality:1]]
[2023.04.17-12.11.43:472][  0]LogConfig: Setting CVar [[r.ShadowQuality:5]]
[2023.04.17-12.11.43:472][  0]LogConfig: Setting CVar [[r.Shadow.CSM.MaxCascades:10]]
[2023.04.17-12.11.43:472][  0]LogConfig: Setting CVar [[r.Shadow.MaxResolution:2048]]
[2023.04.17-12.11.43:472][  0]LogConfig: Setting CVar [[r.Shadow.MaxCSMResolution:2048]]
[2023.04.17-12.11.43:472][  0]LogConfig: Setting CVar [[r.Shadow.RadiusThreshold:0.01]]
[2023.04.17-12.11.43:472][  0]LogConfig: Setting CVar [[r.Shadow.DistanceScale:1.0]]
[2023.04.17-12.11.43:472][  0]LogConfig: Setting CVar [[r.Shadow.CSM.TransitionScale:1.0]]
[2023.04.17-12.11.43:472][  0]LogConfig: Setting CVar [[r.Shadow.PreShadowResolutionFactor:1.0]]
[2023.04.17-12.11.43:472][  0]LogConfig: Setting CVar [[r.DistanceFieldShadowing:1]]
[2023.04.17-12.11.43:472][  0]LogConfig: Setting CVar [[r.DistanceFieldAO:1]]
[2023.04.17-12.11.43:472][  0]LogConfig: Setting CVar [[r.AOQuality:2]]
[2023.04.17-12.11.43:472][  0]LogConfig: Setting CVar [[r.VolumetricFog:1]]
[2023.04.17-12.11.43:472][  0]LogConfig: Setting CVar [[r.VolumetricFog.GridPixelSize:8]]
[2023.04.17-12.11.43:472][  0]LogConfig: Setting CVar [[r.VolumetricFog.GridSizeZ:128]]
[2023.04.17-12.11.43:472][  0]LogConfig: Setting CVar [[r.VolumetricFog.HistoryMissSupersampleCount:4]]
[2023.04.17-12.11.43:472][  0]LogConfig: Setting CVar [[r.LightMaxDrawDistanceScale:1]]
[2023.04.17-12.11.43:472][  0]LogConfig: Setting CVar [[r.CapsuleShadows:1]]
[2023.04.17-12.11.43:472][  0]LogConfig: Applying CVar settings from Section [PostProcessQuality@3] File [C:/Users/shelk/OneDrive/Documents/Unreal Projects/MyProject/Saved/Config/Windows/Scalability.ini]
[2023.04.17-12.11.43:472][  0]LogConfig: Setting CVar [[r.MotionBlurQuality:4]]
[2023.04.17-12.11.43:472][  0]LogConfig: Setting CVar [[r.AmbientOcclusionMipLevelFactor:0.4]]
[2023.04.17-12.11.43:472][  0]LogConfig: Setting CVar [[r.AmbientOcclusionMaxQuality:100]]
[2023.04.17-12.11.43:472][  0]LogConfig: Setting CVar [[r.AmbientOcclusionLevels:-1]]
[2023.04.17-12.11.43:472][  0]LogConfig: Setting CVar [[r.AmbientOcclusionRadiusScale:1.0]]
[2023.04.17-12.11.43:472][  0]LogConfig: Setting CVar [[r.DepthOfFieldQuality:2]]
[2023.04.17-12.11.43:472][  0]LogConfig: Setting CVar [[r.RenderTargetPoolMin:400]]
[2023.04.17-12.11.43:472][  0]LogConfig: Setting CVar [[r.LensFlareQuality:2]]
[2023.04.17-12.11.43:472][  0]LogConfig: Setting CVar [[r.SceneColorFringeQuality:1]]
[2023.04.17-12.11.43:472][  0]LogConfig: Setting CVar [[r.EyeAdaptationQuality:2]]
[2023.04.17-12.11.43:472][  0]LogConfig: Setting CVar [[r.BloomQuality:5]]
[2023.04.17-12.11.43:472][  0]LogConfig: Setting CVar [[r.FastBlurThreshold:100]]
[2023.04.17-12.11.43:472][  0]LogConfig: Setting CVar [[r.Upscale.Quality:3]]
[2023.04.17-12.11.43:472][  0]LogConfig: Setting CVar [[r.Tonemapper.GrainQuantization:1]]
[2023.04.17-12.11.43:472][  0]LogConfig: Setting CVar [[r.LightShaftQuality:1]]
[2023.04.17-12.11.43:472][  0]LogConfig: Setting CVar [[r.Filter.SizeScale:1]]
[2023.04.17-12.11.43:472][  0]LogConfig: Setting CVar [[r.Tonemapper.Quality:5]]
[2023.04.17-12.11.43:472][  0]LogConfig: Setting CVar [[r.DOF.Gather.AccumulatorQuality:1        ; higher gathering accumulator quality]]
[2023.04.17-12.11.43:472][  0]LogConfig: Setting CVar [[r.DOF.Gather.PostfilterMethod:1          ; Median3x3 postfilering method]]
[2023.04.17-12.11.43:472][  0]LogConfig: Setting CVar [[r.DOF.Gather.EnableBokehSettings:0       ; no bokeh simulation when gathering]]
[2023.04.17-12.11.43:472][  0]LogConfig: Setting CVar [[r.DOF.Gather.RingCount:4                 ; medium number of samples when gathering]]
[2023.04.17-12.11.43:472][  0]LogConfig: Setting CVar [[r.DOF.Scatter.ForegroundCompositing:1    ; additive foreground scattering]]
[2023.04.17-12.11.43:472][  0]LogConfig: Setting CVar [[r.DOF.Scatter.BackgroundCompositing:2    ; additive background scattering]]
[2023.04.17-12.11.43:472][  0]LogConfig: Setting CVar [[r.DOF.Scatter.EnableBokehSettings:1      ; bokeh simulation when scattering]]
[2023.04.17-12.11.43:472][  0]LogConfig: Setting CVar [[r.DOF.Scatter.MaxSpriteRatio:0.1         ; only a maximum of 10% of scattered bokeh]]
[2023.04.17-12.11.43:472][  0]LogConfig: Setting CVar [[r.DOF.Recombine.Quality:1                ; cheap slight out of focus]]
[2023.04.17-12.11.43:472][  0]LogConfig: Setting CVar [[r.DOF.Recombine.EnableBokehSettings:0    ; no bokeh simulation on slight out of focus]]
[2023.04.17-12.11.43:472][  0]LogConfig: Setting CVar [[r.DOF.TemporalAAQuality:1                ; more stable temporal accumulation]]
[2023.04.17-12.11.43:472][  0]LogConfig: Setting CVar [[r.DOF.Kernel.MaxForegroundRadius:0.025]]
[2023.04.17-12.11.43:473][  0]LogConfig: Setting CVar [[r.DOF.Kernel.MaxBackgroundRadius:0.025]]
[2023.04.17-12.11.43:473][  0]LogConfig: Applying CVar settings from Section [TextureQuality@3] File [C:/Users/shelk/OneDrive/Documents/Unreal Projects/MyProject/Saved/Config/Windows/Scalability.ini]
[2023.04.17-12.11.43:473][  0]LogConfig: Setting CVar [[r.Streaming.MipBias:0]]
[2023.04.17-12.11.43:473][  0]LogConfig: Setting CVar [[r.Streaming.AmortizeCPUToGPUCopy:0]]
[2023.04.17-12.11.43:473][  0]LogConfig: Setting CVar [[r.Streaming.MaxNumTexturesToStreamPerFrame:0]]
[2023.04.17-12.11.43:473][  0]LogConfig: Setting CVar [[r.Streaming.Boost:1]]
[2023.04.17-12.11.43:473][  0]LogConfig: Setting CVar [[r.MaxAnisotropy:8]]
[2023.04.17-12.11.43:473][  0]LogConfig: Setting CVar [[r.VT.MaxAnisotropy:8]]
[2023.04.17-12.11.43:473][  0]LogConfig: Setting CVar [[r.Streaming.LimitPoolSizeToVRAM:0]]
[2023.04.17-12.11.43:473][  0]LogConfig: Setting CVar [[r.Streaming.PoolSize:1000]]
[2023.04.17-12.11.43:473][  0]LogConfig: Setting CVar [[r.Streaming.MaxEffectiveScreenSize:0]]
[2023.04.17-12.11.43:473][  0]LogConfig: Applying CVar settings from Section [EffectsQuality@3] File [C:/Users/shelk/OneDrive/Documents/Unreal Projects/MyProject/Saved/Config/Windows/Scalability.ini]
[2023.04.17-12.11.43:473][  0]LogConfig: Setting CVar [[r.TranslucencyLightingVolumeDim:64]]
[2023.04.17-12.11.43:473][  0]LogConfig: Setting CVar [[r.RefractionQuality:2]]
[2023.04.17-12.11.43:473][  0]LogConfig: Setting CVar [[r.SSR.Quality:3]]
[2023.04.17-12.11.43:473][  0]LogConfig: Setting CVar [[r.SSR.HalfResSceneColor:0]]
[2023.04.17-12.11.43:473][  0]LogConfig: Setting CVar [[r.SceneColorFormat:4]]
[2023.04.17-12.11.43:473][  0]LogConfig: Setting CVar [[r.DetailMode:2]]
[2023.04.17-12.11.43:473][  0]LogConfig: Setting CVar [[r.TranslucencyVolumeBlur:1]]
[2023.04.17-12.11.43:473][  0]LogConfig: Setting CVar [[r.MaterialQualityLevel:1 ; High quality]]
[2023.04.17-12.11.43:473][  0]LogConfig: Setting CVar [[r.AnisotropicMaterials:1]]
[2023.04.17-12.11.43:473][  0]LogConfig: Setting CVar [[r.SSS.Scale:1]]
[2023.04.17-12.11.43:473][  0]LogConfig: Setting CVar [[r.SSS.SampleSet:2]]
[2023.04.17-12.11.43:473][  0]LogConfig: Setting CVar [[r.SSS.Quality:1]]
[2023.04.17-12.11.43:473][  0]LogConfig: Setting CVar [[r.SSS.HalfRes:0]]
[2023.04.17-12.11.43:473][  0]LogConfig: Setting CVar [[r.SSGI.Quality:3]]
[2023.04.17-12.11.43:473][  0]LogConfig: Setting CVar [[r.EmitterSpawnRateScale:1.0]]
[2023.04.17-12.11.43:473][  0]LogConfig: Setting CVar [[r.ParticleLightQuality:2]]
[2023.04.17-12.11.43:473][  0]LogConfig: Setting CVar [[r.SkyAtmosphere.AerialPerspectiveLUT.FastApplyOnOpaque:1 ; Always have FastSkyLUT 1 in this case to avoid wrong sky]]
[2023.04.17-12.11.43:473][  0]LogConfig: Setting CVar [[r.SkyAtmosphere.AerialPerspectiveLUT.SampleCountMaxPerSlice:4]]
[2023.04.17-12.11.43:473][  0]LogConfig: Setting CVar [[r.SkyAtmosphere.AerialPerspectiveLUT.DepthResolution:16.0]]
[2023.04.17-12.11.43:473][  0]LogConfig: Setting CVar [[r.SkyAtmosphere.FastSkyLUT:1]]
[2023.04.17-12.11.43:473][  0]LogConfig: Setting CVar [[r.SkyAtmosphere.FastSkyLUT.SampleCountMin:4.0]]
[2023.04.17-12.11.43:473][  0]LogConfig: Setting CVar [[r.SkyAtmosphere.FastSkyLUT.SampleCountMax:128.0]]
[2023.04.17-12.11.43:473][  0]LogConfig: Setting CVar [[r.SkyAtmosphere.SampleCountMin:4.0]]
[2023.04.17-12.11.43:473][  0]LogConfig: Setting CVar [[r.SkyAtmosphere.SampleCountMax:128.0]]
[2023.04.17-12.11.43:473][  0]LogConfig: Setting CVar [[r.SkyAtmosphere.TransmittanceLUT.UseSmallFormat:0]]
[2023.04.17-12.11.43:473][  0]LogConfig: Setting CVar [[r.SkyAtmosphere.TransmittanceLUT.SampleCount:10.0]]
[2023.04.17-12.11.43:473][  0]LogConfig: Setting CVar [[r.SkyAtmosphere.MultiScatteringLUT.SampleCount:15.0]]
[2023.04.17-12.11.43:473][  0]LogConfig: Setting CVar [[r.SkyLight.RealTimeReflectionCapture:1]]
[2023.04.17-12.11.43:473][  0]LogConfig: Applying CVar settings from Section [FoliageQuality@3] File [C:/Users/shelk/OneDrive/Documents/Unreal Projects/MyProject/Saved/Config/Windows/Scalability.ini]
[2023.04.17-12.11.43:473][  0]LogConfig: Setting CVar [[foliage.DensityScale:1.0]]
[2023.04.17-12.11.43:473][  0]LogConfig: Setting CVar [[grass.DensityScale:1.0]]
[2023.04.17-12.11.43:473][  0]LogConfig: Applying CVar settings from Section [ShadingQuality@3] File [C:/Users/shelk/OneDrive/Documents/Unreal Projects/MyProject/Saved/Config/Windows/Scalability.ini]
[2023.04.17-12.11.43:473][  0]LogConfig: Setting CVar [[r.HairStrands.SkyLighting.IntegrationType:2]]
[2023.04.17-12.11.43:473][  0]LogConfig: Setting CVar [[r.HairStrands.SkyAO.SampleCount:4]]
[2023.04.17-12.11.43:473][  0]LogConfig: Setting CVar [[r.HairStrands.Visibility.MSAA.SamplePerPixel:4]]
[2023.04.17-12.11.43:473][  0]LogInit: Selected Device Profile: [Windows]
[2023.04.17-12.11.43:473][  0]LogInit: Applying CVar settings loaded from the selected device profile: [Windows]
[2023.04.17-12.11.43:473][  0]LogHAL: Display: Platform has ~ 64 GB [68553232384 / 68719476736 / 64], which maps to Largest [LargestMinGB=32, LargerMinGB=12, DefaultMinGB=8, SmallerMinGB=6, SmallestMinGB=0)
[2023.04.17-12.11.43:473][  0]LogInit: Going up to parent DeviceProfile []
[2023.04.17-12.11.43:473][  0]LogConfig: Applying CVar settings from Section [ViewDistanceQuality@3] File [C:/Users/shelk/OneDrive/Documents/Unreal Projects/MyProject/Saved/Config/Windows/Scalability.ini]
[2023.04.17-12.11.43:473][  0]LogConfig: Setting CVar [[r.SkeletalMeshLODBias:0]]
[2023.04.17-12.11.43:473][  0]LogConfig: Setting CVar [[r.ViewDistanceScale:1.0]]
[2023.04.17-12.11.43:473][  0]LogConfig: Applying CVar settings from Section [AntiAliasingQuality@3] File [C:/Users/shelk/OneDrive/Documents/Unreal Projects/MyProject/Saved/Config/Windows/Scalability.ini]
[2023.04.17-12.11.43:473][  0]LogConfig: Setting CVar [[r.PostProcessAAQuality:4]]
[2023.04.17-12.11.43:473][  0]LogConfig: Applying CVar settings from Section [ShadowQuality@3] File [C:/Users/shelk/OneDrive/Documents/Unreal Projects/MyProject/Saved/Config/Windows/Scalability.ini]
[2023.04.17-12.11.43:473][  0]LogConfig: Setting CVar [[r.LightFunctionQuality:1]]
[2023.04.17-12.11.43:473][  0]LogConfig: Setting CVar [[r.ShadowQuality:5]]
[2023.04.17-12.11.43:473][  0]LogConfig: Setting CVar [[r.Shadow.CSM.MaxCascades:10]]
[2023.04.17-12.11.43:473][  0]LogConfig: Setting CVar [[r.Shadow.MaxResolution:2048]]
[2023.04.17-12.11.43:473][  0]LogConfig: Setting CVar [[r.Shadow.MaxCSMResolution:2048]]
[2023.04.17-12.11.43:473][  0]LogConfig: Setting CVar [[r.Shadow.RadiusThreshold:0.01]]
[2023.04.17-12.11.43:473][  0]LogConfig: Setting CVar [[r.Shadow.DistanceScale:1.0]]
[2023.04.17-12.11.43:473][  0]LogConfig: Setting CVar [[r.Shadow.CSM.TransitionScale:1.0]]
[2023.04.17-12.11.43:473][  0]LogConfig: Setting CVar [[r.Shadow.PreShadowResolutionFactor:1.0]]
[2023.04.17-12.11.43:473][  0]LogConfig: Setting CVar [[r.DistanceFieldShadowing:1]]
[2023.04.17-12.11.43:473][  0]LogConfig: Setting CVar [[r.DistanceFieldAO:1]]
[2023.04.17-12.11.43:473][  0]LogConfig: Setting CVar [[r.AOQuality:2]]
[2023.04.17-12.11.43:473][  0]LogConfig: Setting CVar [[r.VolumetricFog:1]]
[2023.04.17-12.11.43:473][  0]LogConfig: Setting CVar [[r.VolumetricFog.GridPixelSize:8]]
[2023.04.17-12.11.43:473][  0]LogConfig: Setting CVar [[r.VolumetricFog.GridSizeZ:128]]
[2023.04.17-12.11.43:473][  0]LogConfig: Setting CVar [[r.VolumetricFog.HistoryMissSupersampleCount:4]]
[2023.04.17-12.11.43:473][  0]LogConfig: Setting CVar [[r.LightMaxDrawDistanceScale:1]]
[2023.04.17-12.11.43:473][  0]LogConfig: Setting CVar [[r.CapsuleShadows:1]]
[2023.04.17-12.11.43:473][  0]LogConfig: Applying CVar settings from Section [PostProcessQuality@3] File [C:/Users/shelk/OneDrive/Documents/Unreal Projects/MyProject/Saved/Config/Windows/Scalability.ini]
[2023.04.17-12.11.43:473][  0]LogConfig: Setting CVar [[r.MotionBlurQuality:4]]
[2023.04.17-12.11.43:473][  0]LogConfig: Setting CVar [[r.AmbientOcclusionMipLevelFactor:0.4]]
[2023.04.17-12.11.43:473][  0]LogConfig: Setting CVar [[r.AmbientOcclusionMaxQuality:100]]
[2023.04.17-12.11.43:473][  0]LogConfig: Setting CVar [[r.AmbientOcclusionLevels:-1]]
[2023.04.17-12.11.43:473][  0]LogConfig: Setting CVar [[r.AmbientOcclusionRadiusScale:1.0]]
[2023.04.17-12.11.43:473][  0]LogConfig: Setting CVar [[r.DepthOfFieldQuality:2]]
[2023.04.17-12.11.43:473][  0]LogConfig: Setting CVar [[r.RenderTargetPoolMin:400]]
[2023.04.17-12.11.43:473][  0]LogConfig: Setting CVar [[r.LensFlareQuality:2]]
[2023.04.17-12.11.43:473][  0]LogConfig: Setting CVar [[r.SceneColorFringeQuality:1]]
[2023.04.17-12.11.43:473][  0]LogConfig: Setting CVar [[r.EyeAdaptationQuality:2]]
[2023.04.17-12.11.43:473][  0]LogConfig: Setting CVar [[r.BloomQuality:5]]
[2023.04.17-12.11.43:473][  0]LogConfig: Setting CVar [[r.FastBlurThreshold:100]]
[2023.04.17-12.11.43:473][  0]LogConfig: Setting CVar [[r.Upscale.Quality:3]]
[2023.04.17-12.11.43:473][  0]LogConfig: Setting CVar [[r.Tonemapper.GrainQuantization:1]]
[2023.04.17-12.11.43:473][  0]LogConfig: Setting CVar [[r.LightShaftQuality:1]]
[2023.04.17-12.11.43:473][  0]LogConfig: Setting CVar [[r.Filter.SizeScale:1]]
[2023.04.17-12.11.43:473][  0]LogConfig: Setting CVar [[r.Tonemapper.Quality:5]]
[2023.04.17-12.11.43:473][  0]LogConfig: Setting CVar [[r.DOF.Gather.AccumulatorQuality:1        ; higher gathering accumulator quality]]
[2023.04.17-12.11.43:473][  0]LogConfig: Setting CVar [[r.DOF.Gather.PostfilterMethod:1          ; Median3x3 postfilering method]]
[2023.04.17-12.11.43:473][  0]LogConfig: Setting CVar [[r.DOF.Gather.EnableBokehSettings:0       ; no bokeh simulation when gathering]]
[2023.04.17-12.11.43:473][  0]LogConfig: Setting CVar [[r.DOF.Gather.RingCount:4                 ; medium number of samples when gathering]]
[2023.04.17-12.11.43:473][  0]LogConfig: Setting CVar [[r.DOF.Scatter.ForegroundCompositing:1    ; additive foreground scattering]]
[2023.04.17-12.11.43:473][  0]LogConfig: Setting CVar [[r.DOF.Scatter.BackgroundCompositing:2    ; additive background scattering]]
[2023.04.17-12.11.43:473][  0]LogConfig: Setting CVar [[r.DOF.Scatter.EnableBokehSettings:1      ; bokeh simulation when scattering]]
[2023.04.17-12.11.43:473][  0]LogConfig: Setting CVar [[r.DOF.Scatter.MaxSpriteRatio:0.1         ; only a maximum of 10% of scattered bokeh]]
[2023.04.17-12.11.43:473][  0]LogConfig: Setting CVar [[r.DOF.Recombine.Quality:1                ; cheap slight out of focus]]
[2023.04.17-12.11.43:473][  0]LogConfig: Setting CVar [[r.DOF.Recombine.EnableBokehSettings:0    ; no bokeh simulation on slight out of focus]]
[2023.04.17-12.11.43:473][  0]LogConfig: Setting CVar [[r.DOF.TemporalAAQuality:1                ; more stable temporal accumulation]]
[2023.04.17-12.11.43:473][  0]LogConfig: Setting CVar [[r.DOF.Kernel.MaxForegroundRadius:0.025]]
[2023.04.17-12.11.43:473][  0]LogConfig: Setting CVar [[r.DOF.Kernel.MaxBackgroundRadius:0.025]]
[2023.04.17-12.11.43:473][  0]LogConfig: Applying CVar settings from Section [TextureQuality@3] File [C:/Users/shelk/OneDrive/Documents/Unreal Projects/MyProject/Saved/Config/Windows/Scalability.ini]
[2023.04.17-12.11.43:473][  0]LogConfig: Setting CVar [[r.Streaming.MipBias:0]]
[2023.04.17-12.11.43:473][  0]LogConfig: Setting CVar [[r.Streaming.AmortizeCPUToGPUCopy:0]]
[2023.04.17-12.11.43:473][  0]LogConfig: Setting CVar [[r.Streaming.MaxNumTexturesToStreamPerFrame:0]]
[2023.04.17-12.11.43:473][  0]LogConfig: Setting CVar [[r.Streaming.Boost:1]]
[2023.04.17-12.11.43:473][  0]LogConfig: Setting CVar [[r.MaxAnisotropy:8]]
[2023.04.17-12.11.43:473][  0]LogConfig: Setting CVar [[r.VT.MaxAnisotropy:8]]
[2023.04.17-12.11.43:473][  0]LogConfig: Setting CVar [[r.Streaming.LimitPoolSizeToVRAM:0]]
[2023.04.17-12.11.43:473][  0]LogConfig: Setting CVar [[r.Streaming.PoolSize:1000]]
[2023.04.17-12.11.43:473][  0]LogConfig: Setting CVar [[r.Streaming.MaxEffectiveScreenSize:0]]
[2023.04.17-12.11.43:473][  0]LogConfig: Applying CVar settings from Section [EffectsQuality@3] File [C:/Users/shelk/OneDrive/Documents/Unreal Projects/MyProject/Saved/Config/Windows/Scalability.ini]
[2023.04.17-12.11.43:473][  0]LogConfig: Setting CVar [[r.TranslucencyLightingVolumeDim:64]]
[2023.04.17-12.11.43:473][  0]LogConfig: Setting CVar [[r.RefractionQuality:2]]
[2023.04.17-12.11.43:473][  0]LogConfig: Setting CVar [[r.SSR.Quality:3]]
[2023.04.17-12.11.43:473][  0]LogConfig: Setting CVar [[r.SSR.HalfResSceneColor:0]]
[2023.04.17-12.11.43:473][  0]LogConfig: Setting CVar [[r.SceneColorFormat:4]]
[2023.04.17-12.11.43:473][  0]LogConfig: Setting CVar [[r.DetailMode:2]]
[2023.04.17-12.11.43:473][  0]LogConfig: Setting CVar [[r.TranslucencyVolumeBlur:1]]
[2023.04.17-12.11.43:473][  0]LogConfig: Setting CVar [[r.MaterialQualityLevel:1 ; High quality]]
[2023.04.17-12.11.43:473][  0]LogConfig: Setting CVar [[r.AnisotropicMaterials:1]]
[2023.04.17-12.11.43:473][  0]LogConfig: Setting CVar [[r.SSS.Scale:1]]
[2023.04.17-12.11.43:473][  0]LogConfig: Setting CVar [[r.SSS.SampleSet:2]]
[2023.04.17-12.11.43:473][  0]LogConfig: Setting CVar [[r.SSS.Quality:1]]
[2023.04.17-12.11.43:473][  0]LogConfig: Setting CVar [[r.SSS.HalfRes:0]]
[2023.04.17-12.11.43:473][  0]LogConfig: Setting CVar [[r.SSGI.Quality:3]]
[2023.04.17-12.11.43:473][  0]LogConfig: Setting CVar [[r.EmitterSpawnRateScale:1.0]]
[2023.04.17-12.11.43:473][  0]LogConfig: Setting CVar [[r.ParticleLightQuality:2]]
[2023.04.17-12.11.43:473][  0]LogConfig: Setting CVar [[r.SkyAtmosphere.AerialPerspectiveLUT.FastApplyOnOpaque:1 ; Always have FastSkyLUT 1 in this case to avoid wrong sky]]
[2023.04.17-12.11.43:473][  0]LogConfig: Setting CVar [[r.SkyAtmosphere.AerialPerspectiveLUT.SampleCountMaxPerSlice:4]]
[2023.04.17-12.11.43:473][  0]LogConfig: Setting CVar [[r.SkyAtmosphere.AerialPerspectiveLUT.DepthResolution:16.0]]
[2023.04.17-12.11.43:473][  0]LogConfig: Setting CVar [[r.SkyAtmosphere.FastSkyLUT:1]]
[2023.04.17-12.11.43:473][  0]LogConfig: Setting CVar [[r.SkyAtmosphere.FastSkyLUT.SampleCountMin:4.0]]
[2023.04.17-12.11.43:474][  0]LogConfig: Setting CVar [[r.SkyAtmosphere.FastSkyLUT.SampleCountMax:128.0]]
[2023.04.17-12.11.43:474][  0]LogConfig: Setting CVar [[r.SkyAtmosphere.SampleCountMin:4.0]]
[2023.04.17-12.11.43:474][  0]LogConfig: Setting CVar [[r.SkyAtmosphere.SampleCountMax:128.0]]
[2023.04.17-12.11.43:474][  0]LogConfig: Setting CVar [[r.SkyAtmosphere.TransmittanceLUT.UseSmallFormat:0]]
[2023.04.17-12.11.43:474][  0]LogConfig: Setting CVar [[r.SkyAtmosphere.TransmittanceLUT.SampleCount:10.0]]
[2023.04.17-12.11.43:474][  0]LogConfig: Setting CVar [[r.SkyAtmosphere.MultiScatteringLUT.SampleCount:15.0]]
[2023.04.17-12.11.43:474][  0]LogConfig: Setting CVar [[r.SkyLight.RealTimeReflectionCapture:1]]
[2023.04.17-12.11.43:474][  0]LogConfig: Applying CVar settings from Section [FoliageQuality@3] File [C:/Users/shelk/OneDrive/Documents/Unreal Projects/MyProject/Saved/Config/Windows/Scalability.ini]
[2023.04.17-12.11.43:474][  0]LogConfig: Setting CVar [[foliage.DensityScale:1.0]]
[2023.04.17-12.11.43:474][  0]LogConfig: Setting CVar [[grass.DensityScale:1.0]]
[2023.04.17-12.11.43:474][  0]LogConfig: Applying CVar settings from Section [ShadingQuality@3] File [C:/Users/shelk/OneDrive/Documents/Unreal Projects/MyProject/Saved/Config/Windows/Scalability.ini]
[2023.04.17-12.11.43:474][  0]LogConfig: Setting CVar [[r.HairStrands.SkyLighting.IntegrationType:2]]
[2023.04.17-12.11.43:474][  0]LogConfig: Setting CVar [[r.HairStrands.SkyAO.SampleCount:4]]
[2023.04.17-12.11.43:474][  0]LogConfig: Setting CVar [[r.HairStrands.Visibility.MSAA.SamplePerPixel:4]]
[2023.04.17-12.11.43:474][  0]LogConfig: Applying CVar settings from Section [Startup] File [../../../Engine/Config/ConsoleVariables.ini]
[2023.04.17-12.11.43:474][  0]LogConfig: Setting CVar [[net.UseAdaptiveNetUpdateFrequency:0]]
[2023.04.17-12.11.43:474][  0]LogConfig: Setting CVar [[p.chaos.AllowCreatePhysxBodies:1]]
[2023.04.17-12.11.43:474][  0]LogConfig: Setting CVar [[fx.SkipVectorVMBackendOptimizations:1]]
[2023.04.17-12.11.43:474][  0]LogConfig: Applying CVar settings from Section [ConsoleVariables] File [C:/Users/shelk/OneDrive/Documents/Unreal Projects/MyProject/Saved/Config/Windows/Engine.ini]
[2023.04.17-12.11.43:474][  0]LogConfig: Applying CVar settings from Section [ConsoleVariables] File [C:/Users/shelk/OneDrive/Documents/Unreal Projects/MyProject/Saved/Config/Windows/Editor.ini]
[2023.04.17-12.11.43:474][  0]LogInit: Computer: XBADMOJOX
[2023.04.17-12.11.43:474][  0]LogInit: User: shelk
[2023.04.17-12.11.43:474][  0]LogInit: CPU Page size=4096, Cores=12
[2023.04.17-12.11.43:474][  0]LogInit: High frequency timer resolution =10.000000 MHz
[2023.04.17-12.11.43:474][  0]LogMemory: Memory total: Physical=63.8GB (64GB approx)
[2023.04.17-12.11.43:474][  0]LogMemory: Platform Memory Stats for Windows
[2023.04.17-12.11.43:474][  0]LogMemory: Process Physical Memory: 149.11 MB used, 149.11 MB peak
[2023.04.17-12.11.43:474][  0]LogMemory: Process Virtual Memory: 132.87 MB used, 132.87 MB peak
[2023.04.17-12.11.43:474][  0]LogMemory: Physical Memory: 12870.75 MB used,  52506.71 MB free, 65377.46 MB total
[2023.04.17-12.11.43:474][  0]LogMemory: Virtual Memory: 134165168.00 MB used,  52561.78 MB free, 134217728.00 MB total
[2023.04.17-12.11.43:478][  0]LogWindows: WindowsPlatformFeatures enabled
[2023.04.17-12.11.43:493][  0]LogInit: Physics initialised using underlying interface: PhysX
[2023.04.17-12.11.43:494][  0]LogInit: Using OS detected language (ru-RU).
[2023.04.17-12.11.43:494][  0]LogInit: Using OS detected locale (ru-RU).
[2023.04.17-12.11.43:495][  0]LogTextLocalizationManager: No specific localization for 'ru-RU' exists, so the 'ru' localization will be used.
[2023.04.17-12.11.43:495][  0]LogTextLocalizationResource: LocRes '../../../Engine/Content/Localization/Editor/ru/Editor.locres' could not be opened for reading!
[2023.04.17-12.11.43:495][  0]LogTextLocalizationResource: LocRes '../../../Engine/Content/Localization/EditorTutorials/ru/EditorTutorials.locres' could not be opened for reading!
[2023.04.17-12.11.43:495][  0]LogTextLocalizationResource: LocRes '../../../Engine/Content/Localization/Keywords/ru/Keywords.locres' could not be opened for reading!
[2023.04.17-12.11.43:495][  0]LogTextLocalizationResource: LocRes '../../../Engine/Content/Localization/Category/ru/Category.locres' could not be opened for reading!
[2023.04.17-12.11.43:495][  0]LogTextLocalizationResource: LocRes '../../../Engine/Content/Localization/ToolTips/ru/ToolTips.locres' could not be opened for reading!
[2023.04.17-12.11.43:495][  0]LogTextLocalizationResource: LocRes '../../../Engine/Content/Localization/PropertyNames/ru/PropertyNames.locres' could not be opened for reading!
[2023.04.17-12.11.43:495][  0]LogTextLocalizationResource: LocRes '../../../Engine/Content/Localization/Engine/ru/Engine.locres' could not be opened for reading!
[2023.04.17-12.11.43:496][  0]LogInit: Setting process to per monitor DPI aware
[2023.04.17-12.11.43:505][  0]LogWindowsTextInputMethodSystem: Display: IME system deactivated.
[2023.04.17-12.11.43:513][  0]LogSlate: New Slate User Created.  User Index 0, Is Virtual User: 0
[2023.04.17-12.11.43:513][  0]LogSlate: Slate User Registered.  User Index 0, Is Virtual User: 0
[2023.04.17-12.11.43:575][  0]LogD3D11RHI: Loaded GFSDK_Aftermath_Lib.x64.dll
[2023.04.17-12.11.43:578][  0]LogHMD: Failed to initialize OpenVR with code 110
[2023.04.17-12.11.43:578][  0]LogD3D11RHI: D3D11 min allowed feature level: 11_0
[2023.04.17-12.11.43:578][  0]LogD3D11RHI: D3D11 max allowed feature level: 11_0
[2023.04.17-12.11.43:578][  0]LogD3D11RHI: D3D11 adapters:
[2023.04.17-12.11.43:611][  0]LogD3D11RHI:    0. 'AMD Radeon RX 6600 XT' (Feature Level 11_0)
[2023.04.17-12.11.43:611][  0]LogD3D11RHI:       8147/0/32688 MB DedicatedVideo/DedicatedSystem/SharedSystem, Outputs:1, VendorId:0x1002
[2023.04.17-12.11.43:613][  0]LogD3D11RHI:    1. 'Microsoft Basic Render Driver' (Feature Level 11_0)
[2023.04.17-12.11.43:613][  0]LogD3D11RHI:       0/0/32688 MB DedicatedVideo/DedicatedSystem/SharedSystem, Outputs:0, VendorId:0x1414
[2023.04.17-12.11.43:613][  0]LogD3D11RHI: Chosen D3D11 Adapter:
[2023.04.17-12.11.43:613][  0]LogD3D11RHI:     Description : AMD Radeon RX 6600 XT
[2023.04.17-12.11.43:613][  0]LogD3D11RHI:     VendorId    : 1002
[2023.04.17-12.11.43:613][  0]LogD3D11RHI:     DeviceId    : 73ff
[2023.04.17-12.11.43:613][  0]LogD3D11RHI:     SubSysId    : 2412148c
[2023.04.17-12.11.43:613][  0]LogD3D11RHI:     Revision    : 00c1
[2023.04.17-12.11.43:613][  0]LogD3D11RHI:     DedicatedVideoMemory : 8543391744 bytes
[2023.04.17-12.11.43:613][  0]LogD3D11RHI:     DedicatedSystemMemory : 0 bytes
[2023.04.17-12.11.43:613][  0]LogD3D11RHI:     SharedSystemMemory : 34276616192 bytes
[2023.04.17-12.11.43:613][  0]LogD3D11RHI:     AdapterLuid : 0 60912
[2023.04.17-12.11.43:617][  0]LogD3D11RHI: Creating new Direct3DDevice
[2023.04.17-12.11.43:617][  0]LogD3D11RHI:     GPU DeviceId: 0x73ff (for the marketing name, search the web for "GPU Device Id")
[2023.04.17-12.11.43:617][  0]LogWindows: EnumDisplayDevices:
[2023.04.17-12.11.43:617][  0]LogWindows:    0. 'AMD Radeon RX 6600 XT' (P:1 D:1)
[2023.04.17-12.11.43:618][  0]LogWindows:    1. 'AMD Radeon RX 6600 XT' (P:0 D:0)
[2023.04.17-12.11.43:618][  0]LogWindows:    2. 'AMD Radeon RX 6600 XT' (P:0 D:0)
[2023.04.17-12.11.43:618][  0]LogWindows:    3. 'AMD Radeon RX 6600 XT' (P:0 D:0)
[2023.04.17-12.11.43:618][  0]LogWindows:    4. 'AMD Radeon RX 6600 XT' (P:0 D:0)
[2023.04.17-12.11.43:618][  0]LogWindows:    5. 'AMD Radeon RX 6600 XT' (P:0 D:0)
[2023.04.17-12.11.43:618][  0]LogWindows:    6. 'AMD Radeon RX 6600 XT' (P:0 D:0)
[2023.04.17-12.11.43:618][  0]LogWindows: DebugString: FoundDriverCount:7 
[2023.04.17-12.11.43:618][  0]LogD3D11RHI:     Adapter Name: AMD Radeon RX 6600 XT
[2023.04.17-12.11.43:618][  0]LogD3D11RHI:   Driver Version: Adrenalin 21.20.16 (internal:27.20.22016.2, unified:27.20.22016.2)
[2023.04.17-12.11.43:618][  0]LogD3D11RHI:      Driver Date: 7-6-2021
[2023.04.17-12.11.43:618][  0]LogRHI: Texture pool is 5165 MB (70% of 7379 MB)
[2023.04.17-12.11.43:631][  0]LogD3D11RHI: Creating D3DDevice with AMD AGS, using adapter:
[2023.04.17-12.11.43:631][  0]LogD3D11RHI:     Description : AMD Radeon RX 6600 XT
[2023.04.17-12.11.43:631][  0]LogD3D11RHI:     VendorId    : 1002
[2023.04.17-12.11.43:631][  0]LogD3D11RHI:     DeviceId    : 73ff
[2023.04.17-12.11.43:631][  0]LogD3D11RHI:     SubSysId    : 2412148c
[2023.04.17-12.11.43:631][  0]LogD3D11RHI:     Revision    : 00c1
[2023.04.17-12.11.43:631][  0]LogD3D11RHI:     DedicatedVideoMemory : 8543391744 bytes
[2023.04.17-12.11.43:631][  0]LogD3D11RHI:     DedicatedSystemMemory : 0 bytes
[2023.04.17-12.11.43:631][  0]LogD3D11RHI:     SharedSystemMemory : 34276616192 bytes
[2023.04.17-12.11.43:631][  0]LogD3D11RHI:     AdapterLuid : 0 60912
[2023.04.17-12.11.43:659][  0]LogD3D11RHI: Created device via AGS, feature level 11_0, supported extensions 1fffffbf.
[2023.04.17-12.11.43:659][  0]LogD3D11RHI: RHI has support for 64 bit atomics
[2023.04.17-12.11.43:659][  0]LogD3D11RHI: Async texture creation enabled
[2023.04.17-12.11.43:659][  0]LogD3D11RHI: Array index from any shader is supported
[2023.04.17-12.11.43:659][  0]LogD3D11RHI: HDR output is supported on display 0 (AMD Device: 0x0, Display: 0x0).
[2023.04.17-12.11.43:669][  0]LogD3D11RHI: GPU Timing Frequency: 100.000000 (Debug: 2 1)
[2023.04.17-12.11.43:857][  0]LogTargetPlatformManager: Display: Loaded TargetPlatform 'AllDesktop'
[2023.04.17-12.11.43:871][  0]LogTargetPlatformManager: Display: Loaded TargetPlatform 'Android'
[2023.04.17-12.11.43:871][  0]LogTargetPlatformManager: Display: Loaded TargetPlatform 'Android_ASTC'
[2023.04.17-12.11.43:871][  0]LogTargetPlatformManager: Display: Loaded TargetPlatform 'Android_DXT'
[2023.04.17-12.11.43:871][  0]LogTargetPlatformManager: Display: Loaded TargetPlatform 'Android_ETC2'
[2023.04.17-12.11.43:871][  0]LogTargetPlatformManager: Display: Loaded TargetPlatform 'AndroidClient'
[2023.04.17-12.11.43:871][  0]LogTargetPlatformManager: Display: Loaded TargetPlatform 'Android_ASTCClient'
[2023.04.17-12.11.43:871][  0]LogTargetPlatformManager: Display: Loaded TargetPlatform 'Android_DXTClient'
[2023.04.17-12.11.43:871][  0]LogTargetPlatformManager: Display: Loaded TargetPlatform 'Android_ETC2Client'
[2023.04.17-12.11.43:871][  0]LogTargetPlatformManager: Display: Loaded TargetPlatform 'Android_Multi'
[2023.04.17-12.11.43:871][  0]LogTargetPlatformManager: Display: Loaded TargetPlatform 'Android_MultiClient'
[2023.04.17-12.11.43:883][  0]LogTargetPlatformManager: Display: Loaded TargetPlatform 'IOSClient'
[2023.04.17-12.11.43:883][  0]LogTargetPlatformManager: Display: Loaded TargetPlatform 'IOS'
[2023.04.17-12.11.43:889][  0]LogTargetPlatformManager: Display: Loaded TargetPlatform 'Linux'
[2023.04.17-12.11.43:892][  0]LogTargetPlatformManager: Display: Loaded TargetPlatform 'LinuxNoEditor'
[2023.04.17-12.11.43:895][  0]LogTargetPlatformManager: Display: Loaded TargetPlatform 'LinuxClient'
[2023.04.17-12.11.43:898][  0]LogTargetPlatformManager: Display: Loaded TargetPlatform 'LinuxServer'
[2023.04.17-12.11.43:903][  0]LogTargetPlatformManager: Display: Loaded TargetPlatform 'LinuxAArch64NoEditor'
[2023.04.17-12.11.43:906][  0]LogTargetPlatformManager: Display: Loaded TargetPlatform 'LinuxAArch64Client'
[2023.04.17-12.11.43:909][  0]LogTargetPlatformManager: Display: Loaded TargetPlatform 'LinuxAArch64Server'
[2023.04.17-12.11.43:924][  0]LogTargetPlatformManager: Display: Loaded TargetPlatform 'Lumin'
[2023.04.17-12.11.43:924][  0]LogTargetPlatformManager: Display: Loaded TargetPlatform 'LuminClient'
[2023.04.17-12.11.43:929][  0]LogTargetPlatformManager: Display: Loaded TargetPlatform 'MacNoEditor'
[2023.04.17-12.11.43:932][  0]LogTargetPlatformManager: Display: Loaded TargetPlatform 'Mac'
[2023.04.17-12.11.43:935][  0]LogTargetPlatformManager: Display: Loaded TargetPlatform 'MacClient'
[2023.04.17-12.11.43:938][  0]LogTargetPlatformManager: Display: Loaded TargetPlatform 'MacServer'
[2023.04.17-12.11.43:948][  0]LogTargetPlatformManager: Display: Loaded TargetPlatform 'TVOSClient'
[2023.04.17-12.11.43:948][  0]LogTargetPlatformManager: Display: Loaded TargetPlatform 'TVOS'
[2023.04.17-12.11.43:956][  0]LogTargetPlatformManager: Display: Loaded TargetPlatform 'WindowsNoEditor'
[2023.04.17-12.11.43:960][  0]LogTargetPlatformManager: Display: Loaded TargetPlatform 'Windows'
[2023.04.17-12.11.43:966][  0]LogTargetPlatformManager: Display: Loaded TargetPlatform 'WindowsClient'
[2023.04.17-12.11.43:970][  0]LogTargetPlatformManager: Display: Loaded TargetPlatform 'WindowsServer'
[2023.04.17-12.11.43:970][  0]LogTargetPlatformManager: Display: Building Assets For Windows
[2023.04.17-12.11.43:976][  0]LogAudioDebug: Display: Lib vorbis DLL was dynamically loaded.
[2023.04.17-12.11.43:998][  0]LogTextureFormatOodle: Display: Oodle Texture 2.9.0 init RDO Off
[2023.04.17-12.11.44:030][  0]LogRendererCore: Ray tracing is disabled. Reason: r.RayTracing=0.
[2023.04.17-12.11.44:030][  0]LogShaderCompilers: Guid format shader working directory is -13 characters bigger than the processId version (C:/Users/shelk/OneDrive/Documents/Unreal Projects/MyProject/Intermediate/Shaders/WorkingDirectory/7264/).
[2023.04.17-12.11.44:030][  0]LogShaderCompilers: Cleaned the shader compiler working directory 'C:/Users/shelk/AppData/Local/Temp/UnrealShaderWorkingDir/DE37BF8343D72ED1AA402E957D404ACB/'.
[2023.04.17-12.11.44:030][  0]LogXGEController: Cannot use XGE Controller as Incredibuild is not installed on this machine.
[2023.04.17-12.11.44:030][  0]LogShaderCompilers: Cannot use XGE Shader Compiler as Incredibuild is not installed on this machine.
[2023.04.17-12.11.44:030][  0]LogShaderCompilers: Display: Using Local Shader Compiler.
[2023.04.17-12.11.44:565][  0]LogDerivedDataCache: Display: Max Cache Size: 512 MB
[2023.04.17-12.11.44:605][  0]LogDerivedDataCache: Loaded boot cache 0.04s 94MB C:/Users/shelk/AppData/Local/UnrealEngine/4.27/DerivedDataCache/Boot.ddc.
[2023.04.17-12.11.44:605][  0]LogDerivedDataCache: Display: Loaded Boot cache: C:/Users/shelk/AppData/Local/UnrealEngine/4.27/DerivedDataCache/Boot.ddc
[2023.04.17-12.11.44:605][  0]LogDerivedDataCache: FDerivedDataBackendGraph:  Pak pak cache file C:/Users/shelk/OneDrive/Documents/Unreal Projects/MyProject/DerivedDataCache/DDC.ddp not found, will not use a pak cache.
[2023.04.17-12.11.44:605][  0]LogDerivedDataCache: Unable to find inner node Pak for hierarchical cache Hierarchy.
[2023.04.17-12.11.44:605][  0]LogDerivedDataCache: FDerivedDataBackendGraph:  CompressedPak pak cache file C:/Users/shelk/OneDrive/Documents/Unreal Projects/MyProject/DerivedDataCache/Compressed.ddp not found, will not use a pak cache.
[2023.04.17-12.11.44:605][  0]LogDerivedDataCache: Unable to find inner node CompressedPak for hierarchical cache Hierarchy.
[2023.04.17-12.11.44:618][  0]LogDerivedDataCache: Display: Pak cache opened for reading ../../../Engine/DerivedDataCache/Compressed.ddp.
[2023.04.17-12.11.44:618][  0]LogDerivedDataCache: FDerivedDataBackendGraph:  EnterprisePak pak cache file ../../../Enterprise/DerivedDataCache/Compressed.ddp not found, will not use a pak cache.
[2023.04.17-12.11.44:618][  0]LogDerivedDataCache: Unable to find inner node EnterprisePak for hierarchical cache Hierarchy.
[2023.04.17-12.11.44:622][  0]LogDerivedDataCache: Speed tests for C:/Users/shelk/AppData/Local/UnrealEngine/Common/DerivedDataCache took 0.00 seconds
[2023.04.17-12.11.44:622][  0]LogDerivedDataCache: Display: Performance to C:/Users/shelk/AppData/Local/UnrealEngine/Common/DerivedDataCache: Latency=0.02ms. RandomReadSpeed=1640.53MBs, RandomWriteSpeed=303.65MBs. Assigned SpeedClass 'Local'
[2023.04.17-12.11.44:622][  0]LogDerivedDataCache: Using Local data cache path C:/Users/shelk/AppData/Local/UnrealEngine/Common/DerivedDataCache: Writable
[2023.04.17-12.11.44:622][  0]LogDerivedDataCache: Shared data cache path not found in *engine.ini, will not use an Shared cache.
[2023.04.17-12.11.44:622][  0]LogDerivedDataCache: Unable to find inner node Shared for hierarchical cache Hierarchy.
[2023.04.17-12.11.44:663][  0]LogSlate: Using FreeType 2.10.0
[2023.04.17-12.11.44:664][  0]LogSlate: SlateFontServices - WITH_FREETYPE: 1, WITH_HARFBUZZ: 1
[2023.04.17-12.11.44:688][  0]LogAssetRegistry: FAssetRegistry took 0.0019 seconds to start up
[2023.04.17-12.11.44:907][  0]LogInit: Selected Device Profile: [Windows]
[2023.04.17-12.11.44:907][  0]LogInit: Active device profile: [00000187CC864900][00000187C9A3C4C0 49] Windows
[2023.04.17-12.11.44:907][  0]LogInit: Profiles: [00000187CC864900][00000187C9A3C4C0 49] Windows, [00000187CC83B800][00000187C9A40600 49] WindowsNoEditor, [00000187CC867500][00000187C9A44740 49] WindowsServer, [00000187CC838E00][00000187C9A48880 49] WindowsClient, [00000187CC867800][00000187C9A4C9C0 49] IOS, [00000187CC83A800][00000187C9A54B40 49] iPadAir, [00000187CC866000][00000187C9A74CC0 49] iPadAir2, [00000187CC798A00][00000187C8FC4F80 49] IPadPro, [00000187CC798B00][00000187C8FC0FC0 49] iPadAir3, [00000187CC839700][00000187C8FC9140 49] iPadAir4, [00000187CC79B400][00000187C8FD12C0 49] iPadMini2, [00000187CC83AA00][00000187C9A79440 49] iPadMini3, [00000187CC799700][00000187C9A7D5C0 49] iPadMini4, [00000187CC864F00][00000187C9A85740 49] iPadMini5, [00000187CC7B0300][00000187C9A8DA00 49] iPhone6, [00000187CC7B0400][00000187C9A89A40 49] iPodTouch6, [00000187CC79B600][00000187CD2F6180 49] iPhone7, [00000187CC799800][00000187CD2F21C0 49] iPodTouch7, [00000187CC7B3F00][00000187CD2FA340 49] iPhone5S, [00000187CC83A300][00000187CD2FE4C0 49] iPhone6Plus, [00000187CC798200][00000187CD302640 49] iPhone6S, [00000187CC83A200][00000187C9A50780 49] iPhone6SPlus, [00000187CC79BC00][00000187CD3068C0 49] iPhone7Plus, [00000187CC83BD00][00000187C9A80A00 49] iPhoneSE, [00000187CC79B500][00000187C8FCCB40 49] iPhone8, [00000187CC839E00][00000187CD808CC0 49] iPhone8Plus, [00000187CC79A600][00000187CD80CE40 49] iPhoneX, [00000187CC83A500][00000187CD810FC0 49] iPhoneXS, [00000187CC79A000][00000187CD815140 49] iPhoneXSMax, [00000187CC83BA00][00000187CD8192C0 49] iPhoneXR, [00000187CC79B700][00000187CD81D440 49] iPhone11, [00000187CC838D00][00000187CD8215C0 49] iPhone11Pro, [00000187CC79B800][00000187CD825740 49] iPhone11ProMax, [00000187CC838F00][00000187CD8298C0 49] iPhoneSE2, [00000187CC79AE00][00000187CD82DA40 49] iPhone12Mini, [00000187CC83A700][00000187CD831BC0 49] iPhone12, [00000187CC799100][00000187CD8341C0 49] iPhone12Pro, [00000187CC83B600][00000187CD838340 49] iPhone12ProMax, [00000187CC79A300][00000187CD83C4C0 49] iPadPro105, [00000187CC838C00][00000187C9562640 49] iPadPro129, [00000187CC79B300][00000187CD4227C0 49] iPadPro97, [00000187CC839F00][00000187CD41E940 49] iPadPro2_129, [00000187CC799400][00000187CD30AA80 49] iPad5, [00000187CC83B400][00000187C9638BC0 49] iPad6, [00000187CC79B100][00000187C981CD00 49] iPad7, [00000187CC839A00][00000187CD40EE80 49] iPad8, [00000187CC79A800][00000187C9567000 49] iPadPro11, [00000187CC839B00][00000187C956B180 49] iPadPro2_11, [00000187CC799B00][00000187C956F300 49] iPadPro3_129, [00000187CC83B900][00000187C9573480 49] iPadPro4_129, [00000187CC799500][00000187C9577600 49] AppleTV, [00000187CC83A000][00000187C957B780 49] AppleTV4K, [00000187CC798100][00000187C957F900 49] TVOS, [00000187CC83A600][00000187C9583A80 49] Mac, [00000187CC79A700][00000187C9587C00 49] MacClient, [00000187CC83AF00][00000187C958A200 49] MacNoEditor, [00000187CC79B900][00000187C958E380 49] MacServer, [00000187CC83B500][00000187C9592500 49] Linux, [00000187CC79A200][00000187C9596680 49] LinuxAArch64, [00000187CC838B00][00000187CD440800 49] LinuxNoEditor, [00000187CC79BB00][00000187CD444980 49] LinuxAArch64NoEditor, [00000187CC838100][00000187CD448B00 49] LinuxClient, [00000187CC799D00][00000187CD40AC40 49] LinuxAArch64Client, [00000187CC839600][00000187CD44CD80 49] LinuxServer, [00000187CC79A100][00000187CD450EC0 49] LinuxAArch64Server, [00000187CC839300][00000187CD459040 49] Android, [00000187CC798500][00000187CD45D1C0 49] Android_Low, [00000187CC83AB00][00000187CD461340 49] Android_Mid, [00000187CC867A00][00000187CD4654C0 49] Android_High, [00000187CC7B1C00][00000187CD469640 49] Android_Default, [00000187CC866100][00000187CD46D7C0 49] Android_Adreno4xx, [00000187CC7B2700][00000187CD471940 49] Android_Adreno5xx_Low, [00000187CC864B00][00000187CD475AC0 49] Android_Adreno5xx, [00000187CC7B2D00][00000187CD4780C0 49] Android_Adreno6xx, [00000187CC865200][00000187CD47C240 49] Android_Adreno6xx_Vulkan, [00000187CC7B2800][00000187CD4803C0 49] Android_Mali_T6xx, [00000187CC867200][00000187CD484540 49] Android_Mali_T7xx, [00000187CC7B2E00][00000187CD4886C0 49] Android_Mali_T8xx, [00000187CC866500][00000187CD48C840 49] Android_Mali_G71, [00000187CC7B3E00][00000187CD4909C0 49] Android_Mali_G72, [00000187CC866A00][00000187CD494B40 49] Android_Mali_G72_Vulkan, [00000187CC7B1B00][00000187CD498CC0 49] Android_Mali_G76, [00000187CC865D00][00000187CD454E00 49] Android_Mali_G76_Vulkan, [00000187CC7B3000][00000187CD49CF40 49] Android_Mali_G77, [00000187CC866D00][00000187CD4A1080 49] Android_Mali_G77_Vulkan, [00000187CC7B3A00][00000187CD4A51C0 49] Android_Mali_G78, [00000187CC864D00][00000187CD4AD340 49] Android_Mali_G78_Vulkan, [00000187CC7B0500][00000187CD4B14C0 49] Android_Mali_G710, [00000187CC865300][00000187CD4B5640 49] Android_Mali_G710_Vulkan, [00000187CC7B3500][00000187CD4B97C0 49] Android_Vulkan_SM5, [00000187CC867300][00000187CD4BD940 49] Android_PowerVR_G6xxx, [00000187CC7B2C00][00000187CD4C1AC0 49] Android_PowerVR_GT7xxx, [00000187CC867C00][00000187CD4C40C0 49] Android_PowerVR_GE8xxx, [00000187CC7B1200][00000187CD4C8240 49] Android_PowerVR_GM9xxx, [00000187CC867000][00000187CD4CC3C0 49] Android_PowerVR_GM9xxx_Vulkan, [00000187CC7B2900][00000187CD4D0540 49] Android_TegraK1, [00000187CC865100][00000187CD4D46C0 49] Android_Unknown_Vulkan, [00000187CC838600][00000187CD4D8840 49] Lumin, [00000187CC866900][00000187CD4DC9C0 49] Lumin_Desktop, [00000187CC839200][00000187CD4E0B40 49] HoloLens, 
[2023.04.17-12.11.44:984][  0]LogMeshReduction: Using QuadricMeshReduction for automatic static mesh reduction
[2023.04.17-12.11.44:984][  0]LogMeshReduction: Using SimplygonMeshReduction for automatic skeletal mesh reduction
[2023.04.17-12.11.44:984][  0]LogMeshReduction: Using ProxyLODMeshReduction for automatic mesh merging
[2023.04.17-12.11.44:984][  0]LogMeshReduction: No distributed automatic mesh merging module available
[2023.04.17-12.11.44:984][  0]LogMeshMerging: No distributed automatic mesh merging module available
[2023.04.17-12.11.44:993][  0]LogNetVersion: MyProject 1.0.0, NetCL: 17155196, EngineNetVer: 17, GameNetVer: 0 (Checksum: 3629800737)
[2023.04.17-12.11.45:254][  0]LogTexture: Default maximum texture size for cubemaps generated from long-lat sources has been changed from 512 to unlimited. In order to preserve old behaiour for '/Engine/MapTemplates/Sky/DaylightAmbientCubemap.DaylightAmbientCubemap', its maximum texture size has been explicitly set to 512.
[2023.04.17-12.11.45:293][  0]LogHMD: PokeAHoleMaterial loaded successfully
[2023.04.17-12.11.45:298][  0]LogUObjectArray: 17178 objects as part of root set at end of initial load.
[2023.04.17-12.11.45:298][  0]LogUObjectAllocator: 4302048 out of 0 bytes used by permanent object pool.
[2023.04.17-12.11.45:298][  0]LogUObjectArray: CloseDisregardForGC: 0/0 objects in disregard for GC pool
[2023.04.17-12.11.45:474][  0]LogPython: Using Python 3.7.7
[2023.04.17-12.11.45:812][  0]LogTcpMessaging: Initializing TcpMessaging bridge
[2023.04.17-12.11.45:815][  0]LogUdpMessaging: Initializing bridge on interface 0.0.0.0:0 to multicast group 230.0.0.1:6666.
[2023.04.17-12.11.45:829][  0]LogNiagaraDebuggerClient: Niagara Debugger Client Initialized | Session: 5607F8794004DD72DC294AA738F522C3 | Instance: 45AD46BD428A840B6F43059CC7D29C67 (XBADMOJOX-7264).
[2023.04.17-12.11.46:132][  0]LogOpenImageDenoise: OIDN starting up
[2023.04.17-12.11.46:163][  0]LogAndroidPermission: UAndroidPermissionCallbackProxy::GetInstance
[2023.04.17-12.11.46:178][  0]LogAudioCaptureCore: Display: No Audio Capture implementations found. Audio input will be silent.
[2023.04.17-12.11.46:178][  0]LogAudioCaptureCore: Display: No Audio Capture implementations found. Audio input will be silent.
[2023.04.17-12.11.46:261][  0]SourceControl: Source control is disabled
[2023.04.17-12.11.46:261][  0]SourceControl: Source control is disabled
[2023.04.17-12.11.46:264][  0]SourceControl: Source control is disabled
[2023.04.17-12.11.46:266][  0]SourceControl: Source control is disabled
[2023.04.17-12.11.46:268][  0]SourceControl: Source control is disabled
[2023.04.17-12.11.46:270][  0]LogUProjectInfo: Found projects:
[2023.04.17-12.11.46:284][  0]LogCollectionManager: Loaded 0 collections in 0.000409 seconds
[2023.04.17-12.11.46:297][  0]LogFileCache: Scanning file cache for directory 'C:/Users/shelk/OneDrive/Documents/Unreal Projects/MyProject/Saved/Collections/' took 0.00s
[2023.04.17-12.11.46:297][  0]LogFileCache: Scanning file cache for directory 'C:/Users/shelk/OneDrive/Documents/Unreal Projects/MyProject/Content/Developers/shelk/Collections/' took 0.00s
[2023.04.17-12.11.46:297][  0]LogFileCache: Scanning file cache for directory 'C:/Users/shelk/OneDrive/Documents/Unreal Projects/MyProject/Content/Collections/' took 0.00s
[2023.04.17-12.11.46:297][  0]LogOcInput: OculusInput pre-init called
[2023.04.17-12.11.46:449][  0]LogEngine: Initializing Engine...
[2023.04.17-12.11.46:497][  0]LogHMD: Failed to enumerate extensions. Please check that you have a valid OpenXR runtime installed.
[2023.04.17-12.11.46:497][  0]LogHMD: Failed to initialize OpenVR with code 110
[2023.04.17-12.11.46:497][  0]LogMagicLeap: Warning: VR disabled because ZI is not enabled.  To enable, in the editor, Edit -> Project Settings -> Plugins -> Magic Leap Plugin -> Enable Zero Iteration
[2023.04.17-12.11.46:498][  0]LogStats: UGameplayTagsManager::InitializeManager -  0.000 s
[2023.04.17-12.11.46:569][  0]LogInit: Initializing FReadOnlyCVARCache
[2023.04.17-12.11.46:574][  0]LogAIModule: Creating AISystem for world Untitled
[2023.04.17-12.11.46:581][  0]LogAudio: Display: Initializing Audio Device Manager...
[2023.04.17-12.11.46:583][  0]LogAudio: Display: Loading Default Audio Settings Objects...
[2023.04.17-12.11.46:583][  0]LogAudio: Display: No default SoundConcurrencyObject specified (or failed to load).
[2023.04.17-12.11.46:584][  0]LogAudio: Display: Audio Device Manager Initialized
[2023.04.17-12.11.46:584][  0]LogAudio: Display: Creating Audio Device:                 Id: 1, Scope: Shared, Realtime: True
[2023.04.17-12.11.46:584][  0]LogAudioMixer: Display: Audio Mixer Platform Settings:
[2023.04.17-12.11.46:584][  0]LogAudioMixer: Display: 	Sample Rate:						  48000
[2023.04.17-12.11.46:584][  0]LogAudioMixer: Display: 	Callback Buffer Frame Size Requested: 1024
[2023.04.17-12.11.46:584][  0]LogAudioMixer: Display: 	Callback Buffer Frame Size To Use:	  1024
[2023.04.17-12.11.46:584][  0]LogAudioMixer: Display: 	Number of buffers to queue:			  2
[2023.04.17-12.11.46:584][  0]LogAudioMixer: Display: 	Max Channels (voices):				  32
[2023.04.17-12.11.46:584][  0]LogAudioMixer: Display: 	Number of Async Source Workers:		  0
[2023.04.17-12.11.46:584][  0]LogAudio: Display: AudioDevice MaxSources: 32
[2023.04.17-12.11.46:584][  0]LogAudio: Display: Audio Spatialization Plugin: None (built-in).
[2023.04.17-12.11.46:584][  0]LogAudio: Display: Audio Reverb Plugin: None (built-in).
[2023.04.17-12.11.46:584][  0]LogAudio: Display: Audio Occlusion Plugin: None (built-in).
[2023.04.17-12.11.46:584][  0]LogAudioMixer: Display: Initializing audio mixer.
[2023.04.17-12.11.46:589][  0]LogAudioMixer: Display: 0: FrontLeft
[2023.04.17-12.11.46:589][  0]LogAudioMixer: Display: 1: FrontRight
[2023.04.17-12.11.46:601][  0]LogAudioMixer: Display: Using Audio Device Динамики (Realtek(R) Audio)
[2023.04.17-12.11.46:603][  0]LogAudioMixer: Display: Initializing Sound Submixes...
[2023.04.17-12.11.46:604][  0]LogAudioMixer: Display: Creating Master Submix 'MasterSubmixDefault'
[2023.04.17-12.11.46:604][  0]LogAudioMixer: Display: Creating Master Submix 'MasterReverbSubmixDefault'
[2023.04.17-12.11.46:605][  0]LogAudioMixer: Display: Creating Master Submix 'MasterEQSubmixDefault'
[2023.04.17-12.11.46:605][  0]LogAudioMixer: FMixerPlatformXAudio2::StartAudioStream() called
[2023.04.17-12.11.46:605][  0]LogAudioMixer: Display: Output buffers initialized: Frames=1024, Channels=2, Samples=2048
[2023.04.17-12.11.46:605][  0]LogAudioMixer: Display: Starting AudioMixerPlatformInterface::RunInternal()
[2023.04.17-12.11.46:605][  0]LogAudioMixer: Display: FMixerPlatformXAudio2::SubmitBuffer() called for the first time
[2023.04.17-12.11.46:605][  0]LogInit: FAudioDevice initialized.
[2023.04.17-12.11.46:606][  0]LogAudio: Display: Audio Device (ID: 1) registered with world 'Untitled'.
[2023.04.17-12.11.46:606][  0]LogNetVersion: Set ProjectVersion to 1.0.0.0. Version Checksum will be recalculated on next use.
[2023.04.17-12.11.46:640][  0]LogDerivedDataCache: Saved boot cache 0.03s 94MB C:/Users/shelk/AppData/Local/UnrealEngine/4.27/DerivedDataCache/Boot.ddc.
[2023.04.17-12.11.46:641][  0]LogInit: Texture streaming: Enabled
[2023.04.17-12.11.46:649][  0]LogAnalytics: Display: [UEEditor.Rocket.Release] APIServer = https://datarouter.ol.epicgames.com/. AppVersion = 4.27.2-18319896+++UE4+Release-4.27
[2023.04.17-12.11.46:650][  0]LogEngineSessionManager: EngineSessionManager initialized
[2023.04.17-12.11.46:650][  0]LogEditorSessionSummary: Verbose: Initializing EditorSessionSummaryWriter for editor session tracking
[2023.04.17-12.11.46:651][  0]LogEditorSessionSummary: EditorSessionSummaryWriter initialized
[2023.04.17-12.11.46:667][  0]LogInit: Transaction tracking system initialized
[2023.04.17-12.11.46:681][  0]BlueprintLog: New page: Editor Load
[2023.04.17-12.11.46:719][  0]LocalizationService: Localization service is disabled
[2023.04.17-12.11.46:736][  0]TimingProfiler: Initialize
[2023.04.17-12.11.46:736][  0]TimingProfiler: OnSessionChanged
[2023.04.17-12.11.46:736][  0]LoadingProfiler: Initialize
[2023.04.17-12.11.46:736][  0]LoadingProfiler: OnSessionChanged
[2023.04.17-12.11.46:736][  0]NetworkingProfiler: Initialize
[2023.04.17-12.11.46:736][  0]NetworkingProfiler: OnSessionChanged
[2023.04.17-12.11.46:736][  0]MemoryProfiler: Initialize
[2023.04.17-12.11.46:736][  0]MemoryProfiler: OnSessionChanged
[2023.04.17-12.11.46:824][  0]LogCook: Display: CookSettings for Memory: MemoryMaxUsedVirtual 0MiB, MemoryMaxUsedPhysical 16384MiB, MemoryMinFreeVirtual 0MiB, MemoryMinFreePhysical 1024MiB
[2023.04.17-12.11.46:824][  0]LogCook: Display: Mobile HDR setting 1
[2023.04.17-12.11.46:869][  0]LogFileCache: Scanning file cache for directory 'C:/Users/shelk/OneDrive/Documents/Unreal Projects/MyProject/Content/' took 0.01s
[2023.04.17-12.11.47:062][  0]LogInit: Display: Engine is initialized. Leaving FEngineLoop::Init()
[2023.04.17-12.11.47:064][  0]SourceControl: Source control is disabled
[2023.04.17-12.11.47:064][  0]LogUnrealEdMisc: Loading editor; pre map load, took 4.323
[2023.04.17-12.11.47:064][  0]Cmd: MAP LOAD FILE="C:/Users/shelk/OneDrive/Documents/Unreal Projects/MyProject/Content/TopDownBP/Maps/TopDownExampleMap.umap" TEMPLATE=0 SHOWPROGRESS=1 FEATURELEVEL=3
[2023.04.17-12.11.47:068][  0]LightingResults: New page: Lighting Build
[2023.04.17-12.11.47:069][  0]LogWorld: UWorld::CleanupWorld for Untitled, bSessionEnded=true, bCleanupResources=true
[2023.04.17-12.11.47:069][  0]LogSlate: InvalidateAllWidgets triggered.  All widgets were invalidated
[2023.04.17-12.11.47:069][  0]MapCheck: New page: Map Check
[2023.04.17-12.11.47:069][  0]LightingResults: New page: Lighting Build
[2023.04.17-12.11.47:072][  0]LogAudio: Display: Audio Device unregistered from world 'None'.
[2023.04.17-12.11.47:074][  0]LogUObjectHash: Compacting FUObjectHashTables data took   0.47ms
[2023.04.17-12.11.47:402][  0]LogAudio: Display: Audio Device (ID: 1) registered with world 'TopDownExampleMap'.
[2023.04.17-12.11.47:402][  0]LogAIModule: Creating AISystem for world TopDownExampleMap
[2023.04.17-12.11.47:407][  0]LogEditorServer: Finished looking for orphan Actors (0.000 secs)
[2023.04.17-12.11.47:408][  0]LogNavigationDataBuild: Display:    Building NavData:  Name Default class /Script/NavigationSystem.RecastNavMesh agent radius 35.0.
[2023.04.17-12.11.47:420][  0]LogUObjectHash: Compacting FUObjectHashTables data took   0.54ms
[2023.04.17-12.11.47:420][  0]Cmd: MAP CHECKDEP NOCLEARLOG
[2023.04.17-12.11.47:420][  0]MapCheck: Map check complete: 0 Error(s), 0 Warning(s), took 0,111ms to complete.
[2023.04.17-12.11.47:421][  0]LogFileHelpers: Loading map 'TopDownExampleMap' took 0.357
[2023.04.17-12.11.47:422][  0]LogUnrealEdMisc: Total Editor Startup Time, took 4.681
[2023.04.17-12.11.47:516][  0]LogSlate: Updating window title bar state: overlay mode, drag disabled, window buttons hidden, title bar hidden
[2023.04.17-12.11.47:519][  0]LogSlate: Updating window title bar state: overlay mode, drag disabled, window buttons hidden, title bar hidden
[2023.04.17-12.11.47:522][  0]LogSlate: Updating window title bar state: overlay mode, drag disabled, window buttons hidden, title bar hidden
[2023.04.17-12.11.47:525][  0]LogSlate: Updating window title bar state: overlay mode, drag disabled, window buttons hidden, title bar hidden
[2023.04.17-12.11.47:538][  0]LogNativeClassHierarchy: Verbose: Native class hierarchy populated in 0.0061 seconds. Added 3822 classes and 928 folders.
[2023.04.17-12.11.47:539][  0]LogNativeClassHierarchy: Verbose: Native class hierarchy updated for 'WidgetCarousel' in 0.0002 seconds. Added 0 classes and 0 folders.
[2023.04.17-12.11.47:552][  0]LogPakFile: PakFile PrimaryIndexSize=187
[2023.04.17-12.11.47:552][  0]LogPakFile: PakFile PathHashIndexSize=101
[2023.04.17-12.11.47:552][  0]LogPakFile: PakFile FullDirectoryIndexSize=148
[2023.04.17-12.11.47:552][  0]LogShaderLibrary: Display: ShaderCodeLibraryPakFileMountedCallback: PakFile 'E:/UnrealEngine/UE_4.27/FeaturePacks/FP_FirstPerson.upack' (chunk index -1, root 'root:/') mounted
[2023.04.17-12.11.47:552][  0]LogShaderLibrary: Display: ShaderCodeLibraryPakFileMountedCallback: pending pak file info (ChunkID:-1 Root:root:/ File:E:/UnrealEngine/UE_4.27/FeaturePacks/FP_FirstPerson.upack)
[2023.04.17-12.11.47:552][  0]LogPakFile: OnPakFileMounted2Time == 0.000039
[2023.04.17-12.11.47:559][  0]LogPakFile: PakFile PrimaryIndexSize=189
[2023.04.17-12.11.47:559][  0]LogPakFile: PakFile PathHashIndexSize=101
[2023.04.17-12.11.47:559][  0]LogPakFile: PakFile FullDirectoryIndexSize=152
[2023.04.17-12.11.47:559][  0]LogShaderLibrary: Display: ShaderCodeLibraryPakFileMountedCallback: PakFile 'E:/UnrealEngine/UE_4.27/FeaturePacks/FP_FirstPersonBP.upack' (chunk index -1, root 'root:/') mounted
[2023.04.17-12.11.47:559][  0]LogShaderLibrary: Display: ShaderCodeLibraryPakFileMountedCallback: pending pak file info (ChunkID:-1 Root:root:/ File:E:/UnrealEngine/UE_4.27/FeaturePacks/FP_FirstPersonBP.upack)
[2023.04.17-12.11.47:559][  0]LogPakFile: OnPakFileMounted2Time == 0.000029
[2023.04.17-12.11.47:564][  0]LogPakFile: PakFile PrimaryIndexSize=191
[2023.04.17-12.11.47:564][  0]LogPakFile: PakFile PathHashIndexSize=101
[2023.04.17-12.11.47:564][  0]LogPakFile: PakFile FullDirectoryIndexSize=160
[2023.04.17-12.11.47:564][  0]LogShaderLibrary: Display: ShaderCodeLibraryPakFileMountedCallback: PakFile 'E:/UnrealEngine/UE_4.27/FeaturePacks/MobileStarterContent.upack' (chunk index -1, root 'root:/') mounted
[2023.04.17-12.11.47:564][  0]LogShaderLibrary: Display: ShaderCodeLibraryPakFileMountedCallback: pending pak file info (ChunkID:-1 Root:root:/ File:E:/UnrealEngine/UE_4.27/FeaturePacks/MobileStarterContent.upack)
[2023.04.17-12.11.47:564][  0]LogPakFile: OnPakFileMounted2Time == 0.000025
[2023.04.17-12.11.47:568][  0]LogPakFile: PakFile PrimaryIndexSize=185
[2023.04.17-12.11.47:568][  0]LogPakFile: PakFile PathHashIndexSize=101
[2023.04.17-12.11.47:568][  0]LogPakFile: PakFile FullDirectoryIndexSize=148
[2023.04.17-12.11.47:568][  0]LogShaderLibrary: Display: ShaderCodeLibraryPakFileMountedCallback: PakFile 'E:/UnrealEngine/UE_4.27/FeaturePacks/StarterContent.upack' (chunk index -1, root 'root:/') mounted
[2023.04.17-12.11.47:568][  0]LogShaderLibrary: Display: ShaderCodeLibraryPakFileMountedCallback: pending pak file info (ChunkID:-1 Root:root:/ File:E:/UnrealEngine/UE_4.27/FeaturePacks/StarterContent.upack)
[2023.04.17-12.11.47:568][  0]LogPakFile: OnPakFileMounted2Time == 0.000025
[2023.04.17-12.11.47:572][  0]LogPakFile: PakFile PrimaryIndexSize=190
[2023.04.17-12.11.47:572][  0]LogPakFile: PakFile PathHashIndexSize=101
[2023.04.17-12.11.47:572][  0]LogPakFile: PakFile FullDirectoryIndexSize=154
[2023.04.17-12.11.47:572][  0]LogShaderLibrary: Display: ShaderCodeLibraryPakFileMountedCallback: PakFile 'E:/UnrealEngine/UE_4.27/FeaturePacks/TP_2DSideScroller.upack' (chunk index -1, root 'root:/') mounted
[2023.04.17-12.11.47:572][  0]LogShaderLibrary: Display: ShaderCodeLibraryPakFileMountedCallback: pending pak file info (ChunkID:-1 Root:root:/ File:E:/UnrealEngine/UE_4.27/FeaturePacks/TP_2DSideScroller.upack)
[2023.04.17-12.11.47:572][  0]LogPakFile: OnPakFileMounted2Time == 0.000026
[2023.04.17-12.11.47:576][  0]LogPakFile: PakFile PrimaryIndexSize=192
[2023.04.17-12.11.47:576][  0]LogPakFile: PakFile PathHashIndexSize=101
[2023.04.17-12.11.47:576][  0]LogPakFile: PakFile FullDirectoryIndexSize=158
[2023.04.17-12.11.47:576][  0]LogShaderLibrary: Display: ShaderCodeLibraryPakFileMountedCallback: PakFile 'E:/UnrealEngine/UE_4.27/FeaturePacks/TP_2DSideScrollerBP.upack' (chunk index -1, root 'root:/') mounted
[2023.04.17-12.11.47:576][  0]LogShaderLibrary: Display: ShaderCodeLibraryPakFileMountedCallback: pending pak file info (ChunkID:-1 Root:root:/ File:E:/UnrealEngine/UE_4.27/FeaturePacks/TP_2DSideScrollerBP.upack)
[2023.04.17-12.11.47:576][  0]LogPakFile: OnPakFileMounted2Time == 0.000025
[2023.04.17-12.11.47:581][  0]LogPakFile: PakFile PrimaryIndexSize=182
[2023.04.17-12.11.47:581][  0]LogPakFile: PakFile PathHashIndexSize=101
[2023.04.17-12.11.47:581][  0]LogPakFile: PakFile FullDirectoryIndexSize=138
[2023.04.17-12.11.47:581][  0]LogShaderLibrary: Display: ShaderCodeLibraryPakFileMountedCallback: PakFile 'E:/UnrealEngine/UE_4.27/FeaturePacks/TP_Flying.upack' (chunk index -1, root 'root:/') mounted
[2023.04.17-12.11.47:581][  0]LogShaderLibrary: Display: ShaderCodeLibraryPakFileMountedCallback: pending pak file info (ChunkID:-1 Root:root:/ File:E:/UnrealEngine/UE_4.27/FeaturePacks/TP_Flying.upack)
[2023.04.17-12.11.47:581][  0]LogPakFile: OnPakFileMounted2Time == 0.000023
[2023.04.17-12.11.47:585][  0]LogPakFile: PakFile PrimaryIndexSize=184
[2023.04.17-12.11.47:585][  0]LogPakFile: PakFile PathHashIndexSize=101
[2023.04.17-12.11.47:585][  0]LogPakFile: PakFile FullDirectoryIndexSize=142
[2023.04.17-12.11.47:585][  0]LogShaderLibrary: Display: ShaderCodeLibraryPakFileMountedCallback: PakFile 'E:/UnrealEngine/UE_4.27/FeaturePacks/TP_FlyingBP.upack' (chunk index -1, root 'root:/') mounted
[2023.04.17-12.11.47:585][  0]LogShaderLibrary: Display: ShaderCodeLibraryPakFileMountedCallback: pending pak file info (ChunkID:-1 Root:root:/ File:E:/UnrealEngine/UE_4.27/FeaturePacks/TP_FlyingBP.upack)
[2023.04.17-12.11.47:585][  0]LogPakFile: OnPakFileMounted2Time == 0.000023
[2023.04.17-12.11.47:591][  0]LogPakFile: PakFile PrimaryIndexSize=188
[2023.04.17-12.11.47:591][  0]LogPakFile: PakFile PathHashIndexSize=101
[2023.04.17-12.11.47:591][  0]LogPakFile: PakFile FullDirectoryIndexSize=150
[2023.04.17-12.11.47:591][  0]LogShaderLibrary: Display: ShaderCodeLibraryPakFileMountedCallback: PakFile 'E:/UnrealEngine/UE_4.27/FeaturePacks/TP_HandheldARBP.upack' (chunk index -1, root 'root:/') mounted
[2023.04.17-12.11.47:591][  0]LogShaderLibrary: Display: ShaderCodeLibraryPakFileMountedCallback: pending pak file info (ChunkID:-1 Root:root:/ File:E:/UnrealEngine/UE_4.27/FeaturePacks/TP_HandheldARBP.upack)
[2023.04.17-12.11.47:591][  0]LogPakFile: OnPakFileMounted2Time == 0.000022
[2023.04.17-12.11.47:597][  0]LogPakFile: PakFile PrimaryIndexSize=182
[2023.04.17-12.11.47:597][  0]LogPakFile: PakFile PathHashIndexSize=101
[2023.04.17-12.11.47:597][  0]LogPakFile: PakFile FullDirectoryIndexSize=138
[2023.04.17-12.11.47:597][  0]LogShaderLibrary: Display: ShaderCodeLibraryPakFileMountedCallback: PakFile 'E:/UnrealEngine/UE_4.27/FeaturePacks/TP_Puzzle.upack' (chunk index -1, root 'root:/') mounted
[2023.04.17-12.11.47:597][  0]LogShaderLibrary: Display: ShaderCodeLibraryPakFileMountedCallback: pending pak file info (ChunkID:-1 Root:root:/ File:E:/UnrealEngine/UE_4.27/FeaturePacks/TP_Puzzle.upack)
[2023.04.17-12.11.47:597][  0]LogPakFile: OnPakFileMounted2Time == 0.000025
[2023.04.17-12.11.47:601][  0]LogPakFile: PakFile PrimaryIndexSize=184
[2023.04.17-12.11.47:601][  0]LogPakFile: PakFile PathHashIndexSize=101
[2023.04.17-12.11.47:601][  0]LogPakFile: PakFile FullDirectoryIndexSize=142
[2023.04.17-12.11.47:601][  0]LogShaderLibrary: Display: ShaderCodeLibraryPakFileMountedCallback: PakFile 'E:/UnrealEngine/UE_4.27/FeaturePacks/TP_PuzzleBP.upack' (chunk index -1, root 'root:/') mounted
[2023.04.17-12.11.47:601][  0]LogShaderLibrary: Display: ShaderCodeLibraryPakFileMountedCallback: pending pak file info (ChunkID:-1 Root:root:/ File:E:/UnrealEngine/UE_4.27/FeaturePacks/TP_PuzzleBP.upack)
[2023.04.17-12.11.47:601][  0]LogPakFile: OnPakFileMounted2Time == 0.000023
[2023.04.17-12.11.47:605][  0]LogPakFile: PakFile PrimaryIndexSize=183
[2023.04.17-12.11.47:605][  0]LogPakFile: PakFile PathHashIndexSize=101
[2023.04.17-12.11.47:605][  0]LogPakFile: PakFile FullDirectoryIndexSize=140
[2023.04.17-12.11.47:605][  0]LogShaderLibrary: Display: ShaderCodeLibraryPakFileMountedCallback: PakFile 'E:/UnrealEngine/UE_4.27/FeaturePacks/TP_Rolling.upack' (chunk index -1, root 'root:/') mounted
[2023.04.17-12.11.47:605][  0]LogShaderLibrary: Display: ShaderCodeLibraryPakFileMountedCallback: pending pak file info (ChunkID:-1 Root:root:/ File:E:/UnrealEngine/UE_4.27/FeaturePacks/TP_Rolling.upack)
[2023.04.17-12.11.47:605][  0]LogPakFile: OnPakFileMounted2Time == 0.000023
[2023.04.17-12.11.47:610][  0]LogPakFile: PakFile PrimaryIndexSize=185
[2023.04.17-12.11.47:610][  0]LogPakFile: PakFile PathHashIndexSize=101
[2023.04.17-12.11.47:610][  0]LogPakFile: PakFile FullDirectoryIndexSize=144
[2023.04.17-12.11.47:610][  0]LogShaderLibrary: Display: ShaderCodeLibraryPakFileMountedCallback: PakFile 'E:/UnrealEngine/UE_4.27/FeaturePacks/TP_RollingBP.upack' (chunk index -1, root 'root:/') mounted
[2023.04.17-12.11.47:610][  0]LogShaderLibrary: Display: ShaderCodeLibraryPakFileMountedCallback: pending pak file info (ChunkID:-1 Root:root:/ File:E:/UnrealEngine/UE_4.27/FeaturePacks/TP_RollingBP.upack)
[2023.04.17-12.11.47:610][  0]LogPakFile: OnPakFileMounted2Time == 0.000023
[2023.04.17-12.11.47:614][  0]LogPakFile: PakFile PrimaryIndexSize=188
[2023.04.17-12.11.47:614][  0]LogPakFile: PakFile PathHashIndexSize=101
[2023.04.17-12.11.47:614][  0]LogPakFile: PakFile FullDirectoryIndexSize=150
[2023.04.17-12.11.47:614][  0]LogShaderLibrary: Display: ShaderCodeLibraryPakFileMountedCallback: PakFile 'E:/UnrealEngine/UE_4.27/FeaturePacks/TP_SideScroller.upack' (chunk index -1, root 'root:/') mounted
[2023.04.17-12.11.47:614][  0]LogShaderLibrary: Display: ShaderCodeLibraryPakFileMountedCallback: pending pak file info (ChunkID:-1 Root:root:/ File:E:/UnrealEngine/UE_4.27/FeaturePacks/TP_SideScroller.upack)
[2023.04.17-12.11.47:614][  0]LogPakFile: OnPakFileMounted2Time == 0.000022
[2023.04.17-12.11.47:618][  0]LogPakFile: PakFile PrimaryIndexSize=190
[2023.04.17-12.11.47:618][  0]LogPakFile: PakFile PathHashIndexSize=101
[2023.04.17-12.11.47:618][  0]LogPakFile: PakFile FullDirectoryIndexSize=154
[2023.04.17-12.11.47:618][  0]LogShaderLibrary: Display: ShaderCodeLibraryPakFileMountedCallback: PakFile 'E:/UnrealEngine/UE_4.27/FeaturePacks/TP_SideScrollerBP.upack' (chunk index -1, root 'root:/') mounted
[2023.04.17-12.11.47:618][  0]LogShaderLibrary: Display: ShaderCodeLibraryPakFileMountedCallback: pending pak file info (ChunkID:-1 Root:root:/ File:E:/UnrealEngine/UE_4.27/FeaturePacks/TP_SideScrollerBP.upack)
[2023.04.17-12.11.47:618][  0]LogPakFile: OnPakFileMounted2Time == 0.000022
[2023.04.17-12.11.47:622][  0]LogPakFile: PakFile PrimaryIndexSize=187
[2023.04.17-12.11.47:622][  0]LogPakFile: PakFile PathHashIndexSize=101
[2023.04.17-12.11.47:622][  0]LogPakFile: PakFile FullDirectoryIndexSize=148
[2023.04.17-12.11.47:622][  0]LogShaderLibrary: Display: ShaderCodeLibraryPakFileMountedCallback: PakFile 'E:/UnrealEngine/UE_4.27/FeaturePacks/TP_ThirdPerson.upack' (chunk index -1, root 'root:/') mounted
[2023.04.17-12.11.47:622][  0]LogShaderLibrary: Display: ShaderCodeLibraryPakFileMountedCallback: pending pak file info (ChunkID:-1 Root:root:/ File:E:/UnrealEngine/UE_4.27/FeaturePacks/TP_ThirdPerson.upack)
[2023.04.17-12.11.47:622][  0]LogPakFile: OnPakFileMounted2Time == 0.000022
[2023.04.17-12.11.47:626][  0]LogPakFile: PakFile PrimaryIndexSize=189
[2023.04.17-12.11.47:626][  0]LogPakFile: PakFile PathHashIndexSize=101
[2023.04.17-12.11.47:626][  0]LogPakFile: PakFile FullDirectoryIndexSize=152
[2023.04.17-12.11.47:626][  0]LogShaderLibrary: Display: ShaderCodeLibraryPakFileMountedCallback: PakFile 'E:/UnrealEngine/UE_4.27/FeaturePacks/TP_ThirdPersonBP.upack' (chunk index -1, root 'root:/') mounted
[2023.04.17-12.11.47:626][  0]LogShaderLibrary: Display: ShaderCodeLibraryPakFileMountedCallback: pending pak file info (ChunkID:-1 Root:root:/ File:E:/UnrealEngine/UE_4.27/FeaturePacks/TP_ThirdPersonBP.upack)
[2023.04.17-12.11.47:626][  0]LogPakFile: OnPakFileMounted2Time == 0.000022
[2023.04.17-12.11.47:630][  0]LogPakFile: PakFile PrimaryIndexSize=183
[2023.04.17-12.11.47:631][  0]LogPakFile: PakFile PathHashIndexSize=101
[2023.04.17-12.11.47:631][  0]LogPakFile: PakFile FullDirectoryIndexSize=140
[2023.04.17-12.11.47:631][  0]LogShaderLibrary: Display: ShaderCodeLibraryPakFileMountedCallback: PakFile 'E:/UnrealEngine/UE_4.27/FeaturePacks/TP_TopDown.upack' (chunk index -1, root 'root:/') mounted
[2023.04.17-12.11.47:631][  0]LogShaderLibrary: Display: ShaderCodeLibraryPakFileMountedCallback: pending pak file info (ChunkID:-1 Root:root:/ File:E:/UnrealEngine/UE_4.27/FeaturePacks/TP_TopDown.upack)
[2023.04.17-12.11.47:631][  0]LogPakFile: OnPakFileMounted2Time == 0.000028
[2023.04.17-12.11.47:634][  0]LogPakFile: PakFile PrimaryIndexSize=185
[2023.04.17-12.11.47:634][  0]LogPakFile: PakFile PathHashIndexSize=101
[2023.04.17-12.11.47:634][  0]LogPakFile: PakFile FullDirectoryIndexSize=144
[2023.04.17-12.11.47:634][  0]LogShaderLibrary: Display: ShaderCodeLibraryPakFileMountedCallback: PakFile 'E:/UnrealEngine/UE_4.27/FeaturePacks/TP_TopDownBP.upack' (chunk index -1, root 'root:/') mounted
[2023.04.17-12.11.47:634][  0]LogShaderLibrary: Display: ShaderCodeLibraryPakFileMountedCallback: pending pak file info (ChunkID:-1 Root:root:/ File:E:/UnrealEngine/UE_4.27/FeaturePacks/TP_TopDownBP.upack)
[2023.04.17-12.11.47:635][  0]LogPakFile: OnPakFileMounted2Time == 0.000029
[2023.04.17-12.11.47:641][  0]LogPakFile: PakFile PrimaryIndexSize=185
[2023.04.17-12.11.47:641][  0]LogPakFile: PakFile PathHashIndexSize=101
[2023.04.17-12.11.47:641][  0]LogPakFile: PakFile FullDirectoryIndexSize=144
[2023.04.17-12.11.47:641][  0]LogShaderLibrary: Display: ShaderCodeLibraryPakFileMountedCallback: PakFile 'E:/UnrealEngine/UE_4.27/FeaturePacks/TP_TwinStick.upack' (chunk index -1, root 'root:/') mounted
[2023.04.17-12.11.47:641][  0]LogShaderLibrary: Display: ShaderCodeLibraryPakFileMountedCallback: pending pak file info (ChunkID:-1 Root:root:/ File:E:/UnrealEngine/UE_4.27/FeaturePacks/TP_TwinStick.upack)
[2023.04.17-12.11.47:641][  0]LogPakFile: OnPakFileMounted2Time == 0.000026
[2023.04.17-12.11.47:645][  0]LogPakFile: PakFile PrimaryIndexSize=187
[2023.04.17-12.11.47:645][  0]LogPakFile: PakFile PathHashIndexSize=101
[2023.04.17-12.11.47:645][  0]LogPakFile: PakFile FullDirectoryIndexSize=148
[2023.04.17-12.11.47:645][  0]LogShaderLibrary: Display: ShaderCodeLibraryPakFileMountedCallback: PakFile 'E:/UnrealEngine/UE_4.27/FeaturePacks/TP_TwinStickBP.upack' (chunk index -1, root 'root:/') mounted
[2023.04.17-12.11.47:645][  0]LogShaderLibrary: Display: ShaderCodeLibraryPakFileMountedCallback: pending pak file info (ChunkID:-1 Root:root:/ File:E:/UnrealEngine/UE_4.27/FeaturePacks/TP_TwinStickBP.upack)
[2023.04.17-12.11.47:645][  0]LogPakFile: OnPakFileMounted2Time == 0.000023
[2023.04.17-12.11.47:650][  0]LogPakFile: PakFile PrimaryIndexSize=183
[2023.04.17-12.11.47:650][  0]LogPakFile: PakFile PathHashIndexSize=101
[2023.04.17-12.11.47:650][  0]LogPakFile: PakFile FullDirectoryIndexSize=140
[2023.04.17-12.11.47:650][  0]LogShaderLibrary: Display: ShaderCodeLibraryPakFileMountedCallback: PakFile 'E:/UnrealEngine/UE_4.27/FeaturePacks/TP_Vehicle.upack' (chunk index -1, root 'root:/') mounted
[2023.04.17-12.11.47:650][  0]LogShaderLibrary: Display: ShaderCodeLibraryPakFileMountedCallback: pending pak file info (ChunkID:-1 Root:root:/ File:E:/UnrealEngine/UE_4.27/FeaturePacks/TP_Vehicle.upack)
[2023.04.17-12.11.47:650][  0]LogPakFile: OnPakFileMounted2Time == 0.000022
[2023.04.17-12.11.47:655][  0]LogPakFile: PakFile PrimaryIndexSize=186
[2023.04.17-12.11.47:655][  0]LogPakFile: PakFile PathHashIndexSize=101
[2023.04.17-12.11.47:655][  0]LogPakFile: PakFile FullDirectoryIndexSize=146
[2023.04.17-12.11.47:655][  0]LogShaderLibrary: Display: ShaderCodeLibraryPakFileMountedCallback: PakFile 'E:/UnrealEngine/UE_4.27/FeaturePacks/TP_VehicleAdv.upack' (chunk index -1, root 'root:/') mounted
[2023.04.17-12.11.47:655][  0]LogShaderLibrary: Display: ShaderCodeLibraryPakFileMountedCallback: pending pak file info (ChunkID:-1 Root:root:/ File:E:/UnrealEngine/UE_4.27/FeaturePacks/TP_VehicleAdv.upack)
[2023.04.17-12.11.47:655][  0]LogPakFile: OnPakFileMounted2Time == 0.000029
[2023.04.17-12.11.47:660][  0]LogPakFile: PakFile PrimaryIndexSize=188
[2023.04.17-12.11.47:660][  0]LogPakFile: PakFile PathHashIndexSize=101
[2023.04.17-12.11.47:660][  0]LogPakFile: PakFile FullDirectoryIndexSize=150
[2023.04.17-12.11.47:660][  0]LogShaderLibrary: Display: ShaderCodeLibraryPakFileMountedCallback: PakFile 'E:/UnrealEngine/UE_4.27/FeaturePacks/TP_VehicleAdvBP.upack' (chunk index -1, root 'root:/') mounted
[2023.04.17-12.11.47:660][  0]LogShaderLibrary: Display: ShaderCodeLibraryPakFileMountedCallback: pending pak file info (ChunkID:-1 Root:root:/ File:E:/UnrealEngine/UE_4.27/FeaturePacks/TP_VehicleAdvBP.upack)
[2023.04.17-12.11.47:660][  0]LogPakFile: OnPakFileMounted2Time == 0.000028
[2023.04.17-12.11.47:665][  0]LogPakFile: PakFile PrimaryIndexSize=185
[2023.04.17-12.11.47:665][  0]LogPakFile: PakFile PathHashIndexSize=101
[2023.04.17-12.11.47:665][  0]LogPakFile: PakFile FullDirectoryIndexSize=144
[2023.04.17-12.11.47:665][  0]LogShaderLibrary: Display: ShaderCodeLibraryPakFileMountedCallback: PakFile 'E:/UnrealEngine/UE_4.27/FeaturePacks/TP_VehicleBP.upack' (chunk index -1, root 'root:/') mounted
[2023.04.17-12.11.47:665][  0]LogShaderLibrary: Display: ShaderCodeLibraryPakFileMountedCallback: pending pak file info (ChunkID:-1 Root:root:/ File:E:/UnrealEngine/UE_4.27/FeaturePacks/TP_VehicleBP.upack)
[2023.04.17-12.11.47:665][  0]LogPakFile: OnPakFileMounted2Time == 0.000031
[2023.04.17-12.11.47:670][  0]LogPakFile: PakFile PrimaryIndexSize=192
[2023.04.17-12.11.47:670][  0]LogPakFile: PakFile PathHashIndexSize=101
[2023.04.17-12.11.47:670][  0]LogPakFile: PakFile FullDirectoryIndexSize=158
[2023.04.17-12.11.47:670][  0]LogShaderLibrary: Display: ShaderCodeLibraryPakFileMountedCallback: PakFile 'E:/UnrealEngine/UE_4.27/FeaturePacks/TP_VirtualRealityBP.upack' (chunk index -1, root 'root:/') mounted
[2023.04.17-12.11.47:670][  0]LogShaderLibrary: Display: ShaderCodeLibraryPakFileMountedCallback: pending pak file info (ChunkID:-1 Root:root:/ File:E:/UnrealEngine/UE_4.27/FeaturePacks/TP_VirtualRealityBP.upack)
[2023.04.17-12.11.47:670][  0]LogPakFile: OnPakFileMounted2Time == 0.000030
[2023.04.17-12.11.47:911][  0]LogNativeClassHierarchy: Verbose: Native class hierarchy updated for 'AddContentDialog' in 0.0002 seconds. Added 0 classes and 0 folders.
[2023.04.17-12.11.47:912][  0]LogNativeClassHierarchy: Verbose: Native class hierarchy updated for 'SceneOutliner' in 0.0002 seconds. Added 2 classes and 0 folders.
[2023.04.17-12.11.47:933][  0]LogNativeClassHierarchy: Verbose: Native class hierarchy updated for 'HierarchicalLODOutliner' in 0.0002 seconds. Added 0 classes and 0 folders.
[2023.04.17-12.11.47:933][  0]LogInput: Warning: Action SetDestination uses invalid key OculusGo_Left_Trigger_Click.
[2023.04.17-12.11.47:933][  0]LogInput: Warning: Action ResetVR uses invalid key OculusGo_Left_Back_Click.
[2023.04.17-12.11.47:933][  0]LogInput: Warning: Use -RemoveInvalidKeys to remove instances of these keys from the action mapping.
[2023.04.17-12.11.47:933][  0]LogLoad: (Engine Initialization) Total time: 5.19 seconds
[2023.04.17-12.11.47:933][  0]LogLoad: (Engine Initialization) Total Blueprint compile time: 0.00 seconds
[2023.04.17-12.11.47:962][  0]LogAssetRegistry: Asset discovery search completed in 3.2741 seconds
[2023.04.17-12.11.47:964][  0]LogCollectionManager: Fixed up redirectors for 0 collections in 0.000003 seconds (updated 0 objects)
[2023.04.17-12.11.47:965][  0]LogContentStreaming: Texture pool size now 1000 MB
[2023.04.17-12.11.47:969][  0]LogSlate: Took 0.000103 seconds to synchronously load lazily loaded font '../../../Engine/Content/Slate/Fonts/Roboto-Regular.ttf' (155K)
[2023.04.17-12.11.47:974][  0]LogSlate: Took 0.004748 seconds to synchronously load lazily loaded font '../../../Engine/Content/Editor/Slate/Fonts/FontAwesome.ttf' (139K)
[2023.04.17-12.11.47:975][  0]LogSlate: Took 0.000085 seconds to synchronously load lazily loaded font '../../../Engine/Content/Slate/Fonts/Roboto-Bold.ttf' (160K)
[2023.04.17-12.11.48:058][  1]LogRenderer: Reallocating scene render targets to support 860x360 Format 10 NumSamples 1 (Frame:1).
[2023.04.17-12.12.16:793][381]LogRenderer: Reallocating scene render targets to support 1152x792 Format 10 NumSamples 1 (Frame:3296).
[2023.04.17-12.12.24:235][404]LogRenderer: Reallocating scene render targets to support 1312x792 Format 10 NumSamples 1 (Frame:3300).
